#
# A fatal error has been detected by the Java Runtime Environment:
#
#  EXCEPTION_ACCESS_VIOLATION (0xc0000005) at pc=0x00007ffe3f272df2, pid=12068, tid=35592
#
# JRE version: OpenJDK Runtime Environment Temurin-21.0.9+10 (21.0.9+10) (build 21.0.9+10-LTS)
# Java VM: OpenJDK 64-Bit Server VM Temurin-21.0.9+10 (21.0.9+10-LTS, mixed mode, sharing, tiered, compressed oops, compressed class ptrs, parallel gc, windows-amd64)
# Problematic frame:
# V  [jvm.dll+0x302df2]
#
# No core dump will be written. Minidumps are not enabled by default on client versions of Windows
#
# If you would like to submit a bug report, please visit:
#   https://github.com/adoptium/adoptium-support/issues
#

---------------  S U M M A R Y ------------

Command Line: --add-modules=ALL-SYSTEM --add-opens=java.base/java.util=ALL-UNNAMED --add-opens=java.base/java.lang=ALL-UNNAMED --add-opens=java.base/sun.nio.fs=ALL-UNNAMED -Declipse.application=org.eclipse.jdt.ls.core.id1 -Dosgi.bundles.defaultStartLevel=4 -Declipse.product=org.eclipse.jdt.ls.core.product -Djava.import.generatesMetadataFilesAtProjectRoot=false -DDetectVMInstallationsJob.disabled=true -Dfile.encoding=utf8 -XX:+UseParallelGC -XX:GCTimeRatio=4 -XX:AdaptiveSizePolicyWeight=90 -Dsun.zip.disableMemoryMapping=true -Xmx2G -Xms100m -Xlog:disable -javaagent:c:\Users\thoma\.vscode\extensions\redhat.java-1.51.0-win32-x64\lombok\lombok-1.18.39-4050.jar -XX:+HeapDumpOnOutOfMemoryError -XX:HeapDumpPath=c:\Users\thoma\AppData\Roaming\Code\User\workspaceStorage\545c5f00d3e29165acb367e6c5dfbc4f\redhat.java -Daether.dependencyCollector.impl=bf c:\Users\thoma\.vscode\extensions\redhat.java-1.51.0-win32-x64\server\plugins\org.eclipse.equinox.launcher_1.7.100.v20251111-0406.jar -configuration c:\Users\thoma\AppData\Roaming\Code\User\globalStorage\redhat.java\1.51.0\config_win -data c:\Users\thoma\AppData\Roaming\Code\User\workspaceStorage\545c5f00d3e29165acb367e6c5dfbc4f\redhat.java\jdt_ws --pipe=\\.\pipe\lsp-f1762a0c60d27d618b61f0162e2bba52-sock

Host: Intel(R) Core(TM) i9-14900HX, 32 cores, 63G,  Windows 11 , 64 bit Build 26100 (10.0.26100.7623)
Time: Tue Jan 27 15:47:59 2026 Île Maurice elapsed time: 8.166319 seconds (0d 0h 0m 8s)

---------------  T H R E A D  ---------------

Current thread (0x00000225693e0d10):  JavaThread "C2 CompilerThread5" daemon [_thread_in_native, id=35592, stack(0x00000078e2600000,0x00000078e2700000) (1024K)]


Current CompileTask:
C2:8166 13770       4       org.eclipse.jdt.internal.compiler.lookup.LookupEnvironment::getTypeFromTypeSignature (770 bytes)

Stack: [0x00000078e2600000,0x00000078e2700000],  sp=0x00000078e26fc030,  free space=1008k
Native frames: (J=compiled Java code, j=interpreted, Vv=VM code, C=native code)
V  [jvm.dll+0x302df2]
V  [jvm.dll+0x302bbf]
V  [jvm.dll+0x3037cc]
V  [jvm.dll+0x304a9b]
V  [jvm.dll+0x3059cc]
V  [jvm.dll+0x30656c]
V  [jvm.dll+0x24d74f]
V  [jvm.dll+0x24b482]
V  [jvm.dll+0x1cb13e]
V  [jvm.dll+0x25b29d]
V  [jvm.dll+0x25982a]
V  [jvm.dll+0x3f7ea6]
V  [jvm.dll+0x85e9ad]
V  [jvm.dll+0x6d565d]
C  [ucrtbase.dll+0x37b0]
C  [KERNEL32.DLL+0x2e8d7]
C  [ntdll.dll+0x8c53c]


siginfo: EXCEPTION_ACCESS_VIOLATION (0xc0000005), data execution prevention violation at address 0x00007ffebfa7adf2


Registers:
RAX=0x000000002fed6020, RBX=0x0000000000000006, RCX=0x000000002fed6020, RDX=0x000002256618fb78
RSP=0x00000078e26fc030, RBP=0x0000000000000005, RSI=0x000002256618dd78, RDI=0x0000022567a81720
R8 =0x0000000000000020, R9 =0x0000000000000010, R10=0x00007fff30ab0000, R11=0x00007fff30ac1a66
R12=0x0000022573c595f0, R13=0x0000000000000023, R14=0x0000000000000000, R15=0x0000000000000170
RIP=0x00007ffe3f272df2, EFLAGS=0x0000000000010202

XMM[0]=0x0000000000000000 0x0000000000000000
XMM[1]=0x0000000000000000 0x402a000000000000
XMM[2]=0x0000000000000000 0x3f98782c6187da54
XMM[3]=0x000002255c7bc3a0 0x000002255c7bc2d0
XMM[4]=0x000002255c7bc630 0x000002255c7bc4d8
XMM[5]=0x000002255c7be5f8 0x000002255c7be560
XMM[6]=0x0000000000000000 0x3f94fc4ced189caf
XMM[7]=0x0000000000000000 0x3fd0000000000000
XMM[8]=0x0000000000000000 0x0000000000000000
XMM[9]=0x0000000000000000 0x0000000000000000
XMM[10]=0x0000000000000000 0x0000000000000000
XMM[11]=0x0000000000000000 0x0000000000000000
XMM[12]=0x0000000000000000 0x0000000000000000
XMM[13]=0x0000000000000000 0x0000000000000000
XMM[14]=0x0000000000000000 0x0000000000000000
XMM[15]=0x0000000000000000 0x0000000000000000
  MXCSR=0x00001fa0


Register to memory mapping:

RAX=0x000000002fed6020 is an unknown value
RBX=0x0000000000000006 is an unknown value
RCX=0x000000002fed6020 is an unknown value
RDX=0x000002256618fb78 points into unknown readable memory: 0xcff8f1902fed6020 | 20 60 ed 2f 90 f1 f8 cf
RSP=0x00000078e26fc030 is pointing into the stack for thread: 0x00000225693e0d10
RBP=0x0000000000000005 is an unknown value
RSI=0x000002256618dd78 points into unknown readable memory: 0x000000200000001c | 1c 00 00 00 20 00 00 00
RDI=0x0000022567a81720 points into unknown readable memory: 0x0000227000002270 | 70 22 00 00 70 22 00 00
R8 =0x0000000000000020 is an unknown value
R9 =0x0000000000000010 is an unknown value
R10=0x00007fff30ab0000 VCRUNTIME140.dll
R11=0x00007fff30ac1a66 VCRUNTIME140.dll
R12=0x0000022573c595f0 points into unknown readable memory: 0x0000008000000051 | 51 00 00 00 80 00 00 00
R13=0x0000000000000023 is an unknown value
R14=0x0 is null
R15=0x0000000000000170 is an unknown value

Top of Stack: (sp=0x00000078e26fc030)
0x00000078e26fc030:   0000000000000007 0000000000000005
0x00000078e26fc040:   0000022567a81720 0000000000000001
0x00000078e26fc050:   0000022573c5df68 0000000000001510
0x00000078e26fc060:   0000022567a81720 0000000000000001
0x00000078e26fc070:   000002256618dd78 0000022573c58068
0x00000078e26fc080:   0000000000000008 00007ffe3f272bbf
0x00000078e26fc090:   0000000000000029 0000022573c5df68
0x00000078e26fc0a0:   0000000000000010 0000022573c5e720
0x00000078e26fc0b0:   000000000000000b 0000000000000039
0x00000078e26fc0c0:   0000022573c592b0 0000000000000020
0x00000078e26fc0d0:   0000022567a81720 0000022573c5df68
0x00000078e26fc0e0:   0000000000000000 00007ffe3f2737cc
0x00000078e26fc0f0:   0000000000000630 0000000000000010
0x00000078e26fc100:   0000000000000001 00007ffe3f80db1e
0x00000078e26fc110:   000002255c7bcb30 00007ffe3f7d9f26
0x00000078e26fc120:   0000000000000004 0000022567a81720
0x00000078e26fc130:   0000000000000039 0000000000000000
0x00000078e26fc140:   000000000000000b 000000000000002e
0x00000078e26fc150:   0000000000000015 00007ffe3f274a9b
0x00000078e26fc160:   0000000000000630 000000000000002e
0x00000078e26fc170:   0000007800000000 0000000000000020
0x00000078e26fc180:   0000000467a81700 00007ffe00000039
0x00000078e26fc190:   0000000000000039 0000000000032089
0x00000078e26fc1a0:   0000000004dd56e1 0000000000000001
0x00000078e26fc1b0:   0000000000000000 0000000004da3645
0x00000078e26fc1c0:   0000022567a81701 00007ffe3f272ef2
0x00000078e26fc1d0:   0000000000000000 0000000000000000
0x00000078e26fc1e0:   0000000000000000 0000000000000000
0x00000078e26fc1f0:   0000000000000200 0000000000000100
0x00000078e26fc200:   0000022567a81790 000002256785d430
0x00000078e26fc210:   0000022567a81720 00000078e26fe740
0x00000078e26fc220:   00000078e26fc330 00007ffe3f2759cc 

Instructions: (pc=0x00007ffe3f272df2)
0x00007ffe3f272cf2:   24 78 e8 47 71 d0 ff 4c 8b 44 24 68 8b 54 24 70
0x00007ffe3f272d02:   49 83 c6 08 4c 63 ca 49 83 ef 01 0f 85 5d ff ff
0x00007ffe3f272d12:   ff 48 83 c4 20 41 5f 41 5e 41 5c 5f 5e 5d 5b c3
0x00007ffe3f272d22:   4c 3b a1 c8 00 00 00 0f 84 e2 00 00 00 4c 3b 61
0x00007ffe3f272d32:   58 0f 84 d8 00 00 00 41 8b 04 24 85 c0 0f 8e cc
0x00007ffe3f272d42:   00 00 00 45 33 f6 4c 89 6c 24 60 45 8b fe 44 8b
0x00007ffe3f272d52:   e8 49 8b 44 24 08 49 8b 04 07 80 78 30 04 0f 84
0x00007ffe3f272d62:   95 00 00 00 49 3b c0 0f 84 8c 00 00 00 44 38 70
0x00007ffe3f272d72:   64 0f 84 82 00 00 00 8b 48 60 3b ca 74 11 49 81
0x00007ffe3f272d82:   f9 ff 6b ca 88 74 08 81 f9 ff 6b ca 88 75 6a 48
0x00007ffe3f272d92:   89 44 24 78 41 8b d6 a8 01 74 07 8b 57 50 48 83
0x00007ffe3f272da2:   e0 fe 8b 68 44 03 ea 8b dd c1 eb 05 3b 5f 30 72
0x00007ffe3f272db2:   0b 8b d3 48 8d 4f 30 e8 d2 ad 59 00 48 8b 47 38
0x00007ffe3f272dc2:   83 e5 1f 48 8d 14 98 40 0f b6 cd 41 b8 01 00 00
0x00007ffe3f272dd2:   00 41 d3 e0 8b 0a 8b c1 41 0b c0 89 02 41 85 c8
0x00007ffe3f272de2:   75 0e 48 8d 4f 18 48 8d 54 24 78 e8 4e 70 d0 ff
0x00007ffe3f272df2:   4c 8b 44 24 68 8b 54 24 70 49 83 c7 08 4c 63 ca
0x00007ffe3f272e02:   49 83 ed 01 0f 85 47 ff ff ff 4c 8b 6c 24 60 48
0x00007ffe3f272e12:   83 c4 20 41 5f 41 5e 41 5c 5f 5e 5d 5b c3 40 53
0x00007ffe3f272e22:   57 41 56 48 83 ec 40 48 8b 41 08 48 8b da 4c 63
0x00007ffe3f272e32:   42 28 48 8b f9 4e 8b 34 c0 8b 42 2c 83 e0 07 3c
0x00007ffe3f272e42:   07 75 0d 48 83 c4 40 41 5e 5f 5b e9 6e 58 00 00
0x00007ffe3f272e52:   48 8b 02 48 8b cb 48 89 6c 24 60 ff 10 48 8b 0d
0x00007ffe3f272e62:   fa 2c 99 00 4c 8b cb 4c 8b 47 68 48 8b d7 8b e8
0x00007ffe3f272e72:   89 44 24 20 48 8b 49 28 4c 8b 11 41 ff 92 18 01
0x00007ffe3f272e82:   00 00 84 c0 0f 85 75 03 00 00 48 89 74 24 68 81
0x00007ffe3f272e92:   fd 1a 01 00 00 0f 8f 49 02 00 00 0f 84 3a 02 00
0x00007ffe3f272ea2:   00 8d 45 e7 3d fa 00 00 00 0f 87 fc 03 00 00 4c
0x00007ffe3f272eb2:   8d 05 48 d1 cf ff 48 98 41 0f b6 84 00 f8 32 30
0x00007ffe3f272ec2:   00 41 8b 8c 80 d0 32 30 00 49 03 c8 ff e1 48 8b
0x00007ffe3f272ed2:   d3 48 8b cf e8 05 46 00 00 4c 8b 47 08 49 8b d6
0x00007ffe3f272ee2:   48 63 48 28 4d 8b 04 c8 48 8b cf e8 ae f6 ff ff 


Stack slot to memory mapping:

stack at sp + 0 slots: 0x0000000000000007 is an unknown value
stack at sp + 1 slots: 0x0000000000000005 is an unknown value
stack at sp + 2 slots: 0x0000022567a81720 points into unknown readable memory: 0x0000227000002270 | 70 22 00 00 70 22 00 00
stack at sp + 3 slots: 0x0000000000000001 is an unknown value
stack at sp + 4 slots: 0x0000022573c5df68 points into unknown readable memory: 0x000000200000001c | 1c 00 00 00 20 00 00 00
stack at sp + 5 slots: 0x0000000000001510 is an unknown value
stack at sp + 6 slots: 0x0000022567a81720 points into unknown readable memory: 0x0000227000002270 | 70 22 00 00 70 22 00 00
stack at sp + 7 slots: 0x0000000000000001 is an unknown value


---------------  P R O C E S S  ---------------

Threads class SMR info:
_java_thread_list=0x0000022565a27490, length=133, elements={
0x0000022542243150, 0x000002254479da10, 0x000002255b174f70, 0x000002255b175890,
0x000002255b17ca30, 0x000002255b1821f0, 0x000002255b182c40, 0x000002255b184b00,
0x000002255b189a50, 0x000002255c764a60, 0x000002255c764250, 0x000002255c765100,
0x000002255c865f70, 0x000002255c870630, 0x000002256411bcc0, 0x0000022564115f20,
0x0000022564180fb0, 0x0000022564976030, 0x0000022564775150, 0x0000022564d45ea0,
0x0000022564ce7ca0, 0x00000225649c6fb0, 0x0000022564eed370, 0x00000225652147e0,
0x00000225651ae510, 0x00000225651b05e0, 0x00000225651af230, 0x00000225651ad7f0,
0x00000225651aeba0, 0x00000225651af8c0, 0x00000225651aff50, 0x00000225651b0c70,
0x0000022568a66a00, 0x0000022568a64fc0, 0x0000022568a67090, 0x0000022568a642a0,
0x0000022568a64930, 0x0000022568a66370, 0x0000022568a65650, 0x0000022568a67db0,
0x0000022568a67720, 0x0000022568a69160, 0x0000022568a68440, 0x0000022568a68ad0,
0x0000022568a65ce0, 0x0000022568a697f0, 0x0000022568a6a510, 0x0000022568a6aba0,
0x0000022568a6b230, 0x0000022568a6b8c0, 0x0000022568a69e80, 0x0000022568b64a70,
0x0000022568b643e0, 0x0000022568b65100, 0x0000022568b65790, 0x0000022568b65e20,
0x0000022568b664b0, 0x0000022568b671d0, 0x0000022568b66b40, 0x0000022568b63d50,
0x0000022568b6a650, 0x0000022568b692a0, 0x0000022568b6ace0, 0x0000022568b68580,
0x0000022568b68c10, 0x0000022568b69930, 0x0000022568b67860, 0x0000022568b67ef0,
0x0000022568b69fc0, 0x0000022568b6b370, 0x000002256a281520, 0x000002256a281bb0,
0x000002256a280e90, 0x000002256a282240, 0x000002256a285030, 0x000002256a283c80,
0x000002256a2828d0, 0x000002256a282f60, 0x000002256a2863e0, 0x000002256a286a70,
0x000002256a284310, 0x000002256a2849a0, 0x000002256a2835f0, 0x000002256a287790,
0x000002256a2856c0, 0x000002256a287100, 0x000002256a287e20, 0x000002256a2884b0,
0x0000022567d0f170, 0x0000022567d10bb0, 0x0000022567d0d730, 0x0000022567d0f800,
0x0000022567d0ddc0, 0x0000022567d0e450, 0x0000022567d0fe90, 0x0000022573045140,
0x00000225730478a0, 0x0000022573046b80, 0x0000022573045e60, 0x00000225730457d0,
0x0000022572f7d710, 0x0000022572f7e430, 0x0000022572f7c360, 0x0000022572f7c9f0,
0x0000022572f7eac0, 0x0000022572f7bcd0, 0x0000022572f7f150, 0x0000022572f7fe70,
0x0000022572f7d080, 0x0000022572f81220, 0x0000022572f81f40, 0x0000022572f818b0,
0x0000022572f7f7e0, 0x0000022572f825d0, 0x0000022572f80500, 0x0000022572f80b90,
0x000002256989c2c0, 0x000002256989d670, 0x000002256989af10, 0x000002256989a1f0,
0x000002256989c950, 0x000002256989cfe0, 0x000002256989bc30, 0x000002256989dd00,
0x000002256989a880, 0x000002256989e390, 0x000002256989ea20, 0x000002256989b5a0,
0x000002256989f740, 0x00000225698a1180, 0x00000225693df8a0, 0x00000225693e0d10,
0x00000225693df1d0
}

Java Threads: ( => current thread )
  0x0000022542243150 JavaThread "main"                              [_thread_blocked, id=40160, stack(0x00000078ded00000,0x00000078dee00000) (1024K)]
  0x000002254479da10 JavaThread "Reference Handler"          daemon [_thread_blocked, id=34844, stack(0x00000078df100000,0x00000078df200000) (1024K)]
  0x000002255b174f70 JavaThread "Finalizer"                  daemon [_thread_blocked, id=37696, stack(0x00000078df200000,0x00000078df300000) (1024K)]
  0x000002255b175890 JavaThread "Signal Dispatcher"          daemon [_thread_blocked, id=36020, stack(0x00000078df300000,0x00000078df400000) (1024K)]
  0x000002255b17ca30 JavaThread "Attach Listener"            daemon [_thread_blocked, id=31980, stack(0x00000078df400000,0x00000078df500000) (1024K)]
  0x000002255b1821f0 JavaThread "Service Thread"             daemon [_thread_blocked, id=36840, stack(0x00000078df500000,0x00000078df600000) (1024K)]
  0x000002255b182c40 JavaThread "Monitor Deflation Thread"   daemon [_thread_blocked, id=22268, stack(0x00000078df600000,0x00000078df700000) (1024K)]
  0x000002255b184b00 JavaThread "C2 CompilerThread0"         daemon [_thread_blocked, id=33644, stack(0x00000078df700000,0x00000078df800000) (1024K)]
  0x000002255b189a50 JavaThread "C1 CompilerThread0"         daemon [_thread_blocked, id=2208, stack(0x00000078df800000,0x00000078df900000) (1024K)]
  0x000002255c764a60 JavaThread "C1 CompilerThread1"         daemon [_thread_blocked, id=32892, stack(0x00000078df900000,0x00000078dfa00000) (1024K)]
  0x000002255c764250 JavaThread "C1 CompilerThread2"         daemon [_thread_blocked, id=38112, stack(0x00000078dfa00000,0x00000078dfb00000) (1024K)]
  0x000002255c765100 JavaThread "C1 CompilerThread3"         daemon [_thread_blocked, id=17416, stack(0x00000078dfb00000,0x00000078dfc00000) (1024K)]
  0x000002255c865f70 JavaThread "C2 CompilerThread1"         daemon [_thread_blocked, id=27568, stack(0x00000078dfc00000,0x00000078dfd00000) (1024K)]
  0x000002255c870630 JavaThread "C2 CompilerThread2"         daemon [_thread_blocked, id=35988, stack(0x00000078dfd00000,0x00000078dfe00000) (1024K)]
  0x000002256411bcc0 JavaThread "Common-Cleaner"             daemon [_thread_blocked, id=30116, stack(0x00000078dfe00000,0x00000078dff00000) (1024K)]
  0x0000022564115f20 JavaThread "C1 CompilerThread4"         daemon [_thread_blocked, id=12076, stack(0x00000078dff00000,0x00000078e0000000) (1024K)]
  0x0000022564180fb0 JavaThread "Notification Thread"        daemon [_thread_blocked, id=8356, stack(0x00000078e0000000,0x00000078e0100000) (1024K)]
  0x0000022564976030 JavaThread "C2 CompilerThread3"         daemon [_thread_blocked, id=31684, stack(0x00000078e0100000,0x00000078e0200000) (1024K)]
  0x0000022564775150 JavaThread "Active Thread: Equinox Container: 4e4b1bcb-9d0b-42a9-8daf-ae0be937e37c"        [_thread_blocked, id=39320, stack(0x00000078e0800000,0x00000078e0900000) (1024K)]
  0x0000022564d45ea0 JavaThread "Refresh Thread: Equinox Container: 4e4b1bcb-9d0b-42a9-8daf-ae0be937e37c" daemon [_thread_blocked, id=37340, stack(0x00000078e0a00000,0x00000078e0b00000) (1024K)]
  0x0000022564ce7ca0 JavaThread "Framework Event Dispatcher: Equinox Container: 4e4b1bcb-9d0b-42a9-8daf-ae0be937e37c" daemon [_thread_blocked, id=5884, stack(0x00000078e0b00000,0x00000078e0c00000) (1024K)]
  0x00000225649c6fb0 JavaThread "Start Level: Equinox Container: 4e4b1bcb-9d0b-42a9-8daf-ae0be937e37c" daemon [_thread_blocked, id=13096, stack(0x00000078e0c00000,0x00000078e0d00000) (1024K)]
  0x0000022564eed370 JavaThread "Bundle File Closer"         daemon [_thread_blocked, id=38444, stack(0x00000078e1000000,0x00000078e1100000) (1024K)]
  0x00000225652147e0 JavaThread "SCR Component Actor"        daemon [_thread_blocked, id=39400, stack(0x00000078e1100000,0x00000078e1200000) (1024K)]
  0x00000225651ae510 JavaThread "Worker-JM"                         [_thread_blocked, id=38284, stack(0x00000078e1200000,0x00000078e1300000) (1024K)]
  0x00000225651b05e0 JavaThread "JNA Cleaner"                daemon [_thread_blocked, id=35892, stack(0x00000078e1500000,0x00000078e1600000) (1024K)]
  0x00000225651af230 JavaThread "Worker-0"                          [_thread_blocked, id=39804, stack(0x00000078e1600000,0x00000078e1700000) (1024K)]
  0x00000225651ad7f0 JavaThread "Worker-1"                          [_thread_blocked, id=38564, stack(0x00000078e1700000,0x00000078e1800000) (1024K)]
  0x00000225651aeba0 JavaThread "Worker-2"                          [_thread_blocked, id=20996, stack(0x00000078e1c00000,0x00000078e1d00000) (1024K)]
  0x00000225651af8c0 JavaThread "Java indexing"              daemon [_thread_blocked, id=39996, stack(0x00000078e2000000,0x00000078e2100000) (1024K)]
  0x00000225651aff50 JavaThread "Worker-3"                          [_thread_blocked, id=34932, stack(0x00000078e2100000,0x00000078e2200000) (1024K)]
  0x00000225651b0c70 JavaThread "Thread-1"                   daemon [_thread_in_native, id=20432, stack(0x00000078e2a00000,0x00000078e2b00000) (1024K)]
  0x0000022568a66a00 JavaThread "Thread-2"                   daemon [_thread_in_native, id=25508, stack(0x00000078e2b00000,0x00000078e2c00000) (1024K)]
  0x0000022568a64fc0 JavaThread "Thread-3"                   daemon [_thread_in_native, id=32804, stack(0x00000078e2c00000,0x00000078e2d00000) (1024K)]
  0x0000022568a67090 JavaThread "Thread-4"                   daemon [_thread_in_native, id=37076, stack(0x00000078e2d00000,0x00000078e2e00000) (1024K)]
  0x0000022568a642a0 JavaThread "Thread-5"                   daemon [_thread_in_native, id=10884, stack(0x00000078e2e00000,0x00000078e2f00000) (1024K)]
  0x0000022568a64930 JavaThread "Thread-6"                   daemon [_thread_in_native, id=37112, stack(0x00000078e2f00000,0x00000078e3000000) (1024K)]
  0x0000022568a66370 JavaThread "Thread-7"                   daemon [_thread_in_native, id=30008, stack(0x00000078e3000000,0x00000078e3100000) (1024K)]
  0x0000022568a65650 JavaThread "Thread-8"                   daemon [_thread_in_native, id=39764, stack(0x00000078e3100000,0x00000078e3200000) (1024K)]
  0x0000022568a67db0 JavaThread "Thread-9"                   daemon [_thread_in_native, id=11392, stack(0x00000078e3200000,0x00000078e3300000) (1024K)]
  0x0000022568a67720 JavaThread "Thread-10"                  daemon [_thread_in_native, id=18240, stack(0x00000078e3300000,0x00000078e3400000) (1024K)]
  0x0000022568a69160 JavaThread "Thread-11"                  daemon [_thread_in_native, id=23748, stack(0x00000078e3400000,0x00000078e3500000) (1024K)]
  0x0000022568a68440 JavaThread "Thread-12"                  daemon [_thread_in_native, id=35124, stack(0x00000078e3500000,0x00000078e3600000) (1024K)]
  0x0000022568a68ad0 JavaThread "Thread-13"                  daemon [_thread_in_native, id=37188, stack(0x00000078e3600000,0x00000078e3700000) (1024K)]
  0x0000022568a65ce0 JavaThread "Thread-14"                  daemon [_thread_in_native, id=36348, stack(0x00000078e3700000,0x00000078e3800000) (1024K)]
  0x0000022568a697f0 JavaThread "Thread-15"                  daemon [_thread_in_native, id=25776, stack(0x00000078e3800000,0x00000078e3900000) (1024K)]
  0x0000022568a6a510 JavaThread "Thread-16"                  daemon [_thread_in_native, id=40604, stack(0x00000078e3900000,0x00000078e3a00000) (1024K)]
  0x0000022568a6aba0 JavaThread "Thread-17"                  daemon [_thread_in_native, id=39072, stack(0x00000078e3a00000,0x00000078e3b00000) (1024K)]
  0x0000022568a6b230 JavaThread "Thread-18"                  daemon [_thread_in_native, id=13892, stack(0x00000078e3b00000,0x00000078e3c00000) (1024K)]
  0x0000022568a6b8c0 JavaThread "Thread-19"                  daemon [_thread_in_native, id=24084, stack(0x00000078e3c00000,0x00000078e3d00000) (1024K)]
  0x0000022568a69e80 JavaThread "Thread-20"                  daemon [_thread_in_native, id=40092, stack(0x00000078e3d00000,0x00000078e3e00000) (1024K)]
  0x0000022568b64a70 JavaThread "Thread-21"                  daemon [_thread_in_native, id=2032, stack(0x00000078e3e00000,0x00000078e3f00000) (1024K)]
  0x0000022568b643e0 JavaThread "Thread-22"                  daemon [_thread_in_native, id=40828, stack(0x00000078e3f00000,0x00000078e4000000) (1024K)]
  0x0000022568b65100 JavaThread "Thread-23"                  daemon [_thread_in_native, id=8484, stack(0x00000078e4000000,0x00000078e4100000) (1024K)]
  0x0000022568b65790 JavaThread "Thread-24"                  daemon [_thread_in_native, id=36276, stack(0x00000078e4100000,0x00000078e4200000) (1024K)]
  0x0000022568b65e20 JavaThread "Thread-25"                  daemon [_thread_in_native, id=35704, stack(0x00000078e4200000,0x00000078e4300000) (1024K)]
  0x0000022568b664b0 JavaThread "Thread-26"                  daemon [_thread_in_native, id=33872, stack(0x00000078e4300000,0x00000078e4400000) (1024K)]
  0x0000022568b671d0 JavaThread "Thread-27"                  daemon [_thread_in_native, id=26936, stack(0x00000078e4400000,0x00000078e4500000) (1024K)]
  0x0000022568b66b40 JavaThread "Thread-28"                  daemon [_thread_in_native, id=32080, stack(0x00000078e4500000,0x00000078e4600000) (1024K)]
  0x0000022568b63d50 JavaThread "Thread-29"                  daemon [_thread_in_native, id=33696, stack(0x00000078e4600000,0x00000078e4700000) (1024K)]
  0x0000022568b6a650 JavaThread "Thread-30"                  daemon [_thread_in_native, id=32872, stack(0x00000078e4700000,0x00000078e4800000) (1024K)]
  0x0000022568b692a0 JavaThread "Thread-31"                  daemon [_thread_in_native, id=34636, stack(0x00000078e4800000,0x00000078e4900000) (1024K)]
  0x0000022568b6ace0 JavaThread "Thread-32"                  daemon [_thread_in_native, id=20368, stack(0x00000078e4900000,0x00000078e4a00000) (1024K)]
  0x0000022568b68580 JavaThread "Thread-33"                  daemon [_thread_in_native, id=19164, stack(0x00000078e4a00000,0x00000078e4b00000) (1024K)]
  0x0000022568b68c10 JavaThread "pool-2-thread-1"                   [_thread_blocked, id=26584, stack(0x00000078e4b00000,0x00000078e4c00000) (1024K)]
  0x0000022568b69930 JavaThread "Worker-4"                          [_thread_blocked, id=35076, stack(0x00000078e4c00000,0x00000078e4d00000) (1024K)]
  0x0000022568b67860 JavaThread "WorkspaceEventsHandler"            [_thread_blocked, id=6948, stack(0x00000078e5000000,0x00000078e5100000) (1024K)]
  0x0000022568b67ef0 JavaThread "pool-1-thread-1"                   [_thread_blocked, id=10692, stack(0x00000078e5100000,0x00000078e5200000) (1024K)]
  0x0000022568b69fc0 JavaThread "LocalFile Deleter"          daemon [_thread_blocked, id=38420, stack(0x00000078e5200000,0x00000078e5300000) (1024K)]
  0x0000022568b6b370 JavaThread "LocalFile Deleter"          daemon [_thread_blocked, id=14480, stack(0x00000078e5300000,0x00000078e5400000) (1024K)]
  0x000002256a281520 JavaThread "LocalFile Deleter"          daemon [_thread_blocked, id=8832, stack(0x00000078e5400000,0x00000078e5500000) (1024K)]
  0x000002256a281bb0 JavaThread "LocalFile Deleter"          daemon [_thread_blocked, id=32612, stack(0x00000078e5500000,0x00000078e5600000) (1024K)]
  0x000002256a280e90 JavaThread "LocalFile Deleter"          daemon [_thread_blocked, id=34056, stack(0x00000078e5600000,0x00000078e5700000) (1024K)]
  0x000002256a282240 JavaThread "LocalFile Deleter"          daemon [_thread_blocked, id=18916, stack(0x00000078e5700000,0x00000078e5800000) (1024K)]
  0x000002256a285030 JavaThread "LocalFile Deleter"          daemon [_thread_blocked, id=38012, stack(0x00000078e5800000,0x00000078e5900000) (1024K)]
  0x000002256a283c80 JavaThread "LocalFile Deleter"          daemon [_thread_blocked, id=24036, stack(0x00000078e5900000,0x00000078e5a00000) (1024K)]
  0x000002256a2828d0 JavaThread "LocalFile Deleter"          daemon [_thread_blocked, id=33936, stack(0x00000078e5a00000,0x00000078e5b00000) (1024K)]
  0x000002256a282f60 JavaThread "LocalFile Deleter"          daemon [_thread_blocked, id=20508, stack(0x00000078e5b00000,0x00000078e5c00000) (1024K)]
  0x000002256a2863e0 JavaThread "LocalFile Deleter"          daemon [_thread_blocked, id=38040, stack(0x00000078e5c00000,0x00000078e5d00000) (1024K)]
  0x000002256a286a70 JavaThread "Compiler Source File Reader" daemon [_thread_blocked, id=39644, stack(0x00000078e5d00000,0x00000078e5e00000) (1024K)]
  0x000002256a284310 JavaThread "Compiler Source File Reader" daemon [_thread_blocked, id=30564, stack(0x00000078e5e00000,0x00000078e5f00000) (1024K)]
  0x000002256a2849a0 JavaThread "Compiler Source File Reader" daemon [_thread_blocked, id=34276, stack(0x00000078e5f00000,0x00000078e6000000) (1024K)]
  0x000002256a2835f0 JavaThread "Compiler Source File Reader" daemon [_thread_blocked, id=36016, stack(0x00000078e6000000,0x00000078e6100000) (1024K)]
  0x000002256a287790 JavaThread "Compiler Source File Reader" daemon [_thread_blocked, id=17128, stack(0x00000078e6100000,0x00000078e6200000) (1024K)]
  0x000002256a2856c0 JavaThread "Compiler Source File Reader" daemon [_thread_blocked, id=34760, stack(0x00000078e6200000,0x00000078e6300000) (1024K)]
  0x000002256a287100 JavaThread "Compiler Source File Reader" daemon [_thread_blocked, id=27620, stack(0x00000078e6300000,0x00000078e6400000) (1024K)]
  0x000002256a287e20 JavaThread "Compiler Source File Reader" daemon [_thread_blocked, id=35936, stack(0x00000078e6400000,0x00000078e6500000) (1024K)]
  0x000002256a2884b0 JavaThread "Compiler Processing Task"   daemon [_thread_blocked, id=36656, stack(0x00000078e6500000,0x00000078e6600000) (1024K)]
  0x0000022567d0f170 JavaThread "Compiler Class File Writer" daemon [_thread_blocked, id=35864, stack(0x00000078e6600000,0x00000078e6700000) (1024K)]
  0x0000022567d10bb0 JavaThread "Worker-5"                          [_thread_blocked, id=3800, stack(0x00000078e6700000,0x00000078e6800000) (1024K)]
  0x0000022567d0d730 JavaThread "Compiler Class File Writer" daemon [_thread_blocked, id=6844, stack(0x00000078e6800000,0x00000078e6900000) (1024K)]
  0x0000022567d0f800 JavaThread "Compiler Class File Writer" daemon [_thread_blocked, id=33348, stack(0x00000078e6900000,0x00000078e6a00000) (1024K)]
  0x0000022567d0ddc0 JavaThread "Compiler Class File Writer" daemon [_thread_blocked, id=29872, stack(0x00000078e6a00000,0x00000078e6b00000) (1024K)]
  0x0000022567d0e450 JavaThread "Compiler Class File Writer" daemon [_thread_blocked, id=38596, stack(0x00000078e6b00000,0x00000078e6c00000) (1024K)]
  0x0000022567d0fe90 JavaThread "Compiler Class File Writer" daemon [_thread_blocked, id=36584, stack(0x00000078e6c00000,0x00000078e6d00000) (1024K)]
  0x0000022573045140 JavaThread "Compiler Class File Writer" daemon [_thread_blocked, id=36260, stack(0x00000078e6d00000,0x00000078e6e00000) (1024K)]
  0x00000225730478a0 JavaThread "Compiler Class File Writer" daemon [_thread_blocked, id=13092, stack(0x00000078e6e00000,0x00000078e6f00000) (1024K)]
  0x0000022573046b80 JavaThread "Compiler Source File Reader" daemon [_thread_blocked, id=27428, stack(0x00000078e6f00000,0x00000078e7000000) (1024K)]
  0x0000022573045e60 JavaThread "Compiler Class File Writer" daemon [_thread_blocked, id=37372, stack(0x00000078e7000000,0x00000078e7100000) (1024K)]
  0x00000225730457d0 JavaThread "ForkJoinPool.commonPool-worker-1" daemon [_thread_blocked, id=32392, stack(0x00000078e7100000,0x00000078e7200000) (1024K)]
  0x0000022572f7d710 JavaThread "ForkJoinPool.commonPool-worker-2" daemon [_thread_blocked, id=34752, stack(0x00000078e7200000,0x00000078e7300000) (1024K)]
  0x0000022572f7e430 JavaThread "ForkJoinPool.commonPool-worker-3" daemon [_thread_blocked, id=40552, stack(0x00000078e7300000,0x00000078e7400000) (1024K)]
  0x0000022572f7c360 JavaThread "ForkJoinPool.commonPool-worker-4" daemon [_thread_blocked, id=17792, stack(0x00000078e7400000,0x00000078e7500000) (1024K)]
  0x0000022572f7c9f0 JavaThread "ForkJoinPool.commonPool-worker-5" daemon [_thread_blocked, id=40744, stack(0x00000078e7500000,0x00000078e7600000) (1024K)]
  0x0000022572f7eac0 JavaThread "ForkJoinPool.commonPool-worker-6" daemon [_thread_blocked, id=33728, stack(0x00000078e7600000,0x00000078e7700000) (1024K)]
  0x0000022572f7bcd0 JavaThread "ForkJoinPool.commonPool-worker-7" daemon [_thread_blocked, id=34964, stack(0x00000078e7700000,0x00000078e7800000) (1024K)]
  0x0000022572f7f150 JavaThread "ForkJoinPool.commonPool-worker-8" daemon [_thread_blocked, id=32696, stack(0x00000078e7800000,0x00000078e7900000) (1024K)]
  0x0000022572f7fe70 JavaThread "ForkJoinPool.commonPool-worker-9" daemon [_thread_blocked, id=15304, stack(0x00000078e7900000,0x00000078e7a00000) (1024K)]
  0x0000022572f7d080 JavaThread "ForkJoinPool.commonPool-worker-10" daemon [_thread_blocked, id=30428, stack(0x00000078e7a00000,0x00000078e7b00000) (1024K)]
  0x0000022572f81220 JavaThread "ForkJoinPool.commonPool-worker-11" daemon [_thread_blocked, id=38240, stack(0x00000078e7b00000,0x00000078e7c00000) (1024K)]
  0x0000022572f81f40 JavaThread "ForkJoinPool.commonPool-worker-12" daemon [_thread_blocked, id=32328, stack(0x00000078e7c00000,0x00000078e7d00000) (1024K)]
  0x0000022572f818b0 JavaThread "ForkJoinPool.commonPool-worker-13" daemon [_thread_blocked, id=10652, stack(0x00000078e7d00000,0x00000078e7e00000) (1024K)]
  0x0000022572f7f7e0 JavaThread "ForkJoinPool.commonPool-worker-14" daemon [_thread_blocked, id=13176, stack(0x00000078e7e00000,0x00000078e7f00000) (1024K)]
  0x0000022572f825d0 JavaThread "ForkJoinPool.commonPool-worker-15" daemon [_thread_blocked, id=40188, stack(0x00000078e7f00000,0x00000078e8000000) (1024K)]
  0x0000022572f80500 JavaThread "ForkJoinPool.commonPool-worker-16" daemon [_thread_blocked, id=39736, stack(0x00000078e8000000,0x00000078e8100000) (1024K)]
  0x0000022572f80b90 JavaThread "ForkJoinPool.commonPool-worker-17" daemon [_thread_blocked, id=35220, stack(0x00000078e8100000,0x00000078e8200000) (1024K)]
  0x000002256989c2c0 JavaThread "ForkJoinPool.commonPool-worker-18" daemon [_thread_blocked, id=27276, stack(0x00000078e8200000,0x00000078e8300000) (1024K)]
  0x000002256989d670 JavaThread "ForkJoinPool.commonPool-worker-19" daemon [_thread_blocked, id=34508, stack(0x00000078e8300000,0x00000078e8400000) (1024K)]
  0x000002256989af10 JavaThread "ForkJoinPool.commonPool-worker-20" daemon [_thread_blocked, id=23400, stack(0x00000078e8400000,0x00000078e8500000) (1024K)]
  0x000002256989a1f0 JavaThread "ForkJoinPool.commonPool-worker-21" daemon [_thread_blocked, id=35628, stack(0x00000078e8500000,0x00000078e8600000) (1024K)]
  0x000002256989c950 JavaThread "ForkJoinPool.commonPool-worker-22" daemon [_thread_blocked, id=38348, stack(0x00000078e8600000,0x00000078e8700000) (1024K)]
  0x000002256989cfe0 JavaThread "ForkJoinPool.commonPool-worker-23" daemon [_thread_blocked, id=8556, stack(0x00000078e8700000,0x00000078e8800000) (1024K)]
  0x000002256989bc30 JavaThread "ForkJoinPool.commonPool-worker-24" daemon [_thread_blocked, id=40396, stack(0x00000078e8800000,0x00000078e8900000) (1024K)]
  0x000002256989dd00 JavaThread "ForkJoinPool.commonPool-worker-25" daemon [_thread_blocked, id=36360, stack(0x00000078e8900000,0x00000078e8a00000) (1024K)]
  0x000002256989a880 JavaThread "ForkJoinPool.commonPool-worker-26" daemon [_thread_blocked, id=39096, stack(0x00000078e8a00000,0x00000078e8b00000) (1024K)]
  0x000002256989e390 JavaThread "ForkJoinPool.commonPool-worker-27" daemon [_thread_blocked, id=14584, stack(0x00000078e8b00000,0x00000078e8c00000) (1024K)]
  0x000002256989ea20 JavaThread "ForkJoinPool.commonPool-worker-28" daemon [_thread_blocked, id=28160, stack(0x00000078e8c00000,0x00000078e8d00000) (1024K)]
  0x000002256989b5a0 JavaThread "ForkJoinPool.commonPool-worker-29" daemon [_thread_blocked, id=34548, stack(0x00000078e8d00000,0x00000078e8e00000) (1024K)]
  0x000002256989f740 JavaThread "ForkJoinPool.commonPool-worker-30" daemon [_thread_blocked, id=40408, stack(0x00000078e8e00000,0x00000078e8f00000) (1024K)]
  0x00000225698a1180 JavaThread "ForkJoinPool.commonPool-worker-31" daemon [_thread_blocked, id=18360, stack(0x00000078e8f00000,0x00000078e9000000) (1024K)]
  0x00000225693df8a0 JavaThread "C2 CompilerThread4"         daemon [_thread_in_native, id=24248, stack(0x00000078e1d00000,0x00000078e1e00000) (1024K)]
=>0x00000225693e0d10 JavaThread "C2 CompilerThread5"         daemon [_thread_in_native, id=35592, stack(0x00000078e2600000,0x00000078e2700000) (1024K)]
  0x00000225693df1d0 JavaThread "C2 CompilerThread6"         daemon [_thread_blocked, id=35108, stack(0x00000078e2700000,0x00000078e2800000) (1024K)]
Total: 133

Other Threads:
  0x00000225447938b0 VMThread "VM Thread"                           [id=17528, stack(0x00000078df000000,0x00000078df100000) (1024K)]
  0x000002255b06ca00 WatcherThread "VM Periodic Task Thread"        [id=40168, stack(0x00000078def00000,0x00000078df000000) (1024K)]
  0x0000022544708310 WorkerThread "GC Thread#0"                     [id=35356, stack(0x00000078dee00000,0x00000078def00000) (1024K)]
  0x0000022564e3f950 WorkerThread "GC Thread#1"                     [id=35612, stack(0x00000078e0200000,0x00000078e0300000) (1024K)]
  0x0000022564959120 WorkerThread "GC Thread#2"                     [id=22384, stack(0x00000078e0300000,0x00000078e0400000) (1024K)]
  0x0000022564904ca0 WorkerThread "GC Thread#3"                     [id=9872, stack(0x00000078e0400000,0x00000078e0500000) (1024K)]
  0x0000022564905040 WorkerThread "GC Thread#4"                     [id=40700, stack(0x00000078e0500000,0x00000078e0600000) (1024K)]
  0x00000225649053e0 WorkerThread "GC Thread#5"                     [id=36708, stack(0x00000078e0600000,0x00000078e0700000) (1024K)]
  0x00000225643ed370 WorkerThread "GC Thread#6"                     [id=22424, stack(0x00000078e0700000,0x00000078e0800000) (1024K)]
  0x000002256497bc30 WorkerThread "GC Thread#7"                     [id=36744, stack(0x00000078e0900000,0x00000078e0a00000) (1024K)]
  0x000002256497c370 WorkerThread "GC Thread#8"                     [id=32664, stack(0x00000078e0d00000,0x00000078e0e00000) (1024K)]
  0x000002256497c710 WorkerThread "GC Thread#9"                     [id=40544, stack(0x00000078e0e00000,0x00000078e0f00000) (1024K)]
  0x000002256497b150 WorkerThread "GC Thread#10"                    [id=38176, stack(0x00000078e0f00000,0x00000078e1000000) (1024K)]
  0x000002256497b4f0 WorkerThread "GC Thread#11"                    [id=27672, stack(0x00000078e1300000,0x00000078e1400000) (1024K)]
  0x000002256497b890 WorkerThread "GC Thread#12"                    [id=37912, stack(0x00000078e1400000,0x00000078e1500000) (1024K)]
  0x0000022565a8bbb0 WorkerThread "GC Thread#13"                    [id=33668, stack(0x00000078e1800000,0x00000078e1900000) (1024K)]
  0x0000022565a8a990 WorkerThread "GC Thread#14"                    [id=33528, stack(0x00000078e1900000,0x00000078e1a00000) (1024K)]
  0x0000022565a8ad30 WorkerThread "GC Thread#15"                    [id=36960, stack(0x00000078e1a00000,0x00000078e1b00000) (1024K)]
  0x0000022565a893d0 WorkerThread "GC Thread#16"                    [id=33476, stack(0x00000078e1b00000,0x00000078e1c00000) (1024K)]
  0x0000022565a8b0d0 WorkerThread "GC Thread#17"                    [id=18616, stack(0x00000078e1e00000,0x00000078e1f00000) (1024K)]
  0x0000022565a8b810 WorkerThread "GC Thread#18"                    [id=33344, stack(0x00000078e1f00000,0x00000078e2000000) (1024K)]
  0x0000022565a8a5f0 WorkerThread "GC Thread#19"                    [id=31328, stack(0x00000078e2200000,0x00000078e2300000) (1024K)]
  0x0000022565a8c2f0 WorkerThread "GC Thread#20"                    [id=13364, stack(0x00000078e2300000,0x00000078e2400000) (1024K)]
  0x0000022565a8c690 WorkerThread "GC Thread#21"                    [id=36252, stack(0x00000078e2400000,0x00000078e2500000) (1024K)]
  0x0000022565a8ca30 WorkerThread "GC Thread#22"                    [id=19588, stack(0x00000078e2500000,0x00000078e2600000) (1024K)]
Total: 25

Threads with active compile tasks:
C2 CompilerThread4  8195 13605   !   4       org.eclipse.jdt.internal.compiler.lookup.BinaryTypeBinding::cachePartsFrom2 (1809 bytes)
C2 CompilerThread5  8195 13770       4       org.eclipse.jdt.internal.compiler.lookup.LookupEnvironment::getTypeFromTypeSignature (770 bytes)
Total: 2

VM state: not at safepoint (normal execution)

VM Mutex/Monitor currently owned by a thread: None

Heap address: 0x0000000080000000, size: 2048 MB, Compressed Oops mode: 32-bit

CDS archive(s) mapped at: [0x0000022500000000-0x0000022500ba0000-0x0000022500ba0000), size 12189696, SharedBaseAddress: 0x0000022500000000, ArchiveRelocationMode: 1.
Compressed class space mapped at: 0x0000022501000000-0x0000022541000000, reserved size: 1073741824
Narrow klass base: 0x0000022500000000, Narrow klass shift: 0, Narrow klass range: 0x100000000

GC Precious Log:
 CardTable entry size: 512
 CPUs: 32 total, 32 available
 Memory: 65270M
 Large Page Support: Disabled
 NUMA Support: Disabled
 Compressed Oops: Enabled (32-bit)
 Alignments: Space 512K, Generation 512K, Heap 2M
 Heap Min Capacity: 100M
 Heap Initial Capacity: 100M
 Heap Max Capacity: 2G
 Pre-touch: Disabled
 Parallel Workers: 23

Heap:
 PSYoungGen      total 20480K, used 5811K [0x00000000d5580000, 0x00000000d6b80000, 0x0000000100000000)
  eden space 18432K, 20% used [0x00000000d5580000,0x00000000d5946460,0x00000000d6780000)
  from space 2048K, 95% used [0x00000000d6800000,0x00000000d69e6900,0x00000000d6a00000)
  to   space 1536K, 0% used [0x00000000d6a00000,0x00000000d6a00000,0x00000000d6b80000)
 ParOldGen       total 86016K, used 85623K [0x0000000080000000, 0x0000000085400000, 0x00000000d5580000)
  object space 86016K, 99% used [0x0000000080000000,0x000000008539dff0,0x0000000085400000)
 Metaspace       used 70990K, committed 72576K, reserved 1114112K
  class space    used 7397K, committed 8064K, reserved 1048576K

Card table byte_map: [0x00000225440b0000,0x00000225444c0000] _byte_map_base: 0x0000022543cb0000

Marking Bits: (ParMarkBitMap*) 0x00007ffe3fc32460
 Begin Bits: [0x0000022556b90000, 0x0000022558b90000)
 End Bits:   [0x0000022558b90000, 0x000002255ab90000)

Polling page: 0x0000022543ea0000

Metaspace:

Usage:
  Non-class:     62.10 MB used.
      Class:      7.22 MB used.
       Both:     69.33 MB used.

Virtual space:
  Non-class space:       64.00 MB reserved,      63.00 MB ( 98%) committed,  1 nodes.
      Class space:        1.00 GB reserved,       7.88 MB ( <1%) committed,  1 nodes.
             Both:        1.06 GB reserved,      70.88 MB (  7%) committed. 

Chunk freelists:
   Non-Class:  97.00 KB
       Class:  8.06 MB
        Both:  8.16 MB

MaxMetaspaceSize: unlimited
CompressedClassSpaceSize: 1.00 GB
Initial GC threshold: 21.00 MB
Current GC threshold: 97.31 MB
CDS: on
 - commit_granule_bytes: 65536.
 - commit_granule_words: 8192.
 - virtual_space_node_default_size: 8388608.
 - enlarge_chunks_in_place: 1.
 - use_allocation_guard: 0.


Internal statistics:

num_allocs_failed_limit: 11.
num_arena_births: 1310.
num_arena_deaths: 14.
num_vsnodes_births: 2.
num_vsnodes_deaths: 0.
num_space_committed: 1134.
num_space_uncommitted: 0.
num_chunks_returned_to_freelist: 25.
num_chunks_taken_from_freelist: 4856.
num_chunk_merges: 16.
num_chunk_splits: 2893.
num_chunks_enlarged: 1470.
num_inconsistent_stats: 0.

CodeHeap 'non-profiled nmethods': size=118848Kb used=10617Kb max_used=10617Kb free=108230Kb
 bounds [0x000002254f4d0000, 0x000002254ff30000, 0x00000225568e0000]
CodeHeap 'profiled nmethods': size=118848Kb used=30559Kb max_used=30559Kb free=88288Kb
 bounds [0x00000225478e0000, 0x00000225496c0000, 0x000002254ecf0000]
CodeHeap 'non-nmethods': size=8064Kb used=3724Kb max_used=3835Kb free=4339Kb
 bounds [0x000002254ecf0000, 0x000002254f0d0000, 0x000002254f4d0000]
CodeCache: size=245760Kb, used=44900Kb, max_used=45011Kb, free=200857Kb
 total_blobs=13749, nmethods=12959, adapters=689, full_count=0
Compilation: enabled, stopped_count=0, restarted_count=0

Compilation events (20 events):
Event: 8.121 Thread 0x0000022564976030 13721       4       lombok.eclipse.EclipseASTAdapter::visitAnnotationOnMethodArgument (1 bytes)
Event: 8.121 Thread 0x0000022564976030 nmethod 13721 0x000002254ff23710 code [0x000002254ff238a0, 0x000002254ff23928]
Event: 8.121 Thread 0x0000022564976030 13719       4       org.eclipse.jdt.internal.core.SearchableEnvironment$$Lambda/0x0000022501775258::apply (12 bytes)
Event: 8.122 Thread 0x000002255b184b00 nmethod 13778 0x000002254ff23a10 code [0x000002254ff23ba0, 0x000002254ff23cb8]
Event: 8.122 Thread 0x000002255b184b00 13731       4       org.eclipse.jdt.internal.compiler.lookup.SourceTypeBinding::kind (31 bytes)
Event: 8.123 Thread 0x00000225693df1d0 nmethod 13769 0x000002254ff23d90 code [0x000002254ff23f20, 0x000002254ff241f0]
Event: 8.123 Thread 0x000002255b184b00 nmethod 13731 0x000002254ff24390 code [0x000002254ff24520, 0x000002254ff24620]
Event: 8.123 Thread 0x00000225693df1d0 13766   !   4       org.eclipse.jdt.internal.core.util.DeduplicationUtil::toString (29 bytes)
Event: 8.123 Thread 0x000002255b184b00 13777       4       org.eclipse.jdt.internal.compiler.lookup.LookupEnvironment::createUnresolvedAnnotation (26 bytes)
Event: 8.123 Thread 0x0000022564976030 nmethod 13719 0x000002254ff24710 code [0x000002254ff248c0, 0x000002254ff24d28]
Event: 8.123 Thread 0x0000022564976030 13734       4       org.eclipse.jdt.internal.compiler.ast.AbstractMethodDeclaration::arguments (5 bytes)
Event: 8.124 Thread 0x0000022564976030 nmethod 13734 0x000002254ff24f90 code [0x000002254ff25120, 0x000002254ff251b0]
Event: 8.124 Thread 0x0000022564976030 13720       4       org.eclipse.jdt.internal.compiler.parser.Scanner::resetLookBack (17 bytes)
Event: 8.124 Thread 0x0000022564976030 nmethod 13720 0x000002254ff25290 code [0x000002254ff25420, 0x000002254ff25518]
Event: 8.124 Thread 0x0000022564976030 13749       4       org.eclipse.core.resources.ResourcesPlugin::getWorkspace (44 bytes)
Event: 8.124 Thread 0x0000022564976030 nmethod 13749 0x000002254ff25610 code [0x000002254ff257a0, 0x000002254ff25868]
Event: 8.125 Thread 0x00000225693df1d0 nmethod 13766 0x000002254ff25990 code [0x000002254ff25b60, 0x000002254ff26228]
Event: 8.128 Thread 0x000002255b184b00 nmethod 13777 0x000002254ff26510 code [0x000002254ff26700, 0x000002254ff26c80]
Event: 8.136 Thread 0x000002255c865f70 nmethod 13756 0x000002254ff27110 code [0x000002254ff27420, 0x000002254ff28620]
Event: 8.138 Thread 0x000002255c870630 nmethod 13752 0x000002254ff29410 code [0x000002254ff29e20, 0x000002254ff2c7f0]

GC Heap History (20 events):
Event: 6.224 GC heap before
{Heap before GC invocations=65 (full 3):
 PSYoungGen      total 20992K, used 20916K [0x00000000d5580000, 0x00000000d7180000, 0x0000000100000000)
  eden space 18432K, 99% used [0x00000000d5580000,0x00000000d6772290,0x00000000d6780000)
  from space 2560K, 99% used [0x00000000d6880000,0x00000000d6afb120,0x00000000d6b00000)
  to   space 5120K, 0% used [0x00000000d6c80000,0x00000000d6c80000,0x00000000d7180000)
 ParOldGen       total 73728K, used 73360K [0x0000000080000000, 0x0000000084800000, 0x00000000d5580000)
  object space 73728K, 99% used [0x0000000080000000,0x00000000847a4390,0x0000000084800000)
 Metaspace       used 65979K, committed 67520K, reserved 1114112K
  class space    used 6979K, committed 7680K, reserved 1048576K
}
Event: 6.226 GC heap after
{Heap after GC invocations=65 (full 3):
 PSYoungGen      total 21504K, used 2672K [0x00000000d5580000, 0x00000000d6f80000, 0x0000000100000000)
  eden space 18432K, 0% used [0x00000000d5580000,0x00000000d5580000,0x00000000d6780000)
  from space 3072K, 86% used [0x00000000d6c80000,0x00000000d6f1c1c0,0x00000000d6f80000)
  to   space 3584K, 0% used [0x00000000d6880000,0x00000000d6880000,0x00000000d6c00000)
 ParOldGen       total 76288K, used 75776K [0x0000000080000000, 0x0000000084a80000, 0x00000000d5580000)
  object space 76288K, 99% used [0x0000000080000000,0x0000000084a00160,0x0000000084a80000)
 Metaspace       used 65979K, committed 67520K, reserved 1114112K
  class space    used 6979K, committed 7680K, reserved 1048576K
}
Event: 6.358 GC heap before
{Heap before GC invocations=66 (full 3):
 PSYoungGen      total 21504K, used 21101K [0x00000000d5580000, 0x00000000d6f80000, 0x0000000100000000)
  eden space 18432K, 99% used [0x00000000d5580000,0x00000000d677f540,0x00000000d6780000)
  from space 3072K, 86% used [0x00000000d6c80000,0x00000000d6f1c1c0,0x00000000d6f80000)
  to   space 3584K, 0% used [0x00000000d6880000,0x00000000d6880000,0x00000000d6c00000)
 ParOldGen       total 76288K, used 75776K [0x0000000080000000, 0x0000000084a80000, 0x00000000d5580000)
  object space 76288K, 99% used [0x0000000080000000,0x0000000084a00160,0x0000000084a80000)
 Metaspace       used 66796K, committed 68352K, reserved 1114112K
  class space    used 7053K, committed 7744K, reserved 1048576K
}
Event: 6.360 GC heap after
{Heap after GC invocations=66 (full 3):
 PSYoungGen      total 20992K, used 2249K [0x00000000d5580000, 0x00000000d6d00000, 0x0000000100000000)
  eden space 18432K, 0% used [0x00000000d5580000,0x00000000d5580000,0x00000000d6780000)
  from space 2560K, 87% used [0x00000000d6880000,0x00000000d6ab2630,0x00000000d6b00000)
  to   space 2048K, 0% used [0x00000000d6b00000,0x00000000d6b00000,0x00000000d6d00000)
 ParOldGen       total 78336K, used 77920K [0x0000000080000000, 0x0000000084c80000, 0x00000000d5580000)
  object space 78336K, 99% used [0x0000000080000000,0x0000000084c180e0,0x0000000084c80000)
 Metaspace       used 66796K, committed 68352K, reserved 1114112K
  class space    used 7053K, committed 7744K, reserved 1048576K
}
Event: 6.568 GC heap before
{Heap before GC invocations=67 (full 3):
 PSYoungGen      total 20992K, used 20681K [0x00000000d5580000, 0x00000000d6d00000, 0x0000000100000000)
  eden space 18432K, 99% used [0x00000000d5580000,0x00000000d677ffe8,0x00000000d6780000)
  from space 2560K, 87% used [0x00000000d6880000,0x00000000d6ab2630,0x00000000d6b00000)
  to   space 2048K, 0% used [0x00000000d6b00000,0x00000000d6b00000,0x00000000d6d00000)
 ParOldGen       total 78336K, used 77920K [0x0000000080000000, 0x0000000084c80000, 0x00000000d5580000)
  object space 78336K, 99% used [0x0000000080000000,0x0000000084c180e0,0x0000000084c80000)
 Metaspace       used 68200K, committed 69824K, reserved 1114112K
  class space    used 7156K, committed 7872K, reserved 1048576K
}
Event: 6.569 GC heap after
{Heap after GC invocations=67 (full 3):
 PSYoungGen      total 19968K, used 1162K [0x00000000d5580000, 0x00000000d6c80000, 0x0000000100000000)
  eden space 18432K, 0% used [0x00000000d5580000,0x00000000d5580000,0x00000000d6780000)
  from space 1536K, 75% used [0x00000000d6b00000,0x00000000d6c22910,0x00000000d6c80000)
  to   space 2048K, 0% used [0x00000000d6880000,0x00000000d6880000,0x00000000d6a80000)
 ParOldGen       total 78848K, used 78565K [0x0000000080000000, 0x0000000084d00000, 0x00000000d5580000)
  object space 78848K, 99% used [0x0000000080000000,0x0000000084cb9720,0x0000000084d00000)
 Metaspace       used 68200K, committed 69824K, reserved 1114112K
  class space    used 7156K, committed 7872K, reserved 1048576K
}
Event: 6.655 GC heap before
{Heap before GC invocations=68 (full 3):
 PSYoungGen      total 19968K, used 19594K [0x00000000d5580000, 0x00000000d6c80000, 0x0000000100000000)
  eden space 18432K, 100% used [0x00000000d5580000,0x00000000d6780000,0x00000000d6780000)
  from space 1536K, 75% used [0x00000000d6b00000,0x00000000d6c22910,0x00000000d6c80000)
  to   space 2048K, 0% used [0x00000000d6880000,0x00000000d6880000,0x00000000d6a80000)
 ParOldGen       total 78848K, used 78565K [0x0000000080000000, 0x0000000084d00000, 0x00000000d5580000)
  object space 78848K, 99% used [0x0000000080000000,0x0000000084cb9720,0x0000000084d00000)
 Metaspace       used 68609K, committed 70208K, reserved 1114112K
  class space    used 7167K, committed 7872K, reserved 1048576K
}
Event: 6.658 GC heap after
{Heap after GC invocations=68 (full 3):
 PSYoungGen      total 20480K, used 2019K [0x00000000d5580000, 0x00000000d6f80000, 0x0000000100000000)
  eden space 18432K, 0% used [0x00000000d5580000,0x00000000d5580000,0x00000000d6780000)
  from space 2048K, 98% used [0x00000000d6880000,0x00000000d6a78d20,0x00000000d6a80000)
  to   space 4096K, 0% used [0x00000000d6b80000,0x00000000d6b80000,0x00000000d6f80000)
 ParOldGen       total 80384K, used 80168K [0x0000000080000000, 0x0000000084e80000, 0x00000000d5580000)
  object space 80384K, 99% used [0x0000000080000000,0x0000000084e4a258,0x0000000084e80000)
 Metaspace       used 68609K, committed 70208K, reserved 1114112K
  class space    used 7167K, committed 7872K, reserved 1048576K
}
Event: 6.717 GC heap before
{Heap before GC invocations=69 (full 3):
 PSYoungGen      total 20480K, used 20451K [0x00000000d5580000, 0x00000000d6f80000, 0x0000000100000000)
  eden space 18432K, 100% used [0x00000000d5580000,0x00000000d6780000,0x00000000d6780000)
  from space 2048K, 98% used [0x00000000d6880000,0x00000000d6a78d20,0x00000000d6a80000)
  to   space 4096K, 0% used [0x00000000d6b80000,0x00000000d6b80000,0x00000000d6f80000)
 ParOldGen       total 80384K, used 80168K [0x0000000080000000, 0x0000000084e80000, 0x00000000d5580000)
  object space 80384K, 99% used [0x0000000080000000,0x0000000084e4a258,0x0000000084e80000)
 Metaspace       used 68910K, committed 70464K, reserved 1114112K
  class space    used 7186K, committed 7872K, reserved 1048576K
}
Event: 6.718 GC heap after
{Heap after GC invocations=69 (full 3):
 PSYoungGen      total 19968K, used 1066K [0x00000000d5580000, 0x00000000d6d00000, 0x0000000100000000)
  eden space 18432K, 0% used [0x00000000d5580000,0x00000000d5580000,0x00000000d6780000)
  from space 1536K, 69% used [0x00000000d6b80000,0x00000000d6c8a910,0x00000000d6d00000)
  to   space 2048K, 0% used [0x00000000d6900000,0x00000000d6900000,0x00000000d6b00000)
 ParOldGen       total 80896K, used 80541K [0x0000000080000000, 0x0000000084f00000, 0x00000000d5580000)
  object space 80896K, 99% used [0x0000000080000000,0x0000000084ea7458,0x0000000084f00000)
 Metaspace       used 68910K, committed 70464K, reserved 1114112K
  class space    used 7186K, committed 7872K, reserved 1048576K
}
Event: 7.030 GC heap before
{Heap before GC invocations=70 (full 3):
 PSYoungGen      total 19968K, used 19498K [0x00000000d5580000, 0x00000000d6d00000, 0x0000000100000000)
  eden space 18432K, 100% used [0x00000000d5580000,0x00000000d6780000,0x00000000d6780000)
  from space 1536K, 69% used [0x00000000d6b80000,0x00000000d6c8a910,0x00000000d6d00000)
  to   space 2048K, 0% used [0x00000000d6900000,0x00000000d6900000,0x00000000d6b00000)
 ParOldGen       total 80896K, used 80541K [0x0000000080000000, 0x0000000084f00000, 0x00000000d5580000)
  object space 80896K, 99% used [0x0000000080000000,0x0000000084ea7458,0x0000000084f00000)
 Metaspace       used 69351K, committed 70976K, reserved 1114112K
  class space    used 7226K, committed 7936K, reserved 1048576K
}
Event: 7.031 GC heap after
{Heap after GC invocations=70 (full 3):
 PSYoungGen      total 20480K, used 2025K [0x00000000d5580000, 0x00000000d6c80000, 0x0000000100000000)
  eden space 18432K, 0% used [0x00000000d5580000,0x00000000d5580000,0x00000000d6780000)
  from space 2048K, 98% used [0x00000000d6900000,0x00000000d6afa420,0x00000000d6b00000)
  to   space 1536K, 0% used [0x00000000d6b00000,0x00000000d6b00000,0x00000000d6c80000)
 ParOldGen       total 81408K, used 81031K [0x0000000080000000, 0x0000000084f80000, 0x00000000d5580000)
  object space 81408K, 99% used [0x0000000080000000,0x0000000084f21f90,0x0000000084f80000)
 Metaspace       used 69351K, committed 70976K, reserved 1114112K
  class space    used 7226K, committed 7936K, reserved 1048576K
}
Event: 7.169 GC heap before
{Heap before GC invocations=71 (full 3):
 PSYoungGen      total 20480K, used 20457K [0x00000000d5580000, 0x00000000d6c80000, 0x0000000100000000)
  eden space 18432K, 100% used [0x00000000d5580000,0x00000000d6780000,0x00000000d6780000)
  from space 2048K, 98% used [0x00000000d6900000,0x00000000d6afa420,0x00000000d6b00000)
  to   space 1536K, 0% used [0x00000000d6b00000,0x00000000d6b00000,0x00000000d6c80000)
 ParOldGen       total 81408K, used 81031K [0x0000000080000000, 0x0000000084f80000, 0x00000000d5580000)
  object space 81408K, 99% used [0x0000000080000000,0x0000000084f21f90,0x0000000084f80000)
 Metaspace       used 70138K, committed 71744K, reserved 1114112K
  class space    used 7326K, committed 8000K, reserved 1048576K
}
Event: 7.170 GC heap after
{Heap after GC invocations=71 (full 3):
 PSYoungGen      total 19968K, used 1396K [0x00000000d5580000, 0x00000000d6c80000, 0x0000000100000000)
  eden space 18432K, 0% used [0x00000000d5580000,0x00000000d5580000,0x00000000d6780000)
  from space 1536K, 90% used [0x00000000d6b00000,0x00000000d6c5d200,0x00000000d6c80000)
  to   space 2048K, 0% used [0x00000000d6880000,0x00000000d6880000,0x00000000d6a80000)
 ParOldGen       total 81408K, used 81319K [0x0000000080000000, 0x0000000084f80000, 0x00000000d5580000)
  object space 81408K, 99% used [0x0000000080000000,0x0000000084f69f90,0x0000000084f80000)
 Metaspace       used 70138K, committed 71744K, reserved 1114112K
  class space    used 7326K, committed 8000K, reserved 1048576K
}
Event: 7.380 GC heap before
{Heap before GC invocations=72 (full 3):
 PSYoungGen      total 19968K, used 19828K [0x00000000d5580000, 0x00000000d6c80000, 0x0000000100000000)
  eden space 18432K, 100% used [0x00000000d5580000,0x00000000d6780000,0x00000000d6780000)
  from space 1536K, 90% used [0x00000000d6b00000,0x00000000d6c5d200,0x00000000d6c80000)
  to   space 2048K, 0% used [0x00000000d6880000,0x00000000d6880000,0x00000000d6a80000)
 ParOldGen       total 81408K, used 81319K [0x0000000080000000, 0x0000000084f80000, 0x00000000d5580000)
  object space 81408K, 99% used [0x0000000080000000,0x0000000084f69f90,0x0000000084f80000)
 Metaspace       used 70715K, committed 72320K, reserved 1114112K
  class space    used 7382K, committed 8064K, reserved 1048576K
}
Event: 7.382 GC heap after
{Heap after GC invocations=72 (full 3):
 PSYoungGen      total 20480K, used 2041K [0x00000000d5580000, 0x00000000d6e80000, 0x0000000100000000)
  eden space 18432K, 0% used [0x00000000d5580000,0x00000000d5580000,0x00000000d6780000)
  from space 2048K, 99% used [0x00000000d6880000,0x00000000d6a7e788,0x00000000d6a80000)
  to   space 3584K, 0% used [0x00000000d6b00000,0x00000000d6b00000,0x00000000d6e80000)
 ParOldGen       total 82432K, used 82113K [0x0000000080000000, 0x0000000085080000, 0x00000000d5580000)
  object space 82432K, 99% used [0x0000000080000000,0x0000000085030510,0x0000000085080000)
 Metaspace       used 70715K, committed 72320K, reserved 1114112K
  class space    used 7382K, committed 8064K, reserved 1048576K
}
Event: 7.890 GC heap before
{Heap before GC invocations=73 (full 3):
 PSYoungGen      total 20480K, used 20473K [0x00000000d5580000, 0x00000000d6e80000, 0x0000000100000000)
  eden space 18432K, 100% used [0x00000000d5580000,0x00000000d6780000,0x00000000d6780000)
  from space 2048K, 99% used [0x00000000d6880000,0x00000000d6a7e788,0x00000000d6a80000)
  to   space 3584K, 0% used [0x00000000d6b00000,0x00000000d6b00000,0x00000000d6e80000)
 ParOldGen       total 82432K, used 82113K [0x0000000080000000, 0x0000000085080000, 0x00000000d5580000)
  object space 82432K, 99% used [0x0000000080000000,0x0000000085030510,0x0000000085080000)
 Metaspace       used 70820K, committed 72448K, reserved 1114112K
  class space    used 7389K, committed 8064K, reserved 1048576K
}
Event: 7.892 GC heap after
{Heap after GC invocations=73 (full 3):
 PSYoungGen      total 20480K, used 1657K [0x00000000d5580000, 0x00000000d6d00000, 0x0000000100000000)
  eden space 18432K, 0% used [0x00000000d5580000,0x00000000d5580000,0x00000000d6780000)
  from space 2048K, 80% used [0x00000000d6b00000,0x00000000d6c9e430,0x00000000d6d00000)
  to   space 2560K, 0% used [0x00000000d6800000,0x00000000d6800000,0x00000000d6a80000)
 ParOldGen       total 84480K, used 84241K [0x0000000080000000, 0x0000000085280000, 0x00000000d5580000)
  object space 84480K, 99% used [0x0000000080000000,0x00000000852446d0,0x0000000085280000)
 Metaspace       used 70820K, committed 72448K, reserved 1114112K
  class space    used 7389K, committed 8064K, reserved 1048576K
}
Event: 8.108 GC heap before
{Heap before GC invocations=74 (full 3):
 PSYoungGen      total 20480K, used 20089K [0x00000000d5580000, 0x00000000d6d00000, 0x0000000100000000)
  eden space 18432K, 100% used [0x00000000d5580000,0x00000000d6780000,0x00000000d6780000)
  from space 2048K, 80% used [0x00000000d6b00000,0x00000000d6c9e430,0x00000000d6d00000)
  to   space 2560K, 0% used [0x00000000d6800000,0x00000000d6800000,0x00000000d6a80000)
 ParOldGen       total 84480K, used 84241K [0x0000000080000000, 0x0000000085280000, 0x00000000d5580000)
  object space 84480K, 99% used [0x0000000080000000,0x00000000852446d0,0x0000000085280000)
 Metaspace       used 70974K, committed 72576K, reserved 1114112K
  class space    used 7397K, committed 8064K, reserved 1048576K
}
Event: 8.109 GC heap after
{Heap after GC invocations=74 (full 3):
 PSYoungGen      total 20480K, used 1946K [0x00000000d5580000, 0x00000000d6b80000, 0x0000000100000000)
  eden space 18432K, 0% used [0x00000000d5580000,0x00000000d5580000,0x00000000d6780000)
  from space 2048K, 95% used [0x00000000d6800000,0x00000000d69e6900,0x00000000d6a00000)
  to   space 1536K, 0% used [0x00000000d6a00000,0x00000000d6a00000,0x00000000d6b80000)
 ParOldGen       total 86016K, used 85623K [0x0000000080000000, 0x0000000085400000, 0x00000000d5580000)
  object space 86016K, 99% used [0x0000000080000000,0x000000008539dff0,0x0000000085400000)
 Metaspace       used 70974K, committed 72576K, reserved 1114112K
  class space    used 7397K, committed 8064K, reserved 1048576K
}

Dll operation events (10 events):
Event: 0.005 Loaded shared library c:\Users\thoma\.vscode\extensions\redhat.java-1.51.0-win32-x64\jre\21.0.9-win32-x86_64\bin\java.dll
Event: 0.018 Loaded shared library c:\Users\thoma\.vscode\extensions\redhat.java-1.51.0-win32-x64\jre\21.0.9-win32-x86_64\bin\zip.dll
Event: 0.038 Loaded shared library C:\Users\thoma\.vscode\extensions\redhat.java-1.51.0-win32-x64\jre\21.0.9-win32-x86_64\bin\instrument.dll
Event: 0.040 Loaded shared library C:\Users\thoma\.vscode\extensions\redhat.java-1.51.0-win32-x64\jre\21.0.9-win32-x86_64\bin\net.dll
Event: 0.041 Loaded shared library C:\Users\thoma\.vscode\extensions\redhat.java-1.51.0-win32-x64\jre\21.0.9-win32-x86_64\bin\nio.dll
Event: 0.042 Loaded shared library C:\Users\thoma\.vscode\extensions\redhat.java-1.51.0-win32-x64\jre\21.0.9-win32-x86_64\bin\zip.dll
Event: 0.049 Loaded shared library C:\Users\thoma\.vscode\extensions\redhat.java-1.51.0-win32-x64\jre\21.0.9-win32-x86_64\bin\jimage.dll
Event: 0.075 Loaded shared library c:\Users\thoma\.vscode\extensions\redhat.java-1.51.0-win32-x64\jre\21.0.9-win32-x86_64\bin\verify.dll
Event: 0.490 Loaded shared library C:\Users\thoma\AppData\Roaming\Code\User\globalStorage\redhat.java\1.51.0\config_win\org.eclipse.equinox.launcher\org.eclipse.equinox.launcher.win32.win32.x86_64_1.2.1400.v20250801-0854\eclipse_11916.dll
Event: 0.981 Loaded shared library C:\Users\thoma\AppData\Local\Temp\jna-110336847\jna10655517916986412120.dll

Deoptimization events (20 events):
Event: 7.906 Thread 0x000002256989cfe0 Uncommon trap: trap_request=0xffffffde fr.pc=0x000002254fc0e698 relative=0x0000000000000078
Event: 7.906 Thread 0x000002256989cfe0 Uncommon trap: reason=class_check action=maybe_recompile pc=0x000002254fc0e698 method=java.util.LinkedHashMap.afterNodeInsertion(Z)V @ 15 c2
Event: 7.906 Thread 0x000002256989cfe0 DEOPT PACKING pc=0x000002254fc0e698 sp=0x00000078e87fe860
Event: 7.906 Thread 0x000002256989cfe0 DEOPT UNPACKING pc=0x000002254ed43aa2 sp=0x00000078e87fe7d8 mode 2
Event: 8.091 Thread 0x00000225651af230 Uncommon trap: trap_request=0xffffffd6 fr.pc=0x000002254feef77c relative=0x000000000000049c
Event: 8.091 Thread 0x00000225651af230 Uncommon trap: reason=array_check action=maybe_recompile pc=0x000002254feef77c method=org.eclipse.jdt.internal.compiler.lookup.UnresolvedReferenceBinding.addWrapper(Lorg/eclipse/jdt/internal/compiler/lookup/HotSwappable;Lorg/eclipse/jdt/internal/compiler/
Event: 8.092 Thread 0x00000225651af230 DEOPT PACKING pc=0x000002254feef77c sp=0x00000078e16fd810
Event: 8.092 Thread 0x00000225651af230 DEOPT UNPACKING pc=0x000002254ed43aa2 sp=0x00000078e16fd7c0 mode 2
Event: 8.092 Thread 0x00000225651af230 Uncommon trap: trap_request=0xffffffd6 fr.pc=0x000002254feef77c relative=0x000000000000049c
Event: 8.092 Thread 0x00000225651af230 Uncommon trap: reason=array_check action=maybe_recompile pc=0x000002254feef77c method=org.eclipse.jdt.internal.compiler.lookup.UnresolvedReferenceBinding.addWrapper(Lorg/eclipse/jdt/internal/compiler/lookup/HotSwappable;Lorg/eclipse/jdt/internal/compiler/
Event: 8.092 Thread 0x00000225651af230 DEOPT PACKING pc=0x000002254feef77c sp=0x00000078e16fd7d0
Event: 8.092 Thread 0x00000225651af230 DEOPT UNPACKING pc=0x000002254ed43aa2 sp=0x00000078e16fd780 mode 2
Event: 8.093 Thread 0x00000225651af230 Uncommon trap: trap_request=0xffffffd6 fr.pc=0x000002254feef77c relative=0x000000000000049c
Event: 8.093 Thread 0x00000225651af230 Uncommon trap: reason=array_check action=maybe_recompile pc=0x000002254feef77c method=org.eclipse.jdt.internal.compiler.lookup.UnresolvedReferenceBinding.addWrapper(Lorg/eclipse/jdt/internal/compiler/lookup/HotSwappable;Lorg/eclipse/jdt/internal/compiler/
Event: 8.093 Thread 0x00000225651af230 DEOPT PACKING pc=0x000002254feef77c sp=0x00000078e16fbe80
Event: 8.093 Thread 0x00000225651af230 DEOPT UNPACKING pc=0x000002254ed43aa2 sp=0x00000078e16fbe30 mode 2
Event: 8.093 Thread 0x00000225651af230 Uncommon trap: trap_request=0xffffffd6 fr.pc=0x000002254feef77c relative=0x000000000000049c
Event: 8.093 Thread 0x00000225651af230 Uncommon trap: reason=array_check action=maybe_recompile pc=0x000002254feef77c method=org.eclipse.jdt.internal.compiler.lookup.UnresolvedReferenceBinding.addWrapper(Lorg/eclipse/jdt/internal/compiler/lookup/HotSwappable;Lorg/eclipse/jdt/internal/compiler/
Event: 8.093 Thread 0x00000225651af230 DEOPT PACKING pc=0x000002254feef77c sp=0x00000078e16fbf20
Event: 8.093 Thread 0x00000225651af230 DEOPT UNPACKING pc=0x000002254ed43aa2 sp=0x00000078e16fbed0 mode 2

Classes loaded (20 events):
Event: 5.635 Loading class java/util/concurrent/CompletableFuture$UniExceptionally
Event: 5.635 Loading class java/util/concurrent/CompletableFuture$UniExceptionally done
Event: 5.748 Loading class java/util/Hashtable$KeySet
Event: 5.748 Loading class java/util/Hashtable$KeySet done
Event: 5.863 Loading class java/lang/invoke/MethodHandleImpl$CountingWrapper$1
Event: 5.863 Loading class java/lang/invoke/MethodHandleImpl$CountingWrapper$1 done
Event: 5.982 Loading class java/util/HashMap$EntrySpliterator
Event: 5.982 Loading class java/util/HashMap$EntrySpliterator done
Event: 6.029 Loading class java/util/stream/ReduceOps$5
Event: 6.029 Loading class java/util/stream/ReduceOps$5 done
Event: 6.029 Loading class java/util/stream/ReduceOps$CountingSink$OfRef
Event: 6.029 Loading class java/util/stream/ReduceOps$CountingSink
Event: 6.029 Loading class java/util/stream/ReduceOps$CountingSink done
Event: 6.029 Loading class java/util/stream/ReduceOps$CountingSink$OfRef done
Event: 6.062 Loading class java/lang/UnsupportedClassVersionError
Event: 6.062 Loading class java/lang/UnsupportedClassVersionError done
Event: 6.063 Loading class java/util/stream/ReduceOps$1
Event: 6.063 Loading class java/util/stream/ReduceOps$1 done
Event: 6.063 Loading class java/util/stream/ReduceOps$1ReducingSink
Event: 6.063 Loading class java/util/stream/ReduceOps$1ReducingSink done

Classes unloaded (7 events):
Event: 1.166 Thread 0x00000225447938b0 Unloading class 0x00000225011a4c00 'java/lang/invoke/LambdaForm$MH+0x00000225011a4c00'
Event: 1.166 Thread 0x00000225447938b0 Unloading class 0x00000225011a4800 'java/lang/invoke/LambdaForm$MH+0x00000225011a4800'
Event: 1.166 Thread 0x00000225447938b0 Unloading class 0x00000225011a4400 'java/lang/invoke/LambdaForm$MH+0x00000225011a4400'
Event: 1.166 Thread 0x00000225447938b0 Unloading class 0x00000225011a4000 'java/lang/invoke/LambdaForm$MH+0x00000225011a4000'
Event: 1.166 Thread 0x00000225447938b0 Unloading class 0x00000225011a3c00 'java/lang/invoke/LambdaForm$BMH+0x00000225011a3c00'
Event: 1.166 Thread 0x00000225447938b0 Unloading class 0x00000225011a3800 'java/lang/invoke/LambdaForm$DMH+0x00000225011a3800'
Event: 1.166 Thread 0x00000225447938b0 Unloading class 0x00000225011a2800 'java/lang/invoke/LambdaForm$DMH+0x00000225011a2800'

Classes redefined (0 events):
No events

Internal exceptions (20 events):
Event: 6.099 Thread 0x00000225730457d0 Exception <a 'java/lang/IncompatibleClassChangeError'{0x00000000d627da80}: Found class java.lang.Object, but interface was expected> (0x00000000d627da80) 
thrown [s\src\hotspot\share\interpreter\linkResolver.cpp, line 840]
Event: 6.208 Thread 0x00000225730457d0 Exception <a 'java/lang/LinkageError'{0x00000000d663c218}: loader lombok.launch.ShadowClassLoader @57490d2e attempted duplicate class definition for lombok.eclipse.agent.PatchDiagnostics. (lombok.eclipse.agent.PatchDiagnostics is in unnamed module of loader lombok.launch.ShadowClassLoader @57490d2e, parent loader org.eclipse.osgi.internal.loader.EquinoxClassLoader @5b4b054)> (0x00000000d663c218) 
thrown [s\src\hotspot\share\classfile\systemDictionary.cpp, line 1682]
Event: 6.209 Thread 0x0000022572f7e430 Exception <a 'java/lang/LinkageError'{0x00000000d6698048}: loader lombok.launch.ShadowClassLoader @57490d2e attempted duplicate class definition for lombok.eclipse.agent.PatchDiagnostics. (lombok.eclipse.agent.PatchDiagnostics is in unnamed module of loader lombok.launch.ShadowClassLoader @57490d2e, parent loader org.eclipse.osgi.internal.loader.EquinoxClassLoader @5b4b054)> (0x00000000d6698048) 
thrown [s\src\hotspot\share\classfile\systemDictionary.cpp, line 1682]
Event: 6.211 Thread 0x0000022572f7d710 Exception <a 'java/lang/LinkageError'{0x00000000d6690be8}: loader lombok.launch.ShadowClassLoader @57490d2e attempted duplicate class definition for lombok.eclipse.EcjAugments. (lombok.eclipse.EcjAugments is in unnamed module of loader lombok.launch.ShadowClassLoader @57490d2e, parent loader org.eclipse.osgi.internal.loader.EquinoxClassLoader @5b4b054)> (0x00000000d6690be8) 
thrown [s\src\hotspot\share\classfile\systemDictionary.cpp, line 1682]
Event: 6.211 Thread 0x0000022572f7e430 Exception <a 'java/lang/LinkageError'{0x00000000d66a16c8}: loader lombok.launch.ShadowClassLoader @57490d2e attempted duplicate class definition for lombok.eclipse.EcjAugments. (lombok.eclipse.EcjAugments is in unnamed module of loader lombok.launch.ShadowClassLoader @57490d2e, parent loader org.eclipse.osgi.internal.loader.EquinoxClassLoader @5b4b054)> (0x00000000d66a16c8) 
thrown [s\src\hotspot\share\classfile\systemDictionary.cpp, line 1682]
Event: 6.235 Thread 0x00000225730457d0 Exception <a 'java/lang/LinkageError'{0x00000000d560ea00}: loader lombok.launch.ShadowClassLoader @57490d2e attempted duplicate class definition for lombok.launch.PatchFixesHider$PatchFixes. (lombok.launch.PatchFixesHider$PatchFixes is in unnamed module of loader lombok.launch.ShadowClassLoader @57490d2e, parent loader org.eclipse.osgi.internal.loader.EquinoxClassLoader @5b4b054)> (0x00000000d560ea00) 
thrown [s\src\hotspot\share\classfile\systemDictionary.cpp, line 1682]
Event: 6.239 Thread 0x0000022572f7e430 Exception <a 'java/lang/LinkageError'{0x00000000d562b388}: loader lombok.launch.ShadowClassLoader @57490d2e attempted duplicate class definition for lombok.launch.PatchFixesHider$PatchFixes. (lombok.launch.PatchFixesHider$PatchFixes is in unnamed module of loader lombok.launch.ShadowClassLoader @57490d2e, parent loader org.eclipse.osgi.internal.loader.EquinoxClassLoader @5b4b054)> (0x00000000d562b388) 
thrown [s\src\hotspot\share\classfile\systemDictionary.cpp, line 1682]
Event: 6.264 Thread 0x0000022572f7d710 Exception <a 'java/lang/LinkageError'{0x00000000d56e8600}: loader lombok.launch.ShadowClassLoader @57490d2e attempted duplicate class definition for lombok.launch.PatchFixesHider$ValPortal. (lombok.launch.PatchFixesHider$ValPortal is in unnamed module of loader lombok.launch.ShadowClassLoader @57490d2e, parent loader org.eclipse.osgi.internal.loader.EquinoxClassLoader @5b4b054)> (0x00000000d56e8600) 
thrown [s\src\hotspot\share\classfile\systemDictionary.cpp, line 1682]
Event: 6.357 Thread 0x0000022572f7d710 Implicit null exception at 0x000002254fc320da to 0x000002254fc32133
Event: 6.692 Thread 0x0000022572f7d710 Exception <a 'java/lang/NoSuchMethodError'{0x00000000d6079340}: 'java.lang.Object java.lang.invoke.DirectMethodHandle$Holder.newInvokeSpecial(java.lang.Object, java.lang.Object, int, java.lang.Object, java.lang.Object, java.lang.Object, java.lang.Object)'> (0x00000000d6079340) 
thrown [s\src\hotspot\share\interpreter\linkResolver.cpp, line 773]
Event: 6.725 Thread 0x0000022567d10bb0 Implicit null exception at 0x000002254fd5ac20 to 0x000002254fd5ae38
Event: 7.064 Thread 0x0000022568b67ef0 Exception <a 'java/lang/IncompatibleClassChangeError'{0x00000000d5c0b110}: Found class java.lang.Object, but interface was expected> (0x00000000d5c0b110) 
thrown [s\src\hotspot\share\interpreter\linkResolver.cpp, line 840]
Event: 7.112 Thread 0x0000022568b67ef0 Exception <a 'java/lang/ArrayIndexOutOfBoundsException'{0x00000000d5f45ee8}: Index 3376 out of bounds for length 3376> (0x00000000d5f45ee8) 
thrown [s\src\hotspot\share\interpreter\interpreterRuntime.cpp, line 439]
Event: 7.316 Thread 0x0000022572f7d710 Exception <a 'java/lang/NoSuchMethodError'{0x00000000d604b210}: 'void java.lang.invoke.DirectMethodHandle$Holder.invokeVirtual(java.lang.Object, java.lang.Object, java.lang.Object, java.lang.Object, java.lang.Object)'> (0x00000000d604b210) 
thrown [s\src\hotspot\share\interpreter\linkResolver.cpp, line 773]
Event: 7.352 Thread 0x000002256989cfe0 Exception <a 'java/lang/ArrayIndexOutOfBoundsException'{0x00000000d6258fd0}> (0x00000000d6258fd0) 
thrown [s\src\hotspot\share\runtime\sharedRuntime.cpp, line 625]
Event: 7.369 Thread 0x0000022568b67ef0 Exception <a 'java/lang/ArrayIndexOutOfBoundsException'{0x00000000d633e310}> (0x00000000d633e310) 
thrown [s\src\hotspot\share\runtime\sharedRuntime.cpp, line 625]
Event: 7.404 Thread 0x0000022568b67ef0 Exception <a 'java/lang/IncompatibleClassChangeError'{0x00000000d55a7300}: Found class java.lang.Object, but interface was expected> (0x00000000d55a7300) 
thrown [s\src\hotspot\share\interpreter\linkResolver.cpp, line 840]
Event: 7.419 Thread 0x000002256989cfe0 Exception <a 'java/lang/NoSuchMethodError'{0x00000000d56786e8}: 'java.lang.Object java.lang.invoke.DirectMethodHandle$Holder.invokeSpecial(java.lang.Object, java.lang.Object, java.lang.Object, java.lang.Object, int, java.lang.Object, java.lang.Object)'> (0x00000000d56786e8) 
thrown [s\src\hotspot\share\interpreter\linkResolver.cpp, line 773]
Event: 7.636 Thread 0x0000022568b67ef0 Exception <a 'java/lang/ArrayIndexOutOfBoundsException'{0x00000000d5db3618}> (0x00000000d5db3618) 
thrown [s\src\hotspot\share\runtime\sharedRuntime.cpp, line 625]
Event: 7.930 Thread 0x000002256989cfe0 Exception <a 'java/lang/ArrayIndexOutOfBoundsException'{0x00000000d5aafe30}> (0x00000000d5aafe30) 
thrown [s\src\hotspot\share\runtime\sharedRuntime.cpp, line 625]

ZGC Phase Switch (0 events):
No events

VM Operations (20 events):
Event: 7.090 Executing VM operation: HandshakeAllThreads (Deoptimize)
Event: 7.090 Executing VM operation: HandshakeAllThreads (Deoptimize) done
Event: 7.091 Executing VM operation: HandshakeAllThreads (Deoptimize)
Event: 7.091 Executing VM operation: HandshakeAllThreads (Deoptimize) done
Event: 7.101 Executing VM operation: HandshakeAllThreads (Deoptimize)
Event: 7.101 Executing VM operation: HandshakeAllThreads (Deoptimize) done
Event: 7.104 Executing VM operation: HandshakeAllThreads (Deoptimize)
Event: 7.105 Executing VM operation: HandshakeAllThreads (Deoptimize) done
Event: 7.143 Executing VM operation: HandshakeAllThreads (Deoptimize)
Event: 7.143 Executing VM operation: HandshakeAllThreads (Deoptimize) done
Event: 7.169 Executing VM operation: ParallelGCFailedAllocation (Allocation Failure)
Event: 7.170 Executing VM operation: ParallelGCFailedAllocation (Allocation Failure) done
Event: 7.367 Executing VM operation: ICBufferFull
Event: 7.368 Executing VM operation: ICBufferFull done
Event: 7.380 Executing VM operation: ParallelGCFailedAllocation (Allocation Failure)
Event: 7.382 Executing VM operation: ParallelGCFailedAllocation (Allocation Failure) done
Event: 7.890 Executing VM operation: ParallelGCFailedAllocation (Allocation Failure)
Event: 7.892 Executing VM operation: ParallelGCFailedAllocation (Allocation Failure) done
Event: 8.108 Executing VM operation: ParallelGCFailedAllocation (Allocation Failure)
Event: 8.109 Executing VM operation: ParallelGCFailedAllocation (Allocation Failure) done

Memory protections (0 events):
No events

Nmethod flushes (20 events):
Event: 4.575 Thread 0x00000225447938b0 flushing  nmethod 0x000002254820cf90
Event: 4.575 Thread 0x00000225447938b0 flushing  nmethod 0x000002254822f210
Event: 4.575 Thread 0x00000225447938b0 flushing osr nmethod 0x0000022548237390
Event: 4.575 Thread 0x00000225447938b0 flushing osr nmethod 0x0000022548239890
Event: 4.575 Thread 0x00000225447938b0 flushing osr nmethod 0x0000022548275690
Event: 4.575 Thread 0x00000225447938b0 flushing  nmethod 0x000002254828d810
Event: 4.575 Thread 0x00000225447938b0 flushing  nmethod 0x00000225482aa410
Event: 4.575 Thread 0x00000225447938b0 flushing  nmethod 0x00000225482b8710
Event: 4.575 Thread 0x00000225447938b0 flushing  nmethod 0x00000225482bbf90
Event: 4.575 Thread 0x00000225447938b0 flushing  nmethod 0x00000225482d8190
Event: 4.575 Thread 0x00000225447938b0 flushing  nmethod 0x00000225482f9990
Event: 4.575 Thread 0x00000225447938b0 flushing  nmethod 0x0000022548305290
Event: 4.575 Thread 0x00000225447938b0 flushing  nmethod 0x000002254830b010
Event: 4.575 Thread 0x00000225447938b0 flushing  nmethod 0x000002254830b610
Event: 4.575 Thread 0x00000225447938b0 flushing  nmethod 0x000002254830be90
Event: 4.575 Thread 0x00000225447938b0 flushing  nmethod 0x000002254830c490
Event: 4.575 Thread 0x00000225447938b0 flushing  nmethod 0x0000022548310e10
Event: 4.575 Thread 0x00000225447938b0 flushing  nmethod 0x000002254835e790
Event: 4.575 Thread 0x00000225447938b0 flushing  nmethod 0x0000022548398b90
Event: 4.575 Thread 0x00000225447938b0 flushing  nmethod 0x0000022548399790

Events (20 events):
Event: 5.723 Thread 0x000002256989a1f0 Thread added: 0x000002256989cfe0
Event: 5.723 Thread 0x000002256989c950 Thread added: 0x000002256989bc30
Event: 5.724 Thread 0x000002256989cfe0 Thread added: 0x000002256989dd00
Event: 5.724 Thread 0x000002256989bc30 Thread added: 0x000002256989a880
Event: 5.726 Thread 0x000002256989dd00 Thread added: 0x000002256989e390
Event: 5.727 Thread 0x000002256989a880 Thread added: 0x000002256989ea20
Event: 5.728 Thread 0x000002256989e390 Thread added: 0x000002256989b5a0
Event: 5.728 Thread 0x000002256989ea20 Thread added: 0x000002256989f740
Event: 5.729 Thread 0x000002256989b5a0 Thread added: 0x00000225698a1180
Event: 7.004 Thread 0x0000022564d051c0 Thread exited: 0x0000022564d051c0
Event: 7.026 Thread 0x0000022564115f20 Thread added: 0x00000225693df1d0
Event: 7.619 Thread 0x00000225693df1d0 Thread exited: 0x00000225693df1d0
Event: 7.884 Thread 0x00000225644368a0 Thread exited: 0x00000225644368a0
Event: 7.884 Thread 0x00000225692b70b0 Thread exited: 0x00000225692b70b0
Event: 7.885 Thread 0x000002256611f6a0 Thread exited: 0x000002256611f6a0
Event: 7.885 Thread 0x0000022566ecf390 Thread exited: 0x0000022566ecf390
Event: 7.885 Thread 0x0000022564ff0bf0 Thread exited: 0x0000022564ff0bf0
Event: 7.897 Thread 0x000002255c765100 Thread added: 0x00000225693df8a0
Event: 7.906 Thread 0x0000022564115f20 Thread added: 0x00000225693e0d10
Event: 7.906 Thread 0x0000022564115f20 Thread added: 0x00000225693df1d0


Dynamic libraries:
0x00007ff7aa0e0000 - 0x00007ff7aa0ee000 	c:\Users\thoma\.vscode\extensions\redhat.java-1.51.0-win32-x64\jre\21.0.9-win32-x86_64\bin\java.exe
0x00007fff79f00000 - 0x00007fff7a167000 	C:\WINDOWS\SYSTEM32\ntdll.dll
0x00007fff78960000 - 0x00007fff78a29000 	C:\WINDOWS\System32\KERNEL32.DLL
0x00007fff77190000 - 0x00007fff7757f000 	C:\WINDOWS\System32\KERNELBASE.dll
0x00007fff71270000 - 0x00007fff7130f000 	C:\WINDOWS\SYSTEM32\apphelp.dll
0x00007fff776c0000 - 0x00007fff7780b000 	C:\WINDOWS\System32\ucrtbase.dll
0x00007fff415e0000 - 0x00007fff415f8000 	c:\Users\thoma\.vscode\extensions\redhat.java-1.51.0-win32-x64\jre\21.0.9-win32-x86_64\bin\jli.dll
0x00007fff795f0000 - 0x00007fff797b5000 	C:\WINDOWS\System32\USER32.dll
0x00007fff30ab0000 - 0x00007fff30ace000 	c:\Users\thoma\.vscode\extensions\redhat.java-1.51.0-win32-x64\jre\21.0.9-win32-x86_64\bin\VCRUNTIME140.dll
0x00007fff77810000 - 0x00007fff77837000 	C:\WINDOWS\System32\win32u.dll
0x00007fff792b0000 - 0x00007fff792db000 	C:\WINDOWS\System32\GDI32.dll
0x00007fff5af60000 - 0x00007fff5b1f3000 	C:\WINDOWS\WinSxS\amd64_microsoft.windows.common-controls_6595b64144ccf1df_6.0.26100.7309_none_3e05feeae336a044\COMCTL32.dll
0x00007fff77590000 - 0x00007fff776bc000 	C:\WINDOWS\System32\gdi32full.dll
0x00007fff77840000 - 0x00007fff778e3000 	C:\WINDOWS\System32\msvcp_win.dll
0x00007fff78780000 - 0x00007fff78829000 	C:\WINDOWS\System32\msvcrt.dll
0x00007fff78860000 - 0x00007fff78891000 	C:\WINDOWS\System32\IMM32.DLL
0x00007fff6bd70000 - 0x00007fff6bd7c000 	c:\Users\thoma\.vscode\extensions\redhat.java-1.51.0-win32-x64\jre\21.0.9-win32-x86_64\bin\vcruntime140_1.dll
0x00007ffed7970000 - 0x00007ffed79fd000 	c:\Users\thoma\.vscode\extensions\redhat.java-1.51.0-win32-x64\jre\21.0.9-win32-x86_64\bin\msvcp140.dll
0x00007ffe3ef70000 - 0x00007ffe3fd10000 	c:\Users\thoma\.vscode\extensions\redhat.java-1.51.0-win32-x64\jre\21.0.9-win32-x86_64\bin\server\jvm.dll
0x00007fff79d60000 - 0x00007fff79e14000 	C:\WINDOWS\System32\ADVAPI32.dll
0x00007fff79c50000 - 0x00007fff79cf6000 	C:\WINDOWS\System32\sechost.dll
0x00007fff79190000 - 0x00007fff792a8000 	C:\WINDOWS\System32\RPCRT4.dll
0x00007fff77ca0000 - 0x00007fff77d14000 	C:\WINDOWS\System32\WS2_32.dll
0x00007fff68ca0000 - 0x00007fff68cd5000 	C:\WINDOWS\SYSTEM32\WINMM.dll
0x00007fff75c60000 - 0x00007fff75cbe000 	C:\WINDOWS\SYSTEM32\POWRPROF.dll
0x00007fff6cf60000 - 0x00007fff6cf6b000 	C:\WINDOWS\SYSTEM32\VERSION.dll
0x00007fff75c40000 - 0x00007fff75c54000 	C:\WINDOWS\SYSTEM32\UMPDC.dll
0x00007fff75f20000 - 0x00007fff75f3b000 	C:\WINDOWS\SYSTEM32\kernel.appcore.dll
0x00007fff60740000 - 0x00007fff6074a000 	c:\Users\thoma\.vscode\extensions\redhat.java-1.51.0-win32-x64\jre\21.0.9-win32-x86_64\bin\jimage.dll
0x00007fff742e0000 - 0x00007fff74522000 	C:\WINDOWS\SYSTEM32\DBGHELP.DLL
0x00007fff781a0000 - 0x00007fff78526000 	C:\WINDOWS\System32\combase.dll
0x00007fff79390000 - 0x00007fff79466000 	C:\WINDOWS\System32\OLEAUT32.dll
0x00007fff581f0000 - 0x00007fff5822c000 	C:\WINDOWS\SYSTEM32\dbgcore.DLL
0x00007fff770e0000 - 0x00007fff77185000 	C:\WINDOWS\System32\bcryptPrimitives.dll
0x00007fff60730000 - 0x00007fff6073f000 	c:\Users\thoma\.vscode\extensions\redhat.java-1.51.0-win32-x64\jre\21.0.9-win32-x86_64\bin\instrument.dll
0x00007fff24470000 - 0x00007fff24490000 	c:\Users\thoma\.vscode\extensions\redhat.java-1.51.0-win32-x64\jre\21.0.9-win32-x86_64\bin\java.dll
0x00007fff78a30000 - 0x00007fff79183000 	C:\WINDOWS\System32\SHELL32.dll
0x00007fff77b30000 - 0x00007fff77c9a000 	C:\WINDOWS\System32\wintypes.dll
0x00007fff74c40000 - 0x00007fff7549e000 	C:\WINDOWS\SYSTEM32\windows.storage.dll
0x00007fff79470000 - 0x00007fff79565000 	C:\WINDOWS\System32\SHCORE.dll
0x00007fff77d20000 - 0x00007fff77d86000 	C:\WINDOWS\System32\shlwapi.dll
0x00007fff76f70000 - 0x00007fff76f99000 	C:\WINDOWS\SYSTEM32\profapi.dll
0x00007fff1d580000 - 0x00007fff1d598000 	c:\Users\thoma\.vscode\extensions\redhat.java-1.51.0-win32-x64\jre\21.0.9-win32-x86_64\bin\zip.dll
0x00007fff4dde0000 - 0x00007fff4ddf0000 	C:\Users\thoma\.vscode\extensions\redhat.java-1.51.0-win32-x64\jre\21.0.9-win32-x86_64\bin\net.dll
0x00007fff6ddf0000 - 0x00007fff6df18000 	C:\WINDOWS\SYSTEM32\WINHTTP.dll
0x00007fff76490000 - 0x00007fff764fb000 	C:\WINDOWS\system32\mswsock.dll
0x00007fff18d30000 - 0x00007fff18d46000 	C:\Users\thoma\.vscode\extensions\redhat.java-1.51.0-win32-x64\jre\21.0.9-win32-x86_64\bin\nio.dll
0x00007fff44160000 - 0x00007fff44170000 	c:\Users\thoma\.vscode\extensions\redhat.java-1.51.0-win32-x64\jre\21.0.9-win32-x86_64\bin\verify.dll
0x00007ffed6550000 - 0x00007ffed6594000 	C:\Users\thoma\AppData\Roaming\Code\User\globalStorage\redhat.java\1.51.0\config_win\org.eclipse.equinox.launcher\org.eclipse.equinox.launcher.win32.win32.x86_64_1.2.1400.v20250801-0854\eclipse_11916.dll
0x00007fff77f00000 - 0x00007fff78097000 	C:\WINDOWS\System32\ole32.dll
0x00007fff76760000 - 0x00007fff7677b000 	C:\WINDOWS\SYSTEM32\CRYPTSP.dll
0x00007fff75e80000 - 0x00007fff75eba000 	C:\WINDOWS\system32\rsaenh.dll
0x00007fff76540000 - 0x00007fff7656b000 	C:\WINDOWS\SYSTEM32\USERENV.dll
0x00007fff76f40000 - 0x00007fff76f6a000 	C:\WINDOWS\SYSTEM32\bcrypt.dll
0x00007fff76750000 - 0x00007fff7675c000 	C:\WINDOWS\SYSTEM32\CRYPTBASE.dll
0x00007fff75850000 - 0x00007fff75884000 	C:\WINDOWS\SYSTEM32\IPHLPAPI.DLL
0x00007fff79d00000 - 0x00007fff79d0a000 	C:\WINDOWS\System32\NSI.dll
0x00007ffed6500000 - 0x00007ffed6549000 	C:\Users\thoma\AppData\Local\Temp\jna-110336847\jna10655517916986412120.dll
0x00007fff78850000 - 0x00007fff78858000 	C:\WINDOWS\System32\PSAPI.DLL
0x00007fff6e010000 - 0x00007fff6e02e000 	C:\WINDOWS\SYSTEM32\dhcpcsvc6.DLL
0x00007fff6dfe0000 - 0x00007fff6e003000 	C:\WINDOWS\SYSTEM32\dhcpcsvc.DLL
0x00007fff76040000 - 0x00007fff76076000 	C:\WINDOWS\SYSTEM32\ntmarta.dll

JVMTI agents:
c:\Users\thoma\.vscode\extensions\redhat.java-1.51.0-win32-x64\lombok\lombok-1.18.39-4050.jar path:c:\Users\thoma\.vscode\extensions\redhat.java-1.51.0-win32-x64\jre\21.0.9-win32-x86_64\bin\instrument.dll, loaded, initialized, instrumentlib options:none

dbghelp: loaded successfully - version: 4.0.5 - missing functions: none
symbol engine: initialized successfully - sym options: 0x614 - pdb path: .;c:\Users\thoma\.vscode\extensions\redhat.java-1.51.0-win32-x64\jre\21.0.9-win32-x86_64\bin;C:\WINDOWS\SYSTEM32;C:\WINDOWS\WinSxS\amd64_microsoft.windows.common-controls_6595b64144ccf1df_6.0.26100.7309_none_3e05feeae336a044;c:\Users\thoma\.vscode\extensions\redhat.java-1.51.0-win32-x64\jre\21.0.9-win32-x86_64\bin\server;C:\Users\thoma\AppData\Roaming\Code\User\globalStorage\redhat.java\1.51.0\config_win\org.eclipse.equinox.launcher\org.eclipse.equinox.launcher.win32.win32.x86_64_1.2.1400.v20250801-0854;C:\Users\thoma\AppData\Local\Temp\jna-110336847

VM Arguments:
jvm_args: --add-modules=ALL-SYSTEM --add-opens=java.base/java.util=ALL-UNNAMED --add-opens=java.base/java.lang=ALL-UNNAMED --add-opens=java.base/sun.nio.fs=ALL-UNNAMED -Declipse.application=org.eclipse.jdt.ls.core.id1 -Dosgi.bundles.defaultStartLevel=4 -Declipse.product=org.eclipse.jdt.ls.core.product -Djava.import.generatesMetadataFilesAtProjectRoot=false -DDetectVMInstallationsJob.disabled=true -Dfile.encoding=utf8 -XX:+UseParallelGC -XX:GCTimeRatio=4 -XX:AdaptiveSizePolicyWeight=90 -Dsun.zip.disableMemoryMapping=true -Xmx2G -Xms100m -Xlog:disable -javaagent:c:\Users\thoma\.vscode\extensions\redhat.java-1.51.0-win32-x64\lombok\lombok-1.18.39-4050.jar -XX:+HeapDumpOnOutOfMemoryError -XX:HeapDumpPath=c:\Users\thoma\AppData\Roaming\Code\User\workspaceStorage\545c5f00d3e29165acb367e6c5dfbc4f\redhat.java -Daether.dependencyCollector.impl=bf 
java_command: c:\Users\thoma\.vscode\extensions\redhat.java-1.51.0-win32-x64\server\plugins\org.eclipse.equinox.launcher_1.7.100.v20251111-0406.jar -configuration c:\Users\thoma\AppData\Roaming\Code\User\globalStorage\redhat.java\1.51.0\config_win -data c:\Users\thoma\AppData\Roaming\Code\User\workspaceStorage\545c5f00d3e29165acb367e6c5dfbc4f\redhat.java\jdt_ws --pipe=\\.\pipe\lsp-f1762a0c60d27d618b61f0162e2bba52-sock
java_class_path (initial): c:\Users\thoma\.vscode\extensions\redhat.java-1.51.0-win32-x64\server\plugins\org.eclipse.equinox.launcher_1.7.100.v20251111-0406.jar
Launcher Type: SUN_STANDARD

[Global flags]
    uintx AdaptiveSizePolicyWeight                 = 90                                        {product} {command line}
     intx CICompilerCount                          = 15                                        {product} {ergonomic}
    uintx GCTimeRatio                              = 4                                         {product} {command line}
     bool HeapDumpOnOutOfMemoryError               = true                                   {manageable} {command line}
    ccstr HeapDumpPath                             = c:\Users\thoma\AppData\Roaming\Code\User\workspaceStorage\545c5f00d3e29165acb367e6c5dfbc4f\redhat.java         {manageable} {command line}
   size_t InitialHeapSize                          = 104857600                                 {product} {command line}
   size_t MaxHeapSize                              = 2147483648                                {product} {command line}
   size_t MaxNewSize                               = 715653120                                 {product} {ergonomic}
   size_t MinHeapDeltaBytes                        = 524288                                    {product} {ergonomic}
   size_t MinHeapSize                              = 104857600                                 {product} {command line}
   size_t NewSize                                  = 34603008                                  {product} {ergonomic}
    uintx NonNMethodCodeHeapSize                   = 8192380                                {pd product} {ergonomic}
    uintx NonProfiledCodeHeapSize                  = 121732930                              {pd product} {ergonomic}
   size_t OldSize                                  = 70254592                                  {product} {ergonomic}
    uintx ProfiledCodeHeapSize                     = 121732930                              {pd product} {ergonomic}
    uintx ReservedCodeCacheSize                    = 251658240                              {pd product} {ergonomic}
     bool SegmentedCodeCache                       = true                                      {product} {ergonomic}
   size_t SoftMaxHeapSize                          = 2147483648                             {manageable} {ergonomic}
     bool UseCompressedOops                        = true                           {product lp64_product} {ergonomic}
     bool UseLargePagesIndividualAllocation        = false                                  {pd product} {ergonomic}
     bool UseParallelGC                            = true                                      {product} {command line}

Logging:
Log output configuration:
 #0: stdout all=off uptime,level,tags foldmultilines=false
 #1: stderr all=off uptime,level,tags foldmultilines=false

Release file:
JAVA_VERSION="21.0.9" 
MODULES="java.base java.compiler java.datatransfer java.xml java.prefs java.desktop java.instrument java.logging java.management java.security.sasl java.naming java.rmi java.management.rmi java.net.http java.scripting java.security.jgss java.transaction.xa java.sql java.sql.rowset java.xml.crypto java.se java.smartcardio jdk.accessibility jdk.internal.jvmstat jdk.attach jdk.charsets jdk.internal.opt jdk.zipfs jdk.compiler jdk.crypto.ec jdk.crypto.cryptoki jdk.crypto.mscapi jdk.dynalink jdk.internal.ed jdk.editpad jdk.hotspot.agent jdk.httpserver jdk.internal.le jdk.internal.vm.ci jdk.internal.vm.compiler jdk.internal.vm.compiler.management jdk.jartool jdk.javadoc jdk.jcmd jdk.management jdk.management.agent jdk.jconsole jdk.jdeps jdk.jdwp.agent jdk.jdi jdk.jfr jdk.jshell jdk.jsobject jdk.jstatd jdk.localedata jdk.management.jfr jdk.naming.dns jdk.naming.rmi jdk.net jdk.nio.mapmode jdk.random jdk.sctp jdk.security.auth jdk.security.jgss jdk.unsupported jdk.unsupported.desktop jdk.xml.dom" 

Environment Variables:
JAVA_HOME=C:\Program Files\Eclipse Adoptium\jdk-21.0.8.9-hotspot\
PATH=C:\Program Files\Eclipse Adoptium\jdk-21.0.8.9-hotspot\bin;C:\Program Files\Eclipse Adoptium\jdk-17.0.15.6-hotspot\bin;C:\WINDOWS\system32;C:\WINDOWS;C:\WINDOWS\System32\Wbem;C:\WINDOWS\System32\WindowsPowerShell\v1.0\;C:\WINDOWS\System32\OpenSSH\;C:\Program Files\dotnet\;C:\ProgramData\chocolatey\bin;C:\Program Files\Git\cmd;C:\Program Files\PuTTY\;C:\Program Files\Docker\Docker\resources\bin;C:\Program Files\WinGet\Links;C:\Program Files\NVIDIA Corporation\NVIDIA App\NvDLISR;C:\Program Files (x86)\NVIDIA Corporation\PhysX\Common;C:\Users\thoma\AppData\Local\nvm;C:\nvm4w\nodejs;C:\Program Files\Eclipse Adoptium\jdk-21.0.8.9-hotspot\\bin;C:\Program Files\Eclipse Adoptium\jdk-21.0.8.9-hotspot\bin;C:\WINDOWS\system32;C:\WINDOWS;C:\WINDOWS\System32\Wbem;C:\WINDOWS\System32\WindowsPowerShell\v1.0\;C:\WINDOWS\System32\OpenSSH\;C:\Program Files\dotnet\;C:\Program Files\nodejs\;C:\ProgramData\chocolatey\bin;C:\Program Files\Git\cmd;C:\Program Files\PuTTY\;C:\Program Files\Docker\Docker\resources\bin;C:\Ruby33-x64\bin;C:\Users\thoma\AppData\Local\Programs\Python\Launcher\;D:\Projets\GestionStock-main\signature\Scripts\;C:\Users\thoma\AppData\Local\Programs\Python\Python312\Scripts\;C:\Users\thoma\AppData\Local\Programs\Python\Python312\;C:\Users\thoma\AppData\Local\Microsoft\WindowsApps;C:\Users\thoma\AppData\Local\Programs\Microsoft VS Code\bin;C:\Program Files\PostgreSQL\16\bin;C:\Program Files\Docker\Docker\resources\bin;C:\Program Files\apache-maven-3.9.10\bin;C:\Program Files\Eclipse Adoptium\jdk-17.0.15.6-hotspot\bin;C:\Users\thoma\AppData\Local\Microsoft\WinGet\Packages\Ngrok.Ngrok_Microsoft.Winget.Source_8wekyb3d8bbwe;C:\Users\thoma\AppData\Local\nvm;C:\nvm4w\nodejs;
USERNAME=thoma
OS=Windows_NT
PROCESSOR_IDENTIFIER=Intel64 Family 6 Model 183 Stepping 1, GenuineIntel
TMP=C:\Users\thoma\AppData\Local\Temp
TEMP=C:\Users\thoma\AppData\Local\Temp




Periodic native trim disabled

---------------  S Y S T E M  ---------------

OS:
 Windows 11 , 64 bit Build 26100 (10.0.26100.7623)
OS uptime: 1 days 18:37 hours
Hyper-V role detected

CPU: total 32 (initial active 32) (16 cores per cpu, 2 threads per core) family 6 model 183 stepping 1 microcode 0x120, cx8, cmov, fxsr, ht, mmx, 3dnowpref, sse, sse2, sse3, ssse3, sse4.1, sse4.2, popcnt, lzcnt, tsc, tscinvbit, avx, avx2, aes, erms, clmul, bmi1, bmi2, adx, sha, fma, vzeroupper, clflush, clflushopt, clwb, hv, serialize, rdtscp, rdpid, fsrm, f16c, cet_ibt, cet_ss
Processor Information for processor 0
  Max Mhz: 2200, Current Mhz: 2200, Mhz Limit: 2200
Processor Information for processor 1
  Max Mhz: 2200, Current Mhz: 2200, Mhz Limit: 2200
Processor Information for processor 2
  Max Mhz: 2200, Current Mhz: 2200, Mhz Limit: 2200
Processor Information for processor 3
  Max Mhz: 2200, Current Mhz: 1466, Mhz Limit: 2200
Processor Information for processor 4
  Max Mhz: 2200, Current Mhz: 2200, Mhz Limit: 2200
Processor Information for processor 5
  Max Mhz: 2200, Current Mhz: 2200, Mhz Limit: 2200
Processor Information for processor 6
  Max Mhz: 2200, Current Mhz: 2200, Mhz Limit: 2200
Processor Information for processor 7
  Max Mhz: 2200, Current Mhz: 1466, Mhz Limit: 2200
Processor Information for processor 8
  Max Mhz: 2200, Current Mhz: 2200, Mhz Limit: 2200
Processor Information for processor 9
  Max Mhz: 2200, Current Mhz: 2200, Mhz Limit: 2200
Processor Information for processor 10
  Max Mhz: 2200, Current Mhz: 2200, Mhz Limit: 2200
Processor Information for processor 11
  Max Mhz: 2200, Current Mhz: 1466, Mhz Limit: 2200
Processor Information for processor 12
  Max Mhz: 2200, Current Mhz: 2200, Mhz Limit: 2200
Processor Information for processor 13
  Max Mhz: 2200, Current Mhz: 1466, Mhz Limit: 2200
Processor Information for processor 14
  Max Mhz: 2200, Current Mhz: 2200, Mhz Limit: 2200
Processor Information for processor 15
  Max Mhz: 2200, Current Mhz: 2200, Mhz Limit: 2200
Processor Information for processor 16
  Max Mhz: 2200, Current Mhz: 1500, Mhz Limit: 1584
Processor Information for processor 17
  Max Mhz: 2200, Current Mhz: 1600, Mhz Limit: 1584
Processor Information for processor 18
  Max Mhz: 2200, Current Mhz: 1500, Mhz Limit: 1584
Processor Information for processor 19
  Max Mhz: 2200, Current Mhz: 1600, Mhz Limit: 1584
Processor Information for processor 20
  Max Mhz: 2200, Current Mhz: 1600, Mhz Limit: 1584
Processor Information for processor 21
  Max Mhz: 2200, Current Mhz: 1500, Mhz Limit: 1584
Processor Information for processor 22
  Max Mhz: 2200, Current Mhz: 1500, Mhz Limit: 1584
Processor Information for processor 23
  Max Mhz: 2200, Current Mhz: 1500, Mhz Limit: 1584
Processor Information for processor 24
  Max Mhz: 2200, Current Mhz: 1600, Mhz Limit: 1584
Processor Information for processor 25
  Max Mhz: 2200, Current Mhz: 1500, Mhz Limit: 1584
Processor Information for processor 26
  Max Mhz: 2200, Current Mhz: 1600, Mhz Limit: 1584
Processor Information for processor 27
  Max Mhz: 2200, Current Mhz: 1600, Mhz Limit: 1584
Processor Information for processor 28
  Max Mhz: 2200, Current Mhz: 1500, Mhz Limit: 1584
Processor Information for processor 29
  Max Mhz: 2200, Current Mhz: 1600, Mhz Limit: 1584
Processor Information for processor 30
  Max Mhz: 2200, Current Mhz: 1600, Mhz Limit: 1584
Processor Information for processor 31
  Max Mhz: 2200, Current Mhz: 1600, Mhz Limit: 1584

Memory: 4k page, system-wide physical 65270M (44174M free)
TotalPageFile size 69366M (AvailPageFile size 44232M)
current process WorkingSet (physical memory assigned to process): 433M, peak: 442M
current process commit charge ("private bytes"): 550M, peak: 562M

vm_info: OpenJDK 64-Bit Server VM (21.0.9+10-LTS) for windows-amd64 JRE (21.0.9+10-LTS), built on 2025-10-21T00:00:00Z by "admin" with unknown MS VC++:1942

END.
