#
# A fatal error has been detected by the Java Runtime Environment:
#
#  EXCEPTION_ACCESS_VIOLATION (0xc0000005) at pc=0x00007ff96afc2df2, pid=41604, tid=16048
#
# JRE version: OpenJDK Runtime Environment Temurin-21.0.9+10 (21.0.9+10) (build 21.0.9+10-LTS)
# Java VM: OpenJDK 64-Bit Server VM Temurin-21.0.9+10 (21.0.9+10-LTS, mixed mode, sharing, tiered, compressed oops, compressed class ptrs, parallel gc, windows-amd64)
# Problematic frame:
# V  [jvm.dll+0x302df2]
#
# No core dump will be written. Minidumps are not enabled by default on client versions of Windows
#
# If you would like to submit a bug report, please visit:
#   https://github.com/adoptium/adoptium-support/issues
#

---------------  S U M M A R Y ------------

Command Line: --add-modules=ALL-SYSTEM --add-opens=java.base/java.util=ALL-UNNAMED --add-opens=java.base/java.lang=ALL-UNNAMED --add-opens=java.base/sun.nio.fs=ALL-UNNAMED -Declipse.application=org.eclipse.jdt.ls.core.id1 -Dosgi.bundles.defaultStartLevel=4 -Declipse.product=org.eclipse.jdt.ls.core.product -Djava.import.generatesMetadataFilesAtProjectRoot=false -DDetectVMInstallationsJob.disabled=true -Dfile.encoding=utf8 -XX:+UseParallelGC -XX:GCTimeRatio=4 -XX:AdaptiveSizePolicyWeight=90 -Dsun.zip.disableMemoryMapping=true -Xmx2G -Xms100m -Xlog:disable -javaagent:c:\Users\thoma\.vscode\extensions\redhat.java-1.52.0-win32-x64\lombok\lombok-1.18.39-4050.jar -XX:+HeapDumpOnOutOfMemoryError -XX:HeapDumpPath=c:\Users\thoma\AppData\Roaming\Code\User\workspaceStorage\545c5f00d3e29165acb367e6c5dfbc4f\redhat.java -Daether.dependencyCollector.impl=bf c:\Users\thoma\.vscode\extensions\redhat.java-1.52.0-win32-x64\server\plugins\org.eclipse.equinox.launcher_1.7.100.v20251111-0406.jar -configuration c:\Users\thoma\AppData\Roaming\Code\User\globalStorage\redhat.java\1.52.0\config_win -data c:\Users\thoma\AppData\Roaming\Code\User\workspaceStorage\545c5f00d3e29165acb367e6c5dfbc4f\redhat.java\jdt_ws --pipe=\\.\pipe\lsp-277465664e376c61a05959cbe98452bc-sock

Host: Intel(R) Core(TM) i9-14900HX, 32 cores, 63G,  Windows 11 , 64 bit Build 26100 (10.0.26100.7705)
Time: Tue Feb 17 10:15:12 2026 Île Maurice elapsed time: 558.569877 seconds (0d 0h 9m 18s)

---------------  T H R E A D  ---------------

Current thread (0x000001ef7c7ce070):  JavaThread "C2 CompilerThread0" daemon [_thread_in_native, id=16048, stack(0x000000ed45f00000,0x000000ed46000000) (1024K)]


Current CompileTask:
C2:558569 20516   !   4       org.eclipse.jdt.internal.core.NameLookup::<init> (805 bytes)

Stack: [0x000000ed45f00000,0x000000ed46000000],  sp=0x000000ed45ffbec0,  free space=1007k
Native frames: (J=compiled Java code, j=interpreted, Vv=VM code, C=native code)
V  [jvm.dll+0x302df2]
V  [jvm.dll+0x302bbf]
V  [jvm.dll+0x3037cc]
V  [jvm.dll+0x304a9b]
V  [jvm.dll+0x3059cc]
V  [jvm.dll+0x30656c]
V  [jvm.dll+0x24d74f]
V  [jvm.dll+0x24b482]
V  [jvm.dll+0x1cb13e]
V  [jvm.dll+0x25b29d]
V  [jvm.dll+0x25982a]
V  [jvm.dll+0x3f7ea6]
V  [jvm.dll+0x85e9ad]
V  [jvm.dll+0x6d565d]
C  [ucrtbase.dll+0x37b0]
C  [KERNEL32.DLL+0x2e8d7]
C  [ntdll.dll+0x8c40c]


siginfo: EXCEPTION_ACCESS_VIOLATION (0xc0000005), writing address 0x00000000e4081003


Registers:
RAX=0x00000000e4081003, RBX=0x0000000000000002, RCX=0x00000000e4081003, RDX=0x000001ef60f272f8
RSP=0x000000ed45ffbec0, RBP=0x0000000000000013, RSI=0x000001ef5f6b6b40, RDI=0x000001ef62235e70
R8 =0x0000000000080000, R9 =0x0000000000000010, R10=0x00007ffa39e50000, R11=0x00007ffa39e61a5f
R12=0x000001ef556bebf8, R13=0x0000000000000065, R14=0x0000000000000000, R15=0x0000000000000010
RIP=0x00007ff96afc2df2, EFLAGS=0x0000000000010206

XMM[0]=0x0000000000000000 0x0000000000000000
XMM[1]=0x0000000000000000 0x4028000000000000
XMM[2]=0x0000000000000000 0x3f67507e9d94d0dd
XMM[3]=0x000001ef5f6aa070 0x000001ef5f6a9fd8
XMM[4]=0x000001ef5f6aa2d0 0x000001ef5f6aa238
XMM[5]=0x000001ef5f6ad368 0x000001ef5f6ad300
XMM[6]=0x0000000000000000 0x3f65406e8518d915
XMM[7]=0x0000000000000000 0x3fd0000000000000
XMM[8]=0x0000000000000000 0x0000000000000000
XMM[9]=0x0000000000000000 0x0000000000000000
XMM[10]=0x0000000000000000 0x0000000000000000
XMM[11]=0x0000000000000000 0x0000000000000000
XMM[12]=0x0000000000000000 0x0000000000000000
XMM[13]=0x0000000000000000 0x0000000000000000
XMM[14]=0x0000000000000000 0x0000000000000000
XMM[15]=0x0000000000000000 0x0000000000000000
  MXCSR=0x00001fb2


Register to memory mapping:

RAX=0x00000000e4081003 is an unallocated location in the heap
RBX=0x0000000000000002 is an unknown value
RCX=0x00000000e4081003 is an unallocated location in the heap
RDX=0x000001ef60f272f8 points into unknown readable memory: 0x00289fe3e4081003 | 03 10 08 e4 e3 9f 28 00
RSP=0x000000ed45ffbec0 is pointing into the stack for thread: 0x000001ef7c7ce070
RBP=0x0000000000000013 is an unknown value
RSI=0x000001ef5f6b6b40 points into unknown readable memory: 0x0000000200000002 | 02 00 00 00 02 00 00 00
RDI=0x000001ef62235e70 points into unknown readable memory: 0x000021be000021be | be 21 00 00 be 21 00 00
R8 =0x0000000000080000 is an unknown value
R9 =0x0000000000000010 is an unknown value
R10=0x00007ffa39e50000 VCRUNTIME140.dll
R11=0x00007ffa39e61a5f VCRUNTIME140.dll
R12=0x000001ef556bebf8 points into unknown readable memory: 0x0000008000000067 | 67 00 00 00 80 00 00 00
R13=0x0000000000000065 is an unknown value
R14=0x0 is null
R15=0x0000000000000010 is an unknown value

Top of Stack: (sp=0x000000ed45ffbec0)
0x000000ed45ffbec0:   0000000000000007 0000000000000004
0x000000ed45ffbed0:   000001ef62235e70 000000000000000f
0x000000ed45ffbee0:   000001ef556bc070 0000000000001300
0x000000ed45ffbef0:   000001ef62235e70 0000000000000001
0x000000ed45ffbf00:   000001ef5f6b6b40 000001ef556b8b38
0x000000ed45ffbf10:   0000000000000008 00007ff96afc2bbf
0x000000ed45ffbf20:   0000000000000057 000001ef556bc070
0x000000ed45ffbf30:   0000000000000010 000001ef556bb260
0x000000ed45ffbf40:   0000000000000012 000000000000004c
0x000000ed45ffbf50:   000001ef556bcba0 00000000000000d5
0x000000ed45ffbf60:   000001ef62235e70 000001ef556bc070
0x000000ed45ffbf70:   0000000000000000 00007ff96afc37cc
0x000000ed45ffbf80:   0000000000000158 0000000000000008
0x000000ed45ffbf90:   000000000000000b 00007ff96afc252d
0x000000ed45ffbfa0:   000001ef5d0c6130 00007ff96b529f26
0x000000ed45ffbfb0:   0000000000000004 000001ef62235e70
0x000000ed45ffbfc0:   000000000000004c 0000000000000000
0x000000ed45ffbfd0:   000000000000000a 0000000000000042
0x000000ed45ffbfe0:   0000000000000000 00007ff96afc4a9b
0x000000ed45ffbff0:   0000000000000158 0000000000000042
0x000000ed45ffc000:   000000ed00000000 00000000000000d5
0x000000ed45ffc010:   00000004556b8b00 00007ff90000004c
0x000000ed45ffc020:   000000000000004c 0000000000006556
0x000000ed45ffc030:   000000014ced0c69 0000000000000001
0x000000ed45ffc040:   0000000000000000 000000014ceca702
0x000000ed45ffc050:   000001ef62235e01 00007ff96afc2ef2
0x000000ed45ffc060:   0000000000000000 0000000000000000
0x000000ed45ffc070:   0000000000000000 0000000000000000
0x000000ed45ffc080:   0000000000000200 0000000000000080
0x000000ed45ffc090:   000001ef62235ee0 000001ef624e25b0
0x000000ed45ffc0a0:   000001ef62235e70 000000ed45ffe5d0
0x000000ed45ffc0b0:   000000ed45ffc1c0 00007ff96afc59cc 

Instructions: (pc=0x00007ff96afc2df2)
0x00007ff96afc2cf2:   24 78 e8 47 71 d0 ff 4c 8b 44 24 68 8b 54 24 70
0x00007ff96afc2d02:   49 83 c6 08 4c 63 ca 49 83 ef 01 0f 85 5d ff ff
0x00007ff96afc2d12:   ff 48 83 c4 20 41 5f 41 5e 41 5c 5f 5e 5d 5b c3
0x00007ff96afc2d22:   4c 3b a1 c8 00 00 00 0f 84 e2 00 00 00 4c 3b 61
0x00007ff96afc2d32:   58 0f 84 d8 00 00 00 41 8b 04 24 85 c0 0f 8e cc
0x00007ff96afc2d42:   00 00 00 45 33 f6 4c 89 6c 24 60 45 8b fe 44 8b
0x00007ff96afc2d52:   e8 49 8b 44 24 08 49 8b 04 07 80 78 30 04 0f 84
0x00007ff96afc2d62:   95 00 00 00 49 3b c0 0f 84 8c 00 00 00 44 38 70
0x00007ff96afc2d72:   64 0f 84 82 00 00 00 8b 48 60 3b ca 74 11 49 81
0x00007ff96afc2d82:   f9 ff 6b ca 88 74 08 81 f9 ff 6b ca 88 75 6a 48
0x00007ff96afc2d92:   89 44 24 78 41 8b d6 a8 01 74 07 8b 57 50 48 83
0x00007ff96afc2da2:   e0 fe 8b 68 44 03 ea 8b dd c1 eb 05 3b 5f 30 72
0x00007ff96afc2db2:   0b 8b d3 48 8d 4f 30 e8 d2 ad 59 00 48 8b 47 38
0x00007ff96afc2dc2:   83 e5 1f 48 8d 14 98 40 0f b6 cd 41 b8 01 00 00
0x00007ff96afc2dd2:   00 41 d3 e0 8b 0a 8b c1 41 0b c0 89 02 41 85 c8
0x00007ff96afc2de2:   75 0e 48 8d 4f 18 48 8d 54 24 78 e8 4e 70 d0 ff
0x00007ff96afc2df2:   4c 8b 44 24 68 8b 54 24 70 49 83 c7 08 4c 63 ca
0x00007ff96afc2e02:   49 83 ed 01 0f 85 47 ff ff ff 4c 8b 6c 24 60 48
0x00007ff96afc2e12:   83 c4 20 41 5f 41 5e 41 5c 5f 5e 5d 5b c3 40 53
0x00007ff96afc2e22:   57 41 56 48 83 ec 40 48 8b 41 08 48 8b da 4c 63
0x00007ff96afc2e32:   42 28 48 8b f9 4e 8b 34 c0 8b 42 2c 83 e0 07 3c
0x00007ff96afc2e42:   07 75 0d 48 83 c4 40 41 5e 5f 5b e9 6e 58 00 00
0x00007ff96afc2e52:   48 8b 02 48 8b cb 48 89 6c 24 60 ff 10 48 8b 0d
0x00007ff96afc2e62:   fa 2c 99 00 4c 8b cb 4c 8b 47 68 48 8b d7 8b e8
0x00007ff96afc2e72:   89 44 24 20 48 8b 49 28 4c 8b 11 41 ff 92 18 01
0x00007ff96afc2e82:   00 00 84 c0 0f 85 75 03 00 00 48 89 74 24 68 81
0x00007ff96afc2e92:   fd 1a 01 00 00 0f 8f 49 02 00 00 0f 84 3a 02 00
0x00007ff96afc2ea2:   00 8d 45 e7 3d fa 00 00 00 0f 87 fc 03 00 00 4c
0x00007ff96afc2eb2:   8d 05 48 d1 cf ff 48 98 41 0f b6 84 00 f8 32 30
0x00007ff96afc2ec2:   00 41 8b 8c 80 d0 32 30 00 49 03 c8 ff e1 48 8b
0x00007ff96afc2ed2:   d3 48 8b cf e8 05 46 00 00 4c 8b 47 08 49 8b d6
0x00007ff96afc2ee2:   48 63 48 28 4d 8b 04 c8 48 8b cf e8 ae f6 ff ff 


Stack slot to memory mapping:

stack at sp + 0 slots: 0x0000000000000007 is an unknown value
stack at sp + 1 slots: 0x0000000000000004 is an unknown value
stack at sp + 2 slots: 0x000001ef62235e70 points into unknown readable memory: 0x000021be000021be | be 21 00 00 be 21 00 00
stack at sp + 3 slots: 0x000000000000000f is an unknown value
stack at sp + 4 slots: 0x000001ef556bc070 points into unknown readable memory: 0x000000100000000b | 0b 00 00 00 10 00 00 00
stack at sp + 5 slots: 0x0000000000001300 is an unknown value
stack at sp + 6 slots: 0x000001ef62235e70 points into unknown readable memory: 0x000021be000021be | be 21 00 00 be 21 00 00
stack at sp + 7 slots: 0x0000000000000001 is an unknown value


---------------  P R O C E S S  ---------------

Threads class SMR info:
_java_thread_list=0x000001ef5efd85a0, length=109, elements={
0x000001ef7c71dfe0, 0x000001ef7c6cb130, 0x000001ef7c6cc040, 0x000001ef7c6cdca0,
0x000001ef7c7c52a0, 0x000001ef7c7c5b00, 0x000001ef7c7c9d80, 0x000001ef7c7ce070,
0x000001ef5562b810, 0x000001ef5d0723d0, 0x000001ef5d185090, 0x000001ef5dc88050,
0x000001ef5da56630, 0x000001ef5dd54780, 0x000001ef5d680e50, 0x000001ef5e13d320,
0x000001ef5e1030d0, 0x000001ef5d9985c0, 0x000001ef5d997f30, 0x000001ef5d997210,
0x000001ef5d9964f0, 0x000001ef5e9f03a0, 0x000001ef5e9ee960, 0x000001ef5e9ee2d0,
0x000001ef5e9edc40, 0x000001ef5e9eeff0, 0x000001ef5e9efd10, 0x000001ef5e9ecf20,
0x000001ef5e9ef680, 0x000001ef5e9f0a30, 0x000001ef5e9ed5b0, 0x000001ef5e9f3820,
0x000001ef5e9f2b00, 0x000001ef5e9f1de0, 0x000001ef5e9f2470, 0x000001ef5e9f3190,
0x000001ef5e9f3eb0, 0x000001ef5e9f10c0, 0x000001ef5e9f4540, 0x000001ef5e9f1750,
0x000001ef612e03e0, 0x000001ef612e0a70, 0x000001ef612de9a0, 0x000001ef612e1790,
0x000001ef612e1100, 0x000001ef612e1e20, 0x000001ef612df6c0, 0x000001ef612e24b0,
0x000001ef612df030, 0x000001ef612e2b40, 0x000001ef612e31d0, 0x000001ef612dfd50,
0x000001ef612e4c10, 0x000001ef612e3860, 0x000001ef612e3ef0, 0x000001ef612e4580,
0x000001ef612e5fc0, 0x000001ef606d57f0, 0x000001ef606d7f50, 0x000001ef606d85e0,
0x000001ef606d5160, 0x000001ef606d9300, 0x000001ef606d5e80, 0x000001ef606db3d0,
0x000001ef606dba60, 0x000001ef606dc0f0, 0x000001ef606d9990, 0x000001ef616ab320,
0x000001ef6077f170, 0x000001ef60780520, 0x000001ef6077d730, 0x000001ef60780bb0,
0x000001ef60781240, 0x000001ef607818d0, 0x000001ef60781f60, 0x000001ef5fd3d670,
0x000001ef5fd3f0b0, 0x000001ef5fd3cfe0, 0x000001ef5fd41180, 0x000001ef5fd3f740,
0x000001ef5fd3dd00, 0x000001ef5fd41810, 0x000001ef5fd3e390, 0x000001ef5fd41ea0,
0x000001ef5fd3fdd0, 0x000001ef5fd40460, 0x000001ef5fd3ea20, 0x000001ef5fd42bc0,
0x000001ef5fd43250, 0x000001ef5fd42530, 0x000001ef5fd438e0, 0x000001ef5fd43f70,
0x000001ef5fd44600, 0x000001ef62073b30, 0x000001ef620734a0, 0x000001ef620741c0,
0x000001ef620713d0, 0x000001ef62071a60, 0x000001ef62075570, 0x000001ef62075c00,
0x000001ef62076fb0, 0x000001ef62074850, 0x000001ef616acd60, 0x000001ef616ad3f0,
0x000001ef616ac6d0, 0x000001ef616aac90, 0x000001ef616af4c0, 0x000001ef616b0870,
0x000001ef6077bcf0
}

Java Threads: ( => current thread )
  0x000001ef7c71dfe0 JavaThread "main"                              [_thread_blocked, id=43528, stack(0x000000ed45500000,0x000000ed45600000) (1024K)]
  0x000001ef7c6cb130 JavaThread "Reference Handler"          daemon [_thread_blocked, id=40060, stack(0x000000ed45900000,0x000000ed45a00000) (1024K)]
  0x000001ef7c6cc040 JavaThread "Finalizer"                  daemon [_thread_blocked, id=27096, stack(0x000000ed45a00000,0x000000ed45b00000) (1024K)]
  0x000001ef7c6cdca0 JavaThread "Signal Dispatcher"          daemon [_thread_blocked, id=40712, stack(0x000000ed45b00000,0x000000ed45c00000) (1024K)]
  0x000001ef7c7c52a0 JavaThread "Attach Listener"            daemon [_thread_blocked, id=41276, stack(0x000000ed45c00000,0x000000ed45d00000) (1024K)]
  0x000001ef7c7c5b00 JavaThread "Service Thread"             daemon [_thread_blocked, id=7972, stack(0x000000ed45d00000,0x000000ed45e00000) (1024K)]
  0x000001ef7c7c9d80 JavaThread "Monitor Deflation Thread"   daemon [_thread_blocked, id=3416, stack(0x000000ed45e00000,0x000000ed45f00000) (1024K)]
=>0x000001ef7c7ce070 JavaThread "C2 CompilerThread0"         daemon [_thread_in_native, id=16048, stack(0x000000ed45f00000,0x000000ed46000000) (1024K)]
  0x000001ef5562b810 JavaThread "C1 CompilerThread0"         daemon [_thread_blocked, id=35004, stack(0x000000ed46000000,0x000000ed46100000) (1024K)]
  0x000001ef5d0723d0 JavaThread "Common-Cleaner"             daemon [_thread_blocked, id=41408, stack(0x000000ed46600000,0x000000ed46700000) (1024K)]
  0x000001ef5d185090 JavaThread "Notification Thread"        daemon [_thread_blocked, id=17716, stack(0x000000ed46800000,0x000000ed46900000) (1024K)]
  0x000001ef5dc88050 JavaThread "Active Thread: Equinox Container: 628f374f-0366-44c7-9dd7-57507df406ab"        [_thread_blocked, id=43432, stack(0x000000ed47000000,0x000000ed47100000) (1024K)]
  0x000001ef5da56630 JavaThread "Refresh Thread: Equinox Container: 628f374f-0366-44c7-9dd7-57507df406ab" daemon [_thread_blocked, id=36036, stack(0x000000ed47200000,0x000000ed47300000) (1024K)]
  0x000001ef5dd54780 JavaThread "Framework Event Dispatcher: Equinox Container: 628f374f-0366-44c7-9dd7-57507df406ab" daemon [_thread_blocked, id=692, stack(0x000000ed47300000,0x000000ed47400000) (1024K)]
  0x000001ef5d680e50 JavaThread "Start Level: Equinox Container: 628f374f-0366-44c7-9dd7-57507df406ab" daemon [_thread_blocked, id=22380, stack(0x000000ed47400000,0x000000ed47500000) (1024K)]
  0x000001ef5e13d320 JavaThread "Bundle File Closer"         daemon [_thread_blocked, id=16436, stack(0x000000ed47800000,0x000000ed47900000) (1024K)]
  0x000001ef5e1030d0 JavaThread "SCR Component Actor"        daemon [_thread_blocked, id=18348, stack(0x000000ed47900000,0x000000ed47a00000) (1024K)]
  0x000001ef5d9985c0 JavaThread "Worker-JM"                         [_thread_blocked, id=14484, stack(0x000000ed47a00000,0x000000ed47b00000) (1024K)]
  0x000001ef5d997f30 JavaThread "JNA Cleaner"                daemon [_thread_blocked, id=8036, stack(0x000000ed47d00000,0x000000ed47e00000) (1024K)]
  0x000001ef5d997210 JavaThread "Java indexing"              daemon [_thread_blocked, id=13128, stack(0x000000ed48800000,0x000000ed48900000) (1024K)]
  0x000001ef5d9964f0 JavaThread "Thread-1"                   daemon [_thread_in_native, id=8256, stack(0x000000ed49200000,0x000000ed49300000) (1024K)]
  0x000001ef5e9f03a0 JavaThread "Thread-2"                   daemon [_thread_in_native, id=35168, stack(0x000000ed49300000,0x000000ed49400000) (1024K)]
  0x000001ef5e9ee960 JavaThread "Thread-3"                   daemon [_thread_in_native, id=35188, stack(0x000000ed49400000,0x000000ed49500000) (1024K)]
  0x000001ef5e9ee2d0 JavaThread "Thread-4"                   daemon [_thread_in_native, id=30888, stack(0x000000ed49500000,0x000000ed49600000) (1024K)]
  0x000001ef5e9edc40 JavaThread "Thread-5"                   daemon [_thread_in_native, id=35852, stack(0x000000ed49600000,0x000000ed49700000) (1024K)]
  0x000001ef5e9eeff0 JavaThread "Thread-6"                   daemon [_thread_in_native, id=27056, stack(0x000000ed49700000,0x000000ed49800000) (1024K)]
  0x000001ef5e9efd10 JavaThread "Thread-7"                   daemon [_thread_in_native, id=39928, stack(0x000000ed49800000,0x000000ed49900000) (1024K)]
  0x000001ef5e9ecf20 JavaThread "Thread-8"                   daemon [_thread_in_native, id=3852, stack(0x000000ed49900000,0x000000ed49a00000) (1024K)]
  0x000001ef5e9ef680 JavaThread "Thread-9"                   daemon [_thread_in_native, id=41628, stack(0x000000ed49a00000,0x000000ed49b00000) (1024K)]
  0x000001ef5e9f0a30 JavaThread "Thread-10"                  daemon [_thread_in_native, id=17908, stack(0x000000ed49b00000,0x000000ed49c00000) (1024K)]
  0x000001ef5e9ed5b0 JavaThread "Thread-11"                  daemon [_thread_in_native, id=25188, stack(0x000000ed49c00000,0x000000ed49d00000) (1024K)]
  0x000001ef5e9f3820 JavaThread "Thread-12"                  daemon [_thread_in_native, id=25884, stack(0x000000ed49d00000,0x000000ed49e00000) (1024K)]
  0x000001ef5e9f2b00 JavaThread "Thread-13"                  daemon [_thread_in_native, id=26528, stack(0x000000ed49e00000,0x000000ed49f00000) (1024K)]
  0x000001ef5e9f1de0 JavaThread "Thread-14"                  daemon [_thread_in_native, id=5976, stack(0x000000ed49f00000,0x000000ed4a000000) (1024K)]
  0x000001ef5e9f2470 JavaThread "Thread-15"                  daemon [_thread_in_native, id=20948, stack(0x000000ed4a000000,0x000000ed4a100000) (1024K)]
  0x000001ef5e9f3190 JavaThread "Thread-16"                  daemon [_thread_in_native, id=26868, stack(0x000000ed4a100000,0x000000ed4a200000) (1024K)]
  0x000001ef5e9f3eb0 JavaThread "Thread-17"                  daemon [_thread_in_native, id=4168, stack(0x000000ed4a200000,0x000000ed4a300000) (1024K)]
  0x000001ef5e9f10c0 JavaThread "Thread-18"                  daemon [_thread_in_native, id=23312, stack(0x000000ed4a300000,0x000000ed4a400000) (1024K)]
  0x000001ef5e9f4540 JavaThread "Thread-19"                  daemon [_thread_in_native, id=6056, stack(0x000000ed4a400000,0x000000ed4a500000) (1024K)]
  0x000001ef5e9f1750 JavaThread "Thread-20"                  daemon [_thread_in_native, id=34940, stack(0x000000ed4a500000,0x000000ed4a600000) (1024K)]
  0x000001ef612e03e0 JavaThread "Thread-21"                  daemon [_thread_in_native, id=29168, stack(0x000000ed4a600000,0x000000ed4a700000) (1024K)]
  0x000001ef612e0a70 JavaThread "Thread-22"                  daemon [_thread_in_native, id=28688, stack(0x000000ed4a700000,0x000000ed4a800000) (1024K)]
  0x000001ef612de9a0 JavaThread "Thread-23"                  daemon [_thread_in_native, id=32776, stack(0x000000ed4a800000,0x000000ed4a900000) (1024K)]
  0x000001ef612e1790 JavaThread "Thread-24"                  daemon [_thread_in_native, id=25576, stack(0x000000ed4a900000,0x000000ed4aa00000) (1024K)]
  0x000001ef612e1100 JavaThread "Thread-25"                  daemon [_thread_in_native, id=26240, stack(0x000000ed4aa00000,0x000000ed4ab00000) (1024K)]
  0x000001ef612e1e20 JavaThread "Thread-26"                  daemon [_thread_in_native, id=19956, stack(0x000000ed4ab00000,0x000000ed4ac00000) (1024K)]
  0x000001ef612df6c0 JavaThread "Thread-27"                  daemon [_thread_in_native, id=33672, stack(0x000000ed4ac00000,0x000000ed4ad00000) (1024K)]
  0x000001ef612e24b0 JavaThread "Thread-28"                  daemon [_thread_in_native, id=24952, stack(0x000000ed4ad00000,0x000000ed4ae00000) (1024K)]
  0x000001ef612df030 JavaThread "Thread-29"                  daemon [_thread_in_native, id=18296, stack(0x000000ed4ae00000,0x000000ed4af00000) (1024K)]
  0x000001ef612e2b40 JavaThread "Thread-30"                  daemon [_thread_in_native, id=37600, stack(0x000000ed4af00000,0x000000ed4b000000) (1024K)]
  0x000001ef612e31d0 JavaThread "Thread-31"                  daemon [_thread_in_native, id=22428, stack(0x000000ed4b000000,0x000000ed4b100000) (1024K)]
  0x000001ef612dfd50 JavaThread "Thread-32"                  daemon [_thread_in_native, id=12068, stack(0x000000ed4b100000,0x000000ed4b200000) (1024K)]
  0x000001ef612e4c10 JavaThread "Thread-33"                  daemon [_thread_in_native, id=5508, stack(0x000000ed4b200000,0x000000ed4b300000) (1024K)]
  0x000001ef612e3860 JavaThread "pool-2-thread-1"                   [_thread_blocked, id=2984, stack(0x000000ed4b300000,0x000000ed4b400000) (1024K)]
  0x000001ef612e3ef0 JavaThread "WorkspaceEventsHandler"            [_thread_blocked, id=27216, stack(0x000000ed4b800000,0x000000ed4b900000) (1024K)]
  0x000001ef612e4580 JavaThread "pool-1-thread-1"                   [_thread_blocked, id=37140, stack(0x000000ed4b900000,0x000000ed4ba00000) (1024K)]
  0x000001ef612e5fc0 JavaThread "LocalFile Deleter"          daemon [_thread_blocked, id=2352, stack(0x000000ed4bb00000,0x000000ed4bc00000) (1024K)]
  0x000001ef606d57f0 JavaThread "LocalFile Deleter"          daemon [_thread_blocked, id=38112, stack(0x000000ed4bf00000,0x000000ed4c000000) (1024K)]
  0x000001ef606d7f50 JavaThread "LocalFile Deleter"          daemon [_thread_blocked, id=12084, stack(0x000000ed4c100000,0x000000ed4c200000) (1024K)]
  0x000001ef606d85e0 JavaThread "LocalFile Deleter"          daemon [_thread_blocked, id=39040, stack(0x000000ed4c200000,0x000000ed4c300000) (1024K)]
  0x000001ef606d5160 JavaThread "LocalFile Deleter"          daemon [_thread_blocked, id=36484, stack(0x000000ed4c300000,0x000000ed4c400000) (1024K)]
  0x000001ef606d9300 JavaThread "LocalFile Deleter"          daemon [_thread_blocked, id=15692, stack(0x000000ed4c500000,0x000000ed4c600000) (1024K)]
  0x000001ef606d5e80 JavaThread "LocalFile Deleter"          daemon [_thread_blocked, id=29208, stack(0x000000ed4c600000,0x000000ed4c700000) (1024K)]
  0x000001ef606db3d0 JavaThread "LocalFile Deleter"          daemon [_thread_blocked, id=21156, stack(0x000000ed4c700000,0x000000ed4c800000) (1024K)]
  0x000001ef606dba60 JavaThread "LocalFile Deleter"          daemon [_thread_blocked, id=25364, stack(0x000000ed4c800000,0x000000ed4c900000) (1024K)]
  0x000001ef606dc0f0 JavaThread "LocalFile Deleter"          daemon [_thread_blocked, id=6608, stack(0x000000ed4c900000,0x000000ed4ca00000) (1024K)]
  0x000001ef606d9990 JavaThread "LocalFile Deleter"          daemon [_thread_blocked, id=29544, stack(0x000000ed4ca00000,0x000000ed4cb00000) (1024K)]
  0x000001ef616ab320 JavaThread "Compiler Source File Reader" daemon [_thread_blocked, id=8156, stack(0x000000ed4d800000,0x000000ed4d900000) (1024K)]
  0x000001ef6077f170 JavaThread "ForkJoinPool.commonPool-worker-1" daemon [_thread_blocked, id=33820, stack(0x000000ed4f300000,0x000000ed4f400000) (1024K)]
  0x000001ef60780520 JavaThread "ForkJoinPool.commonPool-worker-2" daemon [_thread_blocked, id=41244, stack(0x000000ed4f400000,0x000000ed4f500000) (1024K)]
  0x000001ef6077d730 JavaThread "ForkJoinPool.commonPool-worker-3" daemon [_thread_blocked, id=12208, stack(0x000000ed4f500000,0x000000ed4f600000) (1024K)]
  0x000001ef60780bb0 JavaThread "ForkJoinPool.commonPool-worker-6" daemon [_thread_blocked, id=26100, stack(0x000000ed4f700000,0x000000ed4f800000) (1024K)]
  0x000001ef60781240 JavaThread "ForkJoinPool.commonPool-worker-5" daemon [_thread_blocked, id=24568, stack(0x000000ed4f800000,0x000000ed4f900000) (1024K)]
  0x000001ef607818d0 JavaThread "ForkJoinPool.commonPool-worker-7" daemon [_thread_blocked, id=20596, stack(0x000000ed4f900000,0x000000ed4fa00000) (1024K)]
  0x000001ef60781f60 JavaThread "ForkJoinPool.commonPool-worker-8" daemon [_thread_blocked, id=19296, stack(0x000000ed4fa00000,0x000000ed4fb00000) (1024K)]
  0x000001ef5fd3d670 JavaThread "ForkJoinPool.commonPool-worker-9" daemon [_thread_blocked, id=4032, stack(0x000000ed4fb00000,0x000000ed4fc00000) (1024K)]
  0x000001ef5fd3f0b0 JavaThread "ForkJoinPool.commonPool-worker-10" daemon [_thread_blocked, id=41684, stack(0x000000ed4fc00000,0x000000ed4fd00000) (1024K)]
  0x000001ef5fd3cfe0 JavaThread "ForkJoinPool.commonPool-worker-11" daemon [_thread_blocked, id=18144, stack(0x000000ed4fd00000,0x000000ed4fe00000) (1024K)]
  0x000001ef5fd41180 JavaThread "ForkJoinPool.commonPool-worker-12" daemon [_thread_blocked, id=18048, stack(0x000000ed4fe00000,0x000000ed4ff00000) (1024K)]
  0x000001ef5fd3f740 JavaThread "ForkJoinPool.commonPool-worker-13" daemon [_thread_blocked, id=39820, stack(0x000000ed4ff00000,0x000000ed50000000) (1024K)]
  0x000001ef5fd3dd00 JavaThread "ForkJoinPool.commonPool-worker-15" daemon [_thread_blocked, id=42732, stack(0x000000ed50100000,0x000000ed50200000) (1024K)]
  0x000001ef5fd41810 JavaThread "ForkJoinPool.commonPool-worker-16" daemon [_thread_blocked, id=13332, stack(0x000000ed50200000,0x000000ed50300000) (1024K)]
  0x000001ef5fd3e390 JavaThread "ForkJoinPool.commonPool-worker-17" daemon [_thread_blocked, id=40808, stack(0x000000ed50300000,0x000000ed50400000) (1024K)]
  0x000001ef5fd41ea0 JavaThread "ForkJoinPool.commonPool-worker-18" daemon [_thread_blocked, id=28896, stack(0x000000ed50400000,0x000000ed50500000) (1024K)]
  0x000001ef5fd3fdd0 JavaThread "ForkJoinPool.commonPool-worker-19" daemon [_thread_blocked, id=39052, stack(0x000000ed50500000,0x000000ed50600000) (1024K)]
  0x000001ef5fd40460 JavaThread "ForkJoinPool.commonPool-worker-20" daemon [_thread_blocked, id=8236, stack(0x000000ed50600000,0x000000ed50700000) (1024K)]
  0x000001ef5fd3ea20 JavaThread "ForkJoinPool.commonPool-worker-21" daemon [_thread_blocked, id=39328, stack(0x000000ed50700000,0x000000ed50800000) (1024K)]
  0x000001ef5fd42bc0 JavaThread "ForkJoinPool.commonPool-worker-22" daemon [_thread_blocked, id=37764, stack(0x000000ed50800000,0x000000ed50900000) (1024K)]
  0x000001ef5fd43250 JavaThread "ForkJoinPool.commonPool-worker-23" daemon [_thread_blocked, id=14132, stack(0x000000ed50900000,0x000000ed50a00000) (1024K)]
  0x000001ef5fd42530 JavaThread "ForkJoinPool.commonPool-worker-24" daemon [_thread_blocked, id=22576, stack(0x000000ed50a00000,0x000000ed50b00000) (1024K)]
  0x000001ef5fd438e0 JavaThread "ForkJoinPool.commonPool-worker-25" daemon [_thread_blocked, id=17356, stack(0x000000ed50b00000,0x000000ed50c00000) (1024K)]
  0x000001ef5fd43f70 JavaThread "ForkJoinPool.commonPool-worker-26" daemon [_thread_blocked, id=28556, stack(0x000000ed50c00000,0x000000ed50d00000) (1024K)]
  0x000001ef5fd44600 JavaThread "ForkJoinPool.commonPool-worker-27" daemon [_thread_blocked, id=41148, stack(0x000000ed50d00000,0x000000ed50e00000) (1024K)]
  0x000001ef62073b30 JavaThread "ForkJoinPool.commonPool-worker-28" daemon [_thread_blocked, id=10292, stack(0x000000ed50e00000,0x000000ed50f00000) (1024K)]
  0x000001ef620734a0 JavaThread "ForkJoinPool.commonPool-worker-29" daemon [_thread_blocked, id=15324, stack(0x000000ed50f00000,0x000000ed51000000) (1024K)]
  0x000001ef620741c0 JavaThread "ForkJoinPool.commonPool-worker-30" daemon [_thread_blocked, id=21828, stack(0x000000ed51000000,0x000000ed51100000) (1024K)]
  0x000001ef620713d0 JavaThread "ForkJoinPool.commonPool-worker-31" daemon [_thread_blocked, id=28244, stack(0x000000ed51100000,0x000000ed51200000) (1024K)]
  0x000001ef62071a60 JavaThread "Worker-5"                          [_thread_blocked, id=41424, stack(0x000000ed45200000,0x000000ed45300000) (1024K)]
  0x000001ef62075570 JavaThread "Cleaner-0"                  daemon [_thread_blocked, id=24028, stack(0x000000ed45400000,0x000000ed45500000) (1024K)]
  0x000001ef62075c00 JavaThread "ForkJoinPool.commonPool-worker-32" daemon [_thread_blocked, id=18756, stack(0x000000ed46400000,0x000000ed46500000) (1024K)]
  0x000001ef62076fb0 JavaThread "Worker-7"                          [_thread_blocked, id=7124, stack(0x000000ed46500000,0x000000ed46600000) (1024K)]
  0x000001ef62074850 JavaThread "Compiler Source File Reader" daemon [_thread_blocked, id=17508, stack(0x000000ed45300000,0x000000ed45400000) (1024K)]
  0x000001ef616acd60 JavaThread "Compiler Source File Reader" daemon [_thread_blocked, id=18892, stack(0x000000ed46200000,0x000000ed46300000) (1024K)]
  0x000001ef616ad3f0 JavaThread "Compiler Source File Reader" daemon [_thread_blocked, id=42632, stack(0x000000ed46700000,0x000000ed46800000) (1024K)]
  0x000001ef616ac6d0 JavaThread "Compiler Source File Reader" daemon [_thread_blocked, id=39096, stack(0x000000ed46300000,0x000000ed46400000) (1024K)]
  0x000001ef616aac90 JavaThread "ForkJoinPool.commonPool-worker-33" daemon [_thread_blocked, id=9548, stack(0x000000ed47f00000,0x000000ed48000000) (1024K)]
  0x000001ef616af4c0 JavaThread "Compiler Source File Reader" daemon [_thread_blocked, id=21552, stack(0x000000ed48500000,0x000000ed48600000) (1024K)]
  0x000001ef616b0870 JavaThread "Compiler Source File Reader" daemon [_thread_blocked, id=20400, stack(0x000000ed49000000,0x000000ed49100000) (1024K)]
  0x000001ef6077bcf0 JavaThread "Worker-10"                         [_thread_blocked, id=31488, stack(0x000000ed46900000,0x000000ed46a00000) (1024K)]
Total: 109

Other Threads:
  0x000001ef7c6bb220 VMThread "VM Thread"                           [id=28836, stack(0x000000ed45800000,0x000000ed45900000) (1024K)]
  0x000001ef7c78ab80 WatcherThread "VM Periodic Task Thread"        [id=34792, stack(0x000000ed45700000,0x000000ed45800000) (1024K)]
  0x000001ef7c73c2e0 WorkerThread "GC Thread#0"                     [id=16836, stack(0x000000ed45600000,0x000000ed45700000) (1024K)]
  0x000001ef5d3f5fe0 WorkerThread "GC Thread#1"                     [id=18812, stack(0x000000ed46a00000,0x000000ed46b00000) (1024K)]
  0x000001ef5d5ace20 WorkerThread "GC Thread#2"                     [id=22344, stack(0x000000ed46b00000,0x000000ed46c00000) (1024K)]
  0x000001ef5daea940 WorkerThread "GC Thread#3"                     [id=21788, stack(0x000000ed46c00000,0x000000ed46d00000) (1024K)]
  0x000001ef5daeace0 WorkerThread "GC Thread#4"                     [id=39800, stack(0x000000ed46d00000,0x000000ed46e00000) (1024K)]
  0x000001ef5daeb080 WorkerThread "GC Thread#5"                     [id=43256, stack(0x000000ed46e00000,0x000000ed46f00000) (1024K)]
  0x000001ef5d3f2440 WorkerThread "GC Thread#6"                     [id=32460, stack(0x000000ed46f00000,0x000000ed47000000) (1024K)]
  0x000001ef5dc8bc30 WorkerThread "GC Thread#7"                     [id=23660, stack(0x000000ed47100000,0x000000ed47200000) (1024K)]
  0x000001ef5e145a20 WorkerThread "GC Thread#8"                     [id=28616, stack(0x000000ed47500000,0x000000ed47600000) (1024K)]
  0x000001ef5e145dc0 WorkerThread "GC Thread#9"                     [id=26852, stack(0x000000ed47600000,0x000000ed47700000) (1024K)]
  0x000001ef5dbc65f0 WorkerThread "GC Thread#10"                    [id=16936, stack(0x000000ed47700000,0x000000ed47800000) (1024K)]
  0x000001ef5dbc6d30 WorkerThread "GC Thread#11"                    [id=26292, stack(0x000000ed47b00000,0x000000ed47c00000) (1024K)]
  0x000001ef5dbc6990 WorkerThread "GC Thread#12"                    [id=7060, stack(0x000000ed47c00000,0x000000ed47d00000) (1024K)]
  0x000001ef5dbc7bb0 WorkerThread "GC Thread#13"                    [id=18232, stack(0x000000ed48000000,0x000000ed48100000) (1024K)]
  0x000001ef5dbc7f50 WorkerThread "GC Thread#14"                    [id=39864, stack(0x000000ed48100000,0x000000ed48200000) (1024K)]
  0x000001ef5dbc7470 WorkerThread "GC Thread#15"                    [id=42304, stack(0x000000ed48200000,0x000000ed48300000) (1024K)]
  0x000001ef5dbc7810 WorkerThread "GC Thread#16"                    [id=25656, stack(0x000000ed48300000,0x000000ed48400000) (1024K)]
  0x000001ef5e663e10 WorkerThread "GC Thread#17"                    [id=13352, stack(0x000000ed48600000,0x000000ed48700000) (1024K)]
  0x000001ef5e6636d0 WorkerThread "GC Thread#18"                    [id=13696, stack(0x000000ed48700000,0x000000ed48800000) (1024K)]
  0x000001ef5e664550 WorkerThread "GC Thread#19"                    [id=35136, stack(0x000000ed48b00000,0x000000ed48c00000) (1024K)]
  0x000001ef60e1af10 WorkerThread "GC Thread#20"                    [id=34304, stack(0x000000ed48c00000,0x000000ed48d00000) (1024K)]
  0x000001ef60e1b2b0 WorkerThread "GC Thread#21"                    [id=35268, stack(0x000000ed48d00000,0x000000ed48e00000) (1024K)]
  0x000001ef60e1bd90 WorkerThread "GC Thread#22"                    [id=36296, stack(0x000000ed48e00000,0x000000ed48f00000) (1024K)]
Total: 25

Threads with active compile tasks:
C2 CompilerThread0  558604 20516   !   4       org.eclipse.jdt.internal.core.NameLookup::<init> (805 bytes)
Total: 1

VM state: not at safepoint (normal execution)

VM Mutex/Monitor currently owned by a thread: None

Heap address: 0x0000000080000000, size: 2048 MB, Compressed Oops mode: 32-bit

CDS archive(s) mapped at: [0x000001ef13000000-0x000001ef13ba0000-0x000001ef13ba0000), size 12189696, SharedBaseAddress: 0x000001ef13000000, ArchiveRelocationMode: 1.
Compressed class space mapped at: 0x000001ef14000000-0x000001ef54000000, reserved size: 1073741824
Narrow klass base: 0x000001ef13000000, Narrow klass shift: 0, Narrow klass range: 0x100000000

GC Precious Log:
 CardTable entry size: 512
 CPUs: 32 total, 32 available
 Memory: 65270M
 Large Page Support: Disabled
 NUMA Support: Disabled
 Compressed Oops: Enabled (32-bit)
 Alignments: Space 512K, Generation 512K, Heap 2M
 Heap Min Capacity: 100M
 Heap Initial Capacity: 100M
 Heap Max Capacity: 2G
 Pre-touch: Disabled
 Parallel Workers: 23

Heap:
 PSYoungGen      total 5120K, used 2501K [0x00000000d5580000, 0x00000000d5b80000, 0x0000000100000000)
  eden space 4096K, 43% used [0x00000000d5580000,0x00000000d57403a0,0x00000000d5980000)
  from space 1024K, 69% used [0x00000000d5a80000,0x00000000d5b31210,0x00000000d5b80000)
  to   space 1024K, 0% used [0x00000000d5980000,0x00000000d5980000,0x00000000d5a80000)
 ParOldGen       total 112128K, used 92843K [0x0000000080000000, 0x0000000086d80000, 0x00000000d5580000)
  object space 112128K, 82% used [0x0000000080000000,0x0000000085aaad10,0x0000000086d80000)
 Metaspace       used 88855K, committed 90688K, reserved 1179648K
  class space    used 9175K, committed 10048K, reserved 1048576K

Card table byte_map: [0x000001ef7c0c0000,0x000001ef7c4d0000] _byte_map_base: 0x000001ef7bcc0000

Marking Bits: (ParMarkBitMap*) 0x00007ff96b982460
 Begin Bits: [0x000001ef0f000000, 0x000001ef11000000)
 End Bits:   [0x000001ef11000000, 0x000001ef13000000)

Polling page: 0x000001ef7a130000

Metaspace:

Usage:
  Non-class:     77.81 MB used.
      Class:      8.96 MB used.
       Both:     86.77 MB used.

Virtual space:
  Non-class space:      128.00 MB reserved,      78.75 MB ( 62%) committed,  2 nodes.
      Class space:        1.00 GB reserved,       9.81 MB ( <1%) committed,  1 nodes.
             Both:        1.12 GB reserved,      88.56 MB (  8%) committed. 

Chunk freelists:
   Non-Class:  557.00 KB
       Class:  6.09 MB
        Both:  6.64 MB

MaxMetaspaceSize: unlimited
CompressedClassSpaceSize: 1.00 GB
Initial GC threshold: 21.00 MB
Current GC threshold: 147.62 MB
CDS: on
 - commit_granule_bytes: 65536.
 - commit_granule_words: 8192.
 - virtual_space_node_default_size: 8388608.
 - enlarge_chunks_in_place: 1.
 - use_allocation_guard: 0.


Internal statistics:

num_allocs_failed_limit: 17.
num_arena_births: 1622.
num_arena_deaths: 22.
num_vsnodes_births: 3.
num_vsnodes_deaths: 0.
num_space_committed: 1417.
num_space_uncommitted: 0.
num_chunks_returned_to_freelist: 43.
num_chunks_taken_from_freelist: 6004.
num_chunk_merges: 17.
num_chunk_splits: 3550.
num_chunks_enlarged: 1829.
num_inconsistent_stats: 0.

CodeHeap 'non-profiled nmethods': size=118848Kb used=13821Kb max_used=15468Kb free=105026Kb
 bounds [0x000001ef07bf0000, 0x000001ef08b10000, 0x000001ef0f000000]
CodeHeap 'profiled nmethods': size=118848Kb used=35274Kb max_used=40558Kb free=83574Kb
 bounds [0x000001ef00000000, 0x000001ef027a0000, 0x000001ef07410000]
CodeHeap 'non-nmethods': size=8064Kb used=1526Kb max_used=3845Kb free=6537Kb
 bounds [0x000001ef07410000, 0x000001ef077e0000, 0x000001ef07bf0000]
CodeCache: size=245760Kb, used=50621Kb, max_used=59871Kb, free=195137Kb
 total_blobs=16625, nmethods=15785, adapters=742, full_count=0
Compilation: enabled, stopped_count=0, restarted_count=0

Compilation events (20 events):
Event: 558.089 Thread 0x000001ef7c7ce070 nmethod 20508 0x000001ef08ae4e90 code [0x000001ef08ae5060, 0x000001ef08ae53b8]
Event: 558.317 Thread 0x000001ef7c7ce070 20509       4       org.eclipse.jdt.internal.compiler.lookup.CompilationUnitScope::findImport (394 bytes)
Event: 558.317 Thread 0x000001ef5562b810 20510       3       org.eclipse.jdt.internal.corext.dom.GenericVisitor::visit (6 bytes)
Event: 558.317 Thread 0x000001ef5562b810 nmethod 20510 0x000001ef01c06710 code [0x000001ef01c068c0, 0x000001ef01c06a88]
Event: 558.336 Thread 0x000001ef7c7ce070 nmethod 20509 0x000001ef07d0cd90 code [0x000001ef07d0d1e0, 0x000001ef07d0f230]
Event: 558.336 Thread 0x000001ef7c7ce070 20511       4       org.eclipse.jdt.ls.core.internal.text.correction.CodeActionComparator::getCodeActionKindOrdinal (54 bytes)
Event: 558.339 Thread 0x000001ef7c7ce070 nmethod 20511 0x000001ef08afb910 code [0x000001ef08afbac0, 0x000001ef08afc010]
Event: 558.525 Thread 0x000001ef5562b810 20512       3       org.eclipse.jdt.internal.compiler.parser.Scanner::maybeAtReferenceExpression (303 bytes)
Event: 558.525 Thread 0x000001ef5562b810 nmethod 20512 0x000001ef00040d10 code [0x000001ef00040f20, 0x000001ef000417b0]
Event: 558.525 Thread 0x000001ef7c7ce070 20513       4       org.eclipse.jdt.internal.compiler.lookup.PlainPackageBinding::getIncarnation (12 bytes)
Event: 558.525 Thread 0x000001ef7c7ce070 nmethod 20513 0x000001ef0820eb10 code [0x000001ef0820eca0, 0x000001ef0820ed38]
Event: 558.528 Thread 0x000001ef5562b810 20514       1       org.eclipse.jdt.internal.compiler.ast.ThisReference::isThis (2 bytes)
Event: 558.528 Thread 0x000001ef5562b810 nmethod 20514 0x000001ef0820e810 code [0x000001ef0820e9a0, 0x000001ef0820ea68]
Event: 558.528 Thread 0x000001ef5562b810 20515       3       org.eclipse.jdt.internal.compiler.lookup.ParameterizedTypeBinding::genericTypeSignature (230 bytes)
Event: 558.528 Thread 0x000001ef7c7ce070 20516   !   4       org.eclipse.jdt.internal.core.NameLookup::<init> (805 bytes)
Event: 558.529 Thread 0x000001ef5562b810 nmethod 20515 0x000001ef00f88590 code [0x000001ef00f88900, 0x000001ef00f89c38]
Event: 558.533 Thread 0x000001ef5562b810 20517       3       java.text.DecimalFormat::getPositiveSuffixFieldPositions (41 bytes)
Event: 558.533 Thread 0x000001ef5562b810 nmethod 20517 0x000001ef0131f710 code [0x000001ef0131f8c0, 0x000001ef0131fad0]
Event: 558.533 Thread 0x000001ef5562b810 20518       3       sun.nio.cs.StreamEncoder::implWrite (145 bytes)
Event: 558.533 Thread 0x000001ef5562b810 nmethod 20518 0x000001ef0277f810 code [0x000001ef0277fa80, 0x000001ef02780370]

GC Heap History (20 events):
Event: 555.444 GC heap before
{Heap before GC invocations=863 (full 6):
 PSYoungGen      total 5120K, used 4656K [0x00000000d5580000, 0x00000000d5b80000, 0x0000000100000000)
  eden space 4096K, 100% used [0x00000000d5580000,0x00000000d5980000,0x00000000d5980000)
  from space 1024K, 54% used [0x00000000d5a80000,0x00000000d5b0c010,0x00000000d5b80000)
  to   space 1024K, 0% used [0x00000000d5980000,0x00000000d5980000,0x00000000d5a80000)
 ParOldGen       total 112128K, used 88841K [0x0000000080000000, 0x0000000086d80000, 0x00000000d5580000)
  object space 112128K, 79% used [0x0000000080000000,0x00000000856c24c0,0x0000000086d80000)
 Metaspace       used 88839K, committed 90688K, reserved 1179648K
  class space    used 9175K, committed 10048K, reserved 1048576K
}
Event: 555.446 GC heap after
{Heap after GC invocations=863 (full 6):
 PSYoungGen      total 5120K, used 826K [0x00000000d5580000, 0x00000000d5b80000, 0x0000000100000000)
  eden space 4096K, 0% used [0x00000000d5580000,0x00000000d5580000,0x00000000d5980000)
  from space 1024K, 80% used [0x00000000d5980000,0x00000000d5a4e900,0x00000000d5a80000)
  to   space 1024K, 0% used [0x00000000d5a80000,0x00000000d5a80000,0x00000000d5b80000)
 ParOldGen       total 112128K, used 89201K [0x0000000080000000, 0x0000000086d80000, 0x00000000d5580000)
  object space 112128K, 79% used [0x0000000080000000,0x000000008571c4d0,0x0000000086d80000)
 Metaspace       used 88839K, committed 90688K, reserved 1179648K
  class space    used 9175K, committed 10048K, reserved 1048576K
}
Event: 555.613 GC heap before
{Heap before GC invocations=864 (full 6):
 PSYoungGen      total 5120K, used 4921K [0x00000000d5580000, 0x00000000d5b80000, 0x0000000100000000)
  eden space 4096K, 99% used [0x00000000d5580000,0x00000000d597fe90,0x00000000d5980000)
  from space 1024K, 80% used [0x00000000d5980000,0x00000000d5a4e900,0x00000000d5a80000)
  to   space 1024K, 0% used [0x00000000d5a80000,0x00000000d5a80000,0x00000000d5b80000)
 ParOldGen       total 112128K, used 89201K [0x0000000080000000, 0x0000000086d80000, 0x00000000d5580000)
  object space 112128K, 79% used [0x0000000080000000,0x000000008571c4d0,0x0000000086d80000)
 Metaspace       used 88839K, committed 90688K, reserved 1179648K
  class space    used 9175K, committed 10048K, reserved 1048576K
}
Event: 555.614 GC heap after
{Heap after GC invocations=864 (full 6):
 PSYoungGen      total 5120K, used 768K [0x00000000d5580000, 0x00000000d5b80000, 0x0000000100000000)
  eden space 4096K, 0% used [0x00000000d5580000,0x00000000d5580000,0x00000000d5980000)
  from space 1024K, 75% used [0x00000000d5a80000,0x00000000d5b40000,0x00000000d5b80000)
  to   space 1024K, 0% used [0x00000000d5980000,0x00000000d5980000,0x00000000d5a80000)
 ParOldGen       total 112128K, used 89837K [0x0000000080000000, 0x0000000086d80000, 0x00000000d5580000)
  object space 112128K, 80% used [0x0000000080000000,0x00000000857bb6e0,0x0000000086d80000)
 Metaspace       used 88839K, committed 90688K, reserved 1179648K
  class space    used 9175K, committed 10048K, reserved 1048576K
}
Event: 555.645 GC heap before
{Heap before GC invocations=865 (full 6):
 PSYoungGen      total 5120K, used 4864K [0x00000000d5580000, 0x00000000d5b80000, 0x0000000100000000)
  eden space 4096K, 100% used [0x00000000d5580000,0x00000000d5980000,0x00000000d5980000)
  from space 1024K, 75% used [0x00000000d5a80000,0x00000000d5b40000,0x00000000d5b80000)
  to   space 1024K, 0% used [0x00000000d5980000,0x00000000d5980000,0x00000000d5a80000)
 ParOldGen       total 112128K, used 89837K [0x0000000080000000, 0x0000000086d80000, 0x00000000d5580000)
  object space 112128K, 80% used [0x0000000080000000,0x00000000857bb6e0,0x0000000086d80000)
 Metaspace       used 88839K, committed 90688K, reserved 1179648K
  class space    used 9175K, committed 10048K, reserved 1048576K
}
Event: 555.646 GC heap after
{Heap after GC invocations=865 (full 6):
 PSYoungGen      total 5120K, used 762K [0x00000000d5580000, 0x00000000d5b80000, 0x0000000100000000)
  eden space 4096K, 0% used [0x00000000d5580000,0x00000000d5580000,0x00000000d5980000)
  from space 1024K, 74% used [0x00000000d5980000,0x00000000d5a3e900,0x00000000d5a80000)
  to   space 1024K, 0% used [0x00000000d5a80000,0x00000000d5a80000,0x00000000d5b80000)
 ParOldGen       total 112128K, used 90317K [0x0000000080000000, 0x0000000086d80000, 0x00000000d5580000)
  object space 112128K, 80% used [0x0000000080000000,0x00000000858336e0,0x0000000086d80000)
 Metaspace       used 88839K, committed 90688K, reserved 1179648K
  class space    used 9175K, committed 10048K, reserved 1048576K
}
Event: 556.027 GC heap before
{Heap before GC invocations=866 (full 6):
 PSYoungGen      total 5120K, used 4858K [0x00000000d5580000, 0x00000000d5b80000, 0x0000000100000000)
  eden space 4096K, 99% used [0x00000000d5580000,0x00000000d597ffc0,0x00000000d5980000)
  from space 1024K, 74% used [0x00000000d5980000,0x00000000d5a3e900,0x00000000d5a80000)
  to   space 1024K, 0% used [0x00000000d5a80000,0x00000000d5a80000,0x00000000d5b80000)
 ParOldGen       total 112128K, used 90317K [0x0000000080000000, 0x0000000086d80000, 0x00000000d5580000)
  object space 112128K, 80% used [0x0000000080000000,0x00000000858336e0,0x0000000086d80000)
 Metaspace       used 88841K, committed 90688K, reserved 1179648K
  class space    used 9175K, committed 10048K, reserved 1048576K
}
Event: 556.028 GC heap after
{Heap after GC invocations=866 (full 6):
 PSYoungGen      total 5120K, used 714K [0x00000000d5580000, 0x00000000d5b80000, 0x0000000100000000)
  eden space 4096K, 0% used [0x00000000d5580000,0x00000000d5580000,0x00000000d5980000)
  from space 1024K, 69% used [0x00000000d5a80000,0x00000000d5b32910,0x00000000d5b80000)
  to   space 1024K, 0% used [0x00000000d5980000,0x00000000d5980000,0x00000000d5a80000)
 ParOldGen       total 112128K, used 90722K [0x0000000080000000, 0x0000000086d80000, 0x00000000d5580000)
  object space 112128K, 80% used [0x0000000080000000,0x00000000858988f0,0x0000000086d80000)
 Metaspace       used 88841K, committed 90688K, reserved 1179648K
  class space    used 9175K, committed 10048K, reserved 1048576K
}
Event: 556.032 GC heap before
{Heap before GC invocations=867 (full 6):
 PSYoungGen      total 5120K, used 4810K [0x00000000d5580000, 0x00000000d5b80000, 0x0000000100000000)
  eden space 4096K, 100% used [0x00000000d5580000,0x00000000d5980000,0x00000000d5980000)
  from space 1024K, 69% used [0x00000000d5a80000,0x00000000d5b32910,0x00000000d5b80000)
  to   space 1024K, 0% used [0x00000000d5980000,0x00000000d5980000,0x00000000d5a80000)
 ParOldGen       total 112128K, used 90722K [0x0000000080000000, 0x0000000086d80000, 0x00000000d5580000)
  object space 112128K, 80% used [0x0000000080000000,0x00000000858988f0,0x0000000086d80000)
 Metaspace       used 88841K, committed 90688K, reserved 1179648K
  class space    used 9175K, committed 10048K, reserved 1048576K
}
Event: 556.034 GC heap after
{Heap after GC invocations=867 (full 6):
 PSYoungGen      total 5120K, used 832K [0x00000000d5580000, 0x00000000d5b80000, 0x0000000100000000)
  eden space 4096K, 0% used [0x00000000d5580000,0x00000000d5580000,0x00000000d5980000)
  from space 1024K, 81% used [0x00000000d5980000,0x00000000d5a50000,0x00000000d5a80000)
  to   space 1024K, 0% used [0x00000000d5a80000,0x00000000d5a80000,0x00000000d5b80000)
 ParOldGen       total 112128K, used 91270K [0x0000000080000000, 0x0000000086d80000, 0x00000000d5580000)
  object space 112128K, 81% used [0x0000000080000000,0x0000000085921b00,0x0000000086d80000)
 Metaspace       used 88841K, committed 90688K, reserved 1179648K
  class space    used 9175K, committed 10048K, reserved 1048576K
}
Event: 556.038 GC heap before
{Heap before GC invocations=868 (full 6):
 PSYoungGen      total 5120K, used 4928K [0x00000000d5580000, 0x00000000d5b80000, 0x0000000100000000)
  eden space 4096K, 100% used [0x00000000d5580000,0x00000000d5980000,0x00000000d5980000)
  from space 1024K, 81% used [0x00000000d5980000,0x00000000d5a50000,0x00000000d5a80000)
  to   space 1024K, 0% used [0x00000000d5a80000,0x00000000d5a80000,0x00000000d5b80000)
 ParOldGen       total 112128K, used 91270K [0x0000000080000000, 0x0000000086d80000, 0x00000000d5580000)
  object space 112128K, 81% used [0x0000000080000000,0x0000000085921b00,0x0000000086d80000)
 Metaspace       used 88841K, committed 90688K, reserved 1179648K
  class space    used 9175K, committed 10048K, reserved 1048576K
}
Event: 556.040 GC heap after
{Heap after GC invocations=868 (full 6):
 PSYoungGen      total 5120K, used 820K [0x00000000d5580000, 0x00000000d5b80000, 0x0000000100000000)
  eden space 4096K, 0% used [0x00000000d5580000,0x00000000d5580000,0x00000000d5980000)
  from space 1024K, 80% used [0x00000000d5a80000,0x00000000d5b4d200,0x00000000d5b80000)
  to   space 1024K, 0% used [0x00000000d5980000,0x00000000d5980000,0x00000000d5a80000)
 ParOldGen       total 112128K, used 91790K [0x0000000080000000, 0x0000000086d80000, 0x00000000d5580000)
  object space 112128K, 81% used [0x0000000080000000,0x00000000859a3b00,0x0000000086d80000)
 Metaspace       used 88841K, committed 90688K, reserved 1179648K
  class space    used 9175K, committed 10048K, reserved 1048576K
}
Event: 558.063 GC heap before
{Heap before GC invocations=869 (full 6):
 PSYoungGen      total 5120K, used 4916K [0x00000000d5580000, 0x00000000d5b80000, 0x0000000100000000)
  eden space 4096K, 100% used [0x00000000d5580000,0x00000000d5980000,0x00000000d5980000)
  from space 1024K, 80% used [0x00000000d5a80000,0x00000000d5b4d200,0x00000000d5b80000)
  to   space 1024K, 0% used [0x00000000d5980000,0x00000000d5980000,0x00000000d5a80000)
 ParOldGen       total 112128K, used 91790K [0x0000000080000000, 0x0000000086d80000, 0x00000000d5580000)
  object space 112128K, 81% used [0x0000000080000000,0x00000000859a3b00,0x0000000086d80000)
 Metaspace       used 88845K, committed 90688K, reserved 1179648K
  class space    used 9175K, committed 10048K, reserved 1048576K
}
Event: 558.064 GC heap after
{Heap after GC invocations=869 (full 6):
 PSYoungGen      total 5120K, used 544K [0x00000000d5580000, 0x00000000d5b80000, 0x0000000100000000)
  eden space 4096K, 0% used [0x00000000d5580000,0x00000000d5580000,0x00000000d5980000)
  from space 1024K, 53% used [0x00000000d5980000,0x00000000d5a08000,0x00000000d5a80000)
  to   space 1024K, 0% used [0x00000000d5a80000,0x00000000d5a80000,0x00000000d5b80000)
 ParOldGen       total 112128K, used 91966K [0x0000000080000000, 0x0000000086d80000, 0x00000000d5580000)
  object space 112128K, 82% used [0x0000000080000000,0x00000000859cfb00,0x0000000086d80000)
 Metaspace       used 88845K, committed 90688K, reserved 1179648K
  class space    used 9175K, committed 10048K, reserved 1048576K
}
Event: 558.314 GC heap before
{Heap before GC invocations=870 (full 6):
 PSYoungGen      total 5120K, used 4640K [0x00000000d5580000, 0x00000000d5b80000, 0x0000000100000000)
  eden space 4096K, 100% used [0x00000000d5580000,0x00000000d5980000,0x00000000d5980000)
  from space 1024K, 53% used [0x00000000d5980000,0x00000000d5a08000,0x00000000d5a80000)
  to   space 1024K, 0% used [0x00000000d5a80000,0x00000000d5a80000,0x00000000d5b80000)
 ParOldGen       total 112128K, used 91966K [0x0000000080000000, 0x0000000086d80000, 0x00000000d5580000)
  object space 112128K, 82% used [0x0000000080000000,0x00000000859cfb00,0x0000000086d80000)
 Metaspace       used 88852K, committed 90688K, reserved 1179648K
  class space    used 9175K, committed 10048K, reserved 1048576K
}
Event: 558.315 GC heap after
{Heap after GC invocations=870 (full 6):
 PSYoungGen      total 5120K, used 768K [0x00000000d5580000, 0x00000000d5b80000, 0x0000000100000000)
  eden space 4096K, 0% used [0x00000000d5580000,0x00000000d5580000,0x00000000d5980000)
  from space 1024K, 75% used [0x00000000d5a80000,0x00000000d5b40000,0x00000000d5b80000)
  to   space 1024K, 0% used [0x00000000d5980000,0x00000000d5980000,0x00000000d5a80000)
 ParOldGen       total 112128K, used 92187K [0x0000000080000000, 0x0000000086d80000, 0x00000000d5580000)
  object space 112128K, 82% used [0x0000000080000000,0x0000000085a06d10,0x0000000086d80000)
 Metaspace       used 88852K, committed 90688K, reserved 1179648K
  class space    used 9175K, committed 10048K, reserved 1048576K
}
Event: 558.526 GC heap before
{Heap before GC invocations=871 (full 6):
 PSYoungGen      total 5120K, used 4864K [0x00000000d5580000, 0x00000000d5b80000, 0x0000000100000000)
  eden space 4096K, 100% used [0x00000000d5580000,0x00000000d5980000,0x00000000d5980000)
  from space 1024K, 75% used [0x00000000d5a80000,0x00000000d5b40000,0x00000000d5b80000)
  to   space 1024K, 0% used [0x00000000d5980000,0x00000000d5980000,0x00000000d5a80000)
 ParOldGen       total 112128K, used 92187K [0x0000000080000000, 0x0000000086d80000, 0x00000000d5580000)
  object space 112128K, 82% used [0x0000000080000000,0x0000000085a06d10,0x0000000086d80000)
 Metaspace       used 88853K, committed 90688K, reserved 1179648K
  class space    used 9175K, committed 10048K, reserved 1048576K
}
Event: 558.527 GC heap after
{Heap after GC invocations=871 (full 6):
 PSYoungGen      total 5120K, used 746K [0x00000000d5580000, 0x00000000d5b80000, 0x0000000100000000)
  eden space 4096K, 0% used [0x00000000d5580000,0x00000000d5580000,0x00000000d5980000)
  from space 1024K, 72% used [0x00000000d5980000,0x00000000d5a3a910,0x00000000d5a80000)
  to   space 1024K, 0% used [0x00000000d5a80000,0x00000000d5a80000,0x00000000d5b80000)
 ParOldGen       total 112128K, used 92731K [0x0000000080000000, 0x0000000086d80000, 0x00000000d5580000)
  object space 112128K, 82% used [0x0000000080000000,0x0000000085a8ed10,0x0000000086d80000)
 Metaspace       used 88853K, committed 90688K, reserved 1179648K
  class space    used 9175K, committed 10048K, reserved 1048576K
}
Event: 558.530 GC heap before
{Heap before GC invocations=872 (full 6):
 PSYoungGen      total 5120K, used 4842K [0x00000000d5580000, 0x00000000d5b80000, 0x0000000100000000)
  eden space 4096K, 100% used [0x00000000d5580000,0x00000000d5980000,0x00000000d5980000)
  from space 1024K, 72% used [0x00000000d5980000,0x00000000d5a3a910,0x00000000d5a80000)
  to   space 1024K, 0% used [0x00000000d5a80000,0x00000000d5a80000,0x00000000d5b80000)
 ParOldGen       total 112128K, used 92731K [0x0000000080000000, 0x0000000086d80000, 0x00000000d5580000)
  object space 112128K, 82% used [0x0000000080000000,0x0000000085a8ed10,0x0000000086d80000)
 Metaspace       used 88854K, committed 90688K, reserved 1179648K
  class space    used 9175K, committed 10048K, reserved 1048576K
}
Event: 558.531 GC heap after
{Heap after GC invocations=872 (full 6):
 PSYoungGen      total 5120K, used 708K [0x00000000d5580000, 0x00000000d5b80000, 0x0000000100000000)
  eden space 4096K, 0% used [0x00000000d5580000,0x00000000d5580000,0x00000000d5980000)
  from space 1024K, 69% used [0x00000000d5a80000,0x00000000d5b31210,0x00000000d5b80000)
  to   space 1024K, 0% used [0x00000000d5980000,0x00000000d5980000,0x00000000d5a80000)
 ParOldGen       total 112128K, used 92843K [0x0000000080000000, 0x0000000086d80000, 0x00000000d5580000)
  object space 112128K, 82% used [0x0000000080000000,0x0000000085aaad10,0x0000000086d80000)
 Metaspace       used 88854K, committed 90688K, reserved 1179648K
  class space    used 9175K, committed 10048K, reserved 1048576K
}

Dll operation events (12 events):
Event: 0.004 Loaded shared library c:\Users\thoma\.vscode\extensions\redhat.java-1.52.0-win32-x64\jre\21.0.9-win32-x86_64\bin\java.dll
Event: 0.015 Loaded shared library c:\Users\thoma\.vscode\extensions\redhat.java-1.52.0-win32-x64\jre\21.0.9-win32-x86_64\bin\zip.dll
Event: 0.038 Loaded shared library C:\Users\thoma\.vscode\extensions\redhat.java-1.52.0-win32-x64\jre\21.0.9-win32-x86_64\bin\instrument.dll
Event: 0.040 Loaded shared library C:\Users\thoma\.vscode\extensions\redhat.java-1.52.0-win32-x64\jre\21.0.9-win32-x86_64\bin\net.dll
Event: 0.041 Loaded shared library C:\Users\thoma\.vscode\extensions\redhat.java-1.52.0-win32-x64\jre\21.0.9-win32-x86_64\bin\nio.dll
Event: 0.042 Loaded shared library C:\Users\thoma\.vscode\extensions\redhat.java-1.52.0-win32-x64\jre\21.0.9-win32-x86_64\bin\zip.dll
Event: 0.048 Loaded shared library C:\Users\thoma\.vscode\extensions\redhat.java-1.52.0-win32-x64\jre\21.0.9-win32-x86_64\bin\jimage.dll
Event: 0.074 Loaded shared library c:\Users\thoma\.vscode\extensions\redhat.java-1.52.0-win32-x64\jre\21.0.9-win32-x86_64\bin\verify.dll
Event: 0.488 Loaded shared library C:\Users\thoma\AppData\Roaming\Code\User\globalStorage\redhat.java\1.52.0\config_win\org.eclipse.equinox.launcher\org.eclipse.equinox.launcher.win32.win32.x86_64_1.2.1500.v20260121-1430\eclipse_11919.dll
Event: 0.966 Loaded shared library C:\Users\thoma\AppData\Local\Temp\jna-110336847\jna797622214943461653.dll
Event: 203.115 Loaded shared library C:\Users\thoma\.vscode\extensions\redhat.java-1.52.0-win32-x64\jre\21.0.9-win32-x86_64\bin\sunmscapi.dll
Event: 203.443 Loaded shared library C:\Users\thoma\.vscode\extensions\redhat.java-1.52.0-win32-x64\jre\21.0.9-win32-x86_64\bin\extnet.dll

Deoptimization events (20 events):
Event: 555.926 Thread 0x000001ef5fd3e390 DEOPT PACKING pc=0x000001ef0852c050 sp=0x000000ed503fe520
Event: 555.926 Thread 0x000001ef5fd3e390 DEOPT UNPACKING pc=0x000001ef07463aa2 sp=0x000000ed503fe4e0 mode 2
Event: 556.030 Thread 0x000001ef6077bcf0 Uncommon trap: trap_request=0xffffffde fr.pc=0x000001ef0811936c relative=0x0000000000000f4c
Event: 556.030 Thread 0x000001ef6077bcf0 Uncommon trap: reason=class_check action=maybe_recompile pc=0x000001ef0811936c method=org.eclipse.jdt.internal.core.SearchableEnvironment.find(Ljava/lang/String;Ljava/lang/String;[Lorg/eclipse/jdt/core/IPackageFragmentRoot;)Lorg/eclipse/jdt/internal/compi
Event: 556.030 Thread 0x000001ef6077bcf0 DEOPT PACKING pc=0x000001ef0811936c sp=0x000000ed469fd870
Event: 556.030 Thread 0x000001ef6077bcf0 DEOPT UNPACKING pc=0x000001ef07463aa2 sp=0x000000ed469fd828 mode 2
Event: 556.032 Thread 0x000001ef6077bcf0 Uncommon trap: trap_request=0xffffffde fr.pc=0x000001ef08863454 relative=0x0000000000002794
Event: 556.032 Thread 0x000001ef6077bcf0 Uncommon trap: reason=class_check action=maybe_recompile pc=0x000001ef08863454 method=org.eclipse.jdt.internal.compiler.lookup.CompilationUnitScope.faultInImports()V @ 847 c2
Event: 556.032 Thread 0x000001ef6077bcf0 DEOPT PACKING pc=0x000001ef08863454 sp=0x000000ed469fe920
Event: 556.032 Thread 0x000001ef6077bcf0 DEOPT UNPACKING pc=0x000001ef07463aa2 sp=0x000000ed469fe8d0 mode 2
Event: 556.037 Thread 0x000001ef6077bcf0 Uncommon trap: trap_request=0xffffffde fr.pc=0x000001ef0811936c relative=0x0000000000000f4c
Event: 556.037 Thread 0x000001ef6077bcf0 Uncommon trap: reason=class_check action=maybe_recompile pc=0x000001ef0811936c method=org.eclipse.jdt.internal.core.SearchableEnvironment.find(Ljava/lang/String;Ljava/lang/String;[Lorg/eclipse/jdt/core/IPackageFragmentRoot;)Lorg/eclipse/jdt/internal/compi
Event: 556.037 Thread 0x000001ef6077bcf0 DEOPT PACKING pc=0x000001ef0811936c sp=0x000000ed469fd870
Event: 556.037 Thread 0x000001ef6077bcf0 DEOPT UNPACKING pc=0x000001ef07463aa2 sp=0x000000ed469fd828 mode 2
Event: 556.040 Thread 0x000001ef6077bcf0 Uncommon trap: trap_request=0xffffffde fr.pc=0x000001ef08863454 relative=0x0000000000002794
Event: 556.040 Thread 0x000001ef6077bcf0 Uncommon trap: reason=class_check action=maybe_recompile pc=0x000001ef08863454 method=org.eclipse.jdt.internal.compiler.lookup.CompilationUnitScope.faultInImports()V @ 847 c2
Event: 556.040 Thread 0x000001ef6077bcf0 DEOPT PACKING pc=0x000001ef08863454 sp=0x000000ed469fe920
Event: 556.040 Thread 0x000001ef6077bcf0 DEOPT UNPACKING pc=0x000001ef07463aa2 sp=0x000000ed469fe8d0 mode 2
Event: 558.528 Thread 0x000001ef62076fb0 DEOPT PACKING pc=0x000001ef023086cb sp=0x000000ed465fe7e0
Event: 558.528 Thread 0x000001ef62076fb0 DEOPT UNPACKING pc=0x000001ef07464242 sp=0x000000ed465fdcf0 mode 0

Classes loaded (20 events):
Event: 219.742 Loading class java/util/stream/ReferencePipeline$15
Event: 219.742 Loading class java/util/stream/ReferencePipeline$15 done
Event: 219.743 Loading class java/util/stream/ReferencePipeline$15$1
Event: 219.743 Loading class java/util/stream/ReferencePipeline$15$1 done
Event: 301.238 Loading class java/util/stream/Nodes$CollectorTask$OfRef
Event: 301.238 Loading class java/util/stream/Nodes$CollectorTask
Event: 301.240 Loading class java/util/stream/Nodes$CollectorTask done
Event: 301.240 Loading class java/util/stream/Nodes$CollectorTask$OfRef done
Event: 301.241 Loading class java/util/function/LongFunction
Event: 301.241 Loading class java/util/function/LongFunction done
Event: 301.241 Loading class java/util/stream/Nodes$ConcNode
Event: 301.241 Loading class java/util/stream/Nodes$AbstractConcNode
Event: 301.241 Loading class java/util/stream/Nodes$AbstractConcNode done
Event: 301.241 Loading class java/util/stream/Nodes$ConcNode done
Event: 301.249 Loading class java/io/ObjectOutputStream$BlockDataOutputStream
Event: 301.249 Loading class java/io/ObjectOutputStream$BlockDataOutputStream done
Event: 301.249 Loading class java/io/ObjectOutputStream$HandleTable
Event: 301.249 Loading class java/io/ObjectOutputStream$HandleTable done
Event: 301.249 Loading class java/io/ObjectOutputStream$ReplaceTable
Event: 301.249 Loading class java/io/ObjectOutputStream$ReplaceTable done

Classes unloaded (11 events):
Event: 1.149 Thread 0x000001ef7c6bb220 Unloading class 0x000001ef141ae800 'java/lang/invoke/LambdaForm$MH+0x000001ef141ae800'
Event: 1.149 Thread 0x000001ef7c6bb220 Unloading class 0x000001ef141ae400 'java/lang/invoke/LambdaForm$MH+0x000001ef141ae400'
Event: 1.149 Thread 0x000001ef7c6bb220 Unloading class 0x000001ef141ae000 'java/lang/invoke/LambdaForm$MH+0x000001ef141ae000'
Event: 1.149 Thread 0x000001ef7c6bb220 Unloading class 0x000001ef141adc00 'java/lang/invoke/LambdaForm$MH+0x000001ef141adc00'
Event: 1.149 Thread 0x000001ef7c6bb220 Unloading class 0x000001ef141ad800 'java/lang/invoke/LambdaForm$BMH+0x000001ef141ad800'
Event: 1.149 Thread 0x000001ef7c6bb220 Unloading class 0x000001ef141ad400 'java/lang/invoke/LambdaForm$DMH+0x000001ef141ad400'
Event: 1.149 Thread 0x000001ef7c6bb220 Unloading class 0x000001ef141ac400 'java/lang/invoke/LambdaForm$DMH+0x000001ef141ac400'
Event: 257.632 Thread 0x000001ef7c6bb220 Unloading class 0x000001ef146cd400 'java/lang/invoke/LambdaForm$DMH+0x000001ef146cd400'
Event: 257.632 Thread 0x000001ef7c6bb220 Unloading class 0x000001ef146cd000 'java/lang/invoke/LambdaForm$DMH+0x000001ef146cd000'
Event: 257.632 Thread 0x000001ef7c6bb220 Unloading class 0x000001ef146ccc00 'java/lang/invoke/LambdaForm$DMH+0x000001ef146ccc00'
Event: 257.632 Thread 0x000001ef7c6bb220 Unloading class 0x000001ef146cc800 'java/lang/invoke/LambdaForm$DMH+0x000001ef146cc800'

Classes redefined (0 events):
No events

Internal exceptions (20 events):
Event: 424.538 Thread 0x000001ef5d997210 Exception <a 'sun/nio/fs/WindowsException'{0x00000000d55a1338}> (0x00000000d55a1338) 
thrown [s\src\hotspot\share\prims\jni.cpp, line 520]
Event: 424.612 Thread 0x000001ef5d997210 Exception <a 'sun/nio/fs/WindowsException'{0x00000000d5b119b0}> (0x00000000d5b119b0) 
thrown [s\src\hotspot\share\prims\jni.cpp, line 520]
Event: 435.350 Thread 0x000001ef5fd42530 Exception <a 'sun/nio/fs/WindowsException'{0x00000000d57f20e8}> (0x00000000d57f20e8) 
thrown [s\src\hotspot\share\prims\jni.cpp, line 520]
Event: 435.350 Thread 0x000001ef5fd42530 Exception <a 'sun/nio/fs/WindowsException'{0x00000000d57f27e8}> (0x00000000d57f27e8) 
thrown [s\src\hotspot\share\prims\jni.cpp, line 520]
Event: 435.705 Thread 0x000001ef620713d0 Exception <a 'sun/nio/fs/WindowsException'{0x00000000d5740350}> (0x00000000d5740350) 
thrown [s\src\hotspot\share\prims\jni.cpp, line 520]
Event: 435.705 Thread 0x000001ef620713d0 Exception <a 'sun/nio/fs/WindowsException'{0x00000000d5740a50}> (0x00000000d5740a50) 
thrown [s\src\hotspot\share\prims\jni.cpp, line 520]
Event: 436.051 Thread 0x000001ef5fd42530 Exception <a 'sun/nio/fs/WindowsException'{0x00000000d57c69c8}> (0x00000000d57c69c8) 
thrown [s\src\hotspot\share\prims\jni.cpp, line 520]
Event: 436.051 Thread 0x000001ef5fd42530 Exception <a 'sun/nio/fs/WindowsException'{0x00000000d57c70c8}> (0x00000000d57c70c8) 
thrown [s\src\hotspot\share\prims\jni.cpp, line 520]
Event: 456.226 Thread 0x000001ef5d997210 Exception <a 'sun/nio/fs/WindowsException'{0x00000000d586c1c0}> (0x00000000d586c1c0) 
thrown [s\src\hotspot\share\prims\jni.cpp, line 520]
Event: 456.303 Thread 0x000001ef5d997210 Exception <a 'sun/nio/fs/WindowsException'{0x00000000d56e9ad0}> (0x00000000d56e9ad0) 
thrown [s\src\hotspot\share\prims\jni.cpp, line 520]
Event: 458.649 Thread 0x000001ef6077f170 Implicit null exception at 0x000001ef08ac44e8 to 0x000001ef08ac48b8
Event: 470.959 Thread 0x000001ef5d997210 Exception <a 'sun/nio/fs/WindowsException'{0x00000000d56d0f78}> (0x00000000d56d0f78) 
thrown [s\src\hotspot\share\prims\jni.cpp, line 520]
Event: 471.053 Thread 0x000001ef5d997210 Exception <a 'sun/nio/fs/WindowsException'{0x00000000d55e0870}> (0x00000000d55e0870) 
thrown [s\src\hotspot\share\prims\jni.cpp, line 520]
Event: 522.172 Thread 0x000001ef616aac90 Exception <a 'java/lang/ArrayIndexOutOfBoundsException'{0x00000000d56ca9c0}> (0x00000000d56ca9c0) 
thrown [s\src\hotspot\share\runtime\sharedRuntime.cpp, line 625]
Event: 523.229 Thread 0x000001ef616aac90 Exception <a 'java/lang/ArrayIndexOutOfBoundsException'{0x00000000d5b27970}> (0x00000000d5b27970) 
thrown [s\src\hotspot\share\runtime\sharedRuntime.cpp, line 625]
Event: 524.570 Thread 0x000001ef616aac90 Exception <a 'java/lang/ArrayIndexOutOfBoundsException'{0x00000000d5b0aff8}> (0x00000000d5b0aff8) 
thrown [s\src\hotspot\share\runtime\sharedRuntime.cpp, line 625]
Event: 529.796 Thread 0x000001ef616aac90 Implicit null exception at 0x000001ef07ff3d4c to 0x000001ef07ff6a46
Event: 529.802 Thread 0x000001ef616aac90 Implicit null exception at 0x000001ef084b1e63 to 0x000001ef084b5c68
Event: 529.802 Thread 0x000001ef616aac90 Implicit null exception at 0x000001ef084b1e63 to 0x000001ef084b5c68
Event: 529.802 Thread 0x000001ef616aac90 Implicit null exception at 0x000001ef084b1e63 to 0x000001ef084b5c68

ZGC Phase Switch (0 events):
No events

VM Operations (20 events):
Event: 555.613 Executing VM operation: ParallelGCFailedAllocation (Allocation Failure)
Event: 555.614 Executing VM operation: ParallelGCFailedAllocation (Allocation Failure) done
Event: 555.645 Executing VM operation: ParallelGCFailedAllocation (Allocation Failure)
Event: 555.646 Executing VM operation: ParallelGCFailedAllocation (Allocation Failure) done
Event: 556.027 Executing VM operation: ParallelGCFailedAllocation (Allocation Failure)
Event: 556.028 Executing VM operation: ParallelGCFailedAllocation (Allocation Failure) done
Event: 556.032 Executing VM operation: ParallelGCFailedAllocation (Allocation Failure)
Event: 556.034 Executing VM operation: ParallelGCFailedAllocation (Allocation Failure) done
Event: 556.038 Executing VM operation: ParallelGCFailedAllocation (Allocation Failure)
Event: 556.040 Executing VM operation: ParallelGCFailedAllocation (Allocation Failure) done
Event: 557.040 Executing VM operation: Cleanup
Event: 557.040 Executing VM operation: Cleanup done
Event: 558.063 Executing VM operation: ParallelGCFailedAllocation (Allocation Failure)
Event: 558.064 Executing VM operation: ParallelGCFailedAllocation (Allocation Failure) done
Event: 558.314 Executing VM operation: ParallelGCFailedAllocation (Allocation Failure)
Event: 558.315 Executing VM operation: ParallelGCFailedAllocation (Allocation Failure) done
Event: 558.526 Executing VM operation: ParallelGCFailedAllocation (Allocation Failure)
Event: 558.527 Executing VM operation: ParallelGCFailedAllocation (Allocation Failure) done
Event: 558.530 Executing VM operation: ParallelGCFailedAllocation (Allocation Failure)
Event: 558.531 Executing VM operation: ParallelGCFailedAllocation (Allocation Failure) done

Memory protections (0 events):
No events

Nmethod flushes (20 events):
Event: 554.619 Thread 0x000001ef7c6bb220 flushing  nmethod 0x000001ef0215ae90
Event: 554.619 Thread 0x000001ef7c6bb220 flushing  nmethod 0x000001ef0216bf10
Event: 554.619 Thread 0x000001ef7c6bb220 flushing  nmethod 0x000001ef0220d810
Event: 554.619 Thread 0x000001ef7c6bb220 flushing  nmethod 0x000001ef02287310
Event: 554.619 Thread 0x000001ef7c6bb220 flushing  nmethod 0x000001ef022ce510
Event: 554.619 Thread 0x000001ef7c6bb220 flushing  nmethod 0x000001ef02416190
Event: 554.619 Thread 0x000001ef7c6bb220 flushing  nmethod 0x000001ef024d5790
Event: 554.619 Thread 0x000001ef7c6bb220 flushing  nmethod 0x000001ef02685a90
Event: 554.619 Thread 0x000001ef7c6bb220 flushing  nmethod 0x000001ef02686090
Event: 554.619 Thread 0x000001ef7c6bb220 flushing  nmethod 0x000001ef02687d90
Event: 554.619 Thread 0x000001ef7c6bb220 flushing  nmethod 0x000001ef026bff90
Event: 554.619 Thread 0x000001ef7c6bb220 flushing  nmethod 0x000001ef026c2590
Event: 554.619 Thread 0x000001ef7c6bb220 flushing  nmethod 0x000001ef026c5610
Event: 554.619 Thread 0x000001ef7c6bb220 flushing  nmethod 0x000001ef026f2910
Event: 554.619 Thread 0x000001ef7c6bb220 flushing  nmethod 0x000001ef02720090
Event: 554.619 Thread 0x000001ef7c6bb220 flushing  nmethod 0x000001ef0276e710
Event: 554.619 Thread 0x000001ef7c6bb220 flushing  nmethod 0x000001ef0277f810
Event: 554.619 Thread 0x000001ef7c6bb220 flushing  nmethod 0x000001ef0277fd90
Event: 554.619 Thread 0x000001ef7c6bb220 flushing  nmethod 0x000001ef02787e10
Event: 554.619 Thread 0x000001ef7c6bb220 flushing  nmethod 0x000001ef02796b10

Events (20 events):
Event: 507.084 Thread 0x000001ef5562b810 Thread added: 0x000001ef6bd68060
Event: 514.959 Thread 0x000001ef6bd68060 Thread exited: 0x000001ef6bd68060
Event: 518.942 Thread 0x000001ef5562b810 Thread added: 0x000001ef6bd68060
Event: 522.085 Thread 0x000001ef6bd68060 Thread exited: 0x000001ef6bd68060
Event: 525.325 Thread 0x000001ef616ada80 Thread exited: 0x000001ef616ada80
Event: 525.600 Thread 0x000001ef616aac90 Thread added: 0x000001ef616b0f00
Event: 525.600 Thread 0x000001ef616b0f00 Thread exited: 0x000001ef616b0f00
Event: 528.937 Thread 0x000001ef618a3db0 Thread exited: 0x000001ef618a3db0
Event: 529.803 Thread 0x000001ef5562b810 Thread added: 0x000001ef6bd68060
Event: 531.145 Thread 0x000001ef616aa600 Thread exited: 0x000001ef616aa600
Event: 534.821 Thread 0x000001ef6bd68060 Thread exited: 0x000001ef6bd68060
Event: 542.069 Thread 0x000001ef616ae7a0 Thread exited: 0x000001ef616ae7a0
Event: 542.069 Thread 0x000001ef616ae110 Thread exited: 0x000001ef616ae110
Event: 543.426 Thread 0x000001ef606dc780 Thread exited: 0x000001ef606dc780
Event: 547.182 Thread 0x000001ef616ab9b0 Thread exited: 0x000001ef616ab9b0
Event: 548.268 Thread 0x000001ef62076fb0 Thread added: 0x000001ef6077bcf0
Event: 555.255 Thread 0x000001ef5562b810 Thread added: 0x000001ef6bd68060
Event: 555.256 Thread 0x000001ef5562b810 Thread added: 0x000001ef6bd6cb50
Event: 555.438 Thread 0x000001ef6bd6cb50 Thread exited: 0x000001ef6bd6cb50
Event: 555.438 Thread 0x000001ef6bd68060 Thread exited: 0x000001ef6bd68060


Dynamic libraries:
0x00007ff6c3390000 - 0x00007ff6c339e000 	c:\Users\thoma\.vscode\extensions\redhat.java-1.52.0-win32-x64\jre\21.0.9-win32-x86_64\bin\java.exe
0x00007ffa522e0000 - 0x00007ffa52548000 	C:\WINDOWS\SYSTEM32\ntdll.dll
0x00007ffa50330000 - 0x00007ffa503f9000 	C:\WINDOWS\System32\KERNEL32.DLL
0x00007ffa4f930000 - 0x00007ffa4fd21000 	C:\WINDOWS\System32\KERNELBASE.dll
0x00007ffa4fd30000 - 0x00007ffa4fe7b000 	C:\WINDOWS\System32\ucrtbase.dll
0x00007ffa3a530000 - 0x00007ffa3a548000 	c:\Users\thoma\.vscode\extensions\redhat.java-1.52.0-win32-x64\jre\21.0.9-win32-x86_64\bin\jli.dll
0x00007ffa39e50000 - 0x00007ffa39e6e000 	c:\Users\thoma\.vscode\extensions\redhat.java-1.52.0-win32-x64\jre\21.0.9-win32-x86_64\bin\VCRUNTIME140.dll
0x00007ffa51e40000 - 0x00007ffa52006000 	C:\WINDOWS\System32\USER32.dll
0x00007ffa31ae0000 - 0x00007ffa31d73000 	C:\WINDOWS\WinSxS\amd64_microsoft.windows.common-controls_6595b64144ccf1df_6.0.26100.7824_none_3e0870b2e3345462\COMCTL32.dll
0x00007ffa4f900000 - 0x00007ffa4f927000 	C:\WINDOWS\System32\win32u.dll
0x00007ffa507b0000 - 0x00007ffa50859000 	C:\WINDOWS\System32\msvcrt.dll
0x00007ffa50400000 - 0x00007ffa5042b000 	C:\WINDOWS\System32\GDI32.dll
0x00007ffa4ef60000 - 0x00007ffa4f08b000 	C:\WINDOWS\System32\gdi32full.dll
0x00007ffa4eeb0000 - 0x00007ffa4ef53000 	C:\WINDOWS\System32\msvcp_win.dll
0x00007ffa50bf0000 - 0x00007ffa50c21000 	C:\WINDOWS\System32\IMM32.DLL
0x00007ffa495f0000 - 0x00007ffa495fc000 	c:\Users\thoma\.vscode\extensions\redhat.java-1.52.0-win32-x64\jre\21.0.9-win32-x86_64\bin\vcruntime140_1.dll
0x00007ff9fcb80000 - 0x00007ff9fcc0d000 	c:\Users\thoma\.vscode\extensions\redhat.java-1.52.0-win32-x64\jre\21.0.9-win32-x86_64\bin\msvcp140.dll
0x00007ff96acc0000 - 0x00007ff96ba60000 	c:\Users\thoma\.vscode\extensions\redhat.java-1.52.0-win32-x64\jre\21.0.9-win32-x86_64\bin\server\jvm.dll
0x00007ffa505c0000 - 0x00007ffa50674000 	C:\WINDOWS\System32\ADVAPI32.dll
0x00007ffa52010000 - 0x00007ffa520b6000 	C:\WINDOWS\System32\sechost.dll
0x00007ffa50090000 - 0x00007ffa501a8000 	C:\WINDOWS\System32\RPCRT4.dll
0x00007ffa51a70000 - 0x00007ffa51ae4000 	C:\WINDOWS\System32\WS2_32.dll
0x00007ffa4d7d0000 - 0x00007ffa4d82e000 	C:\WINDOWS\SYSTEM32\POWRPROF.dll
0x00007ffa44dc0000 - 0x00007ffa44dcb000 	C:\WINDOWS\SYSTEM32\VERSION.dll
0x00007ffa427b0000 - 0x00007ffa427e5000 	C:\WINDOWS\SYSTEM32\WINMM.dll
0x00007ffa4d7b0000 - 0x00007ffa4d7c4000 	C:\WINDOWS\SYSTEM32\UMPDC.dll
0x00007ffa4da80000 - 0x00007ffa4da9b000 	C:\WINDOWS\SYSTEM32\kernel.appcore.dll
0x00007ffa44e60000 - 0x00007ffa44e6a000 	c:\Users\thoma\.vscode\extensions\redhat.java-1.52.0-win32-x64\jre\21.0.9-win32-x86_64\bin\jimage.dll
0x00007ffa4cbe0000 - 0x00007ffa4ce22000 	C:\WINDOWS\SYSTEM32\DBGHELP.DLL
0x00007ffa50860000 - 0x00007ffa50be6000 	C:\WINDOWS\System32\combase.dll
0x00007ffa50da0000 - 0x00007ffa50e77000 	C:\WINDOWS\System32\OLEAUT32.dll
0x00007ffa2ea00000 - 0x00007ffa2ea3b000 	C:\WINDOWS\SYSTEM32\dbgcore.DLL
0x00007ffa4ebc0000 - 0x00007ffa4ec65000 	C:\WINDOWS\System32\bcryptPrimitives.dll
0x00007ffa495c0000 - 0x00007ffa495cf000 	c:\Users\thoma\.vscode\extensions\redhat.java-1.52.0-win32-x64\jre\21.0.9-win32-x86_64\bin\instrument.dll
0x00007ffa39bc0000 - 0x00007ffa39be0000 	c:\Users\thoma\.vscode\extensions\redhat.java-1.52.0-win32-x64\jre\21.0.9-win32-x86_64\bin\java.dll
0x00007ffa50e80000 - 0x00007ffa515d2000 	C:\WINDOWS\System32\SHELL32.dll
0x00007ffa4ff10000 - 0x00007ffa5007a000 	C:\WINDOWS\System32\wintypes.dll
0x00007ffa4f090000 - 0x00007ffa4f8f3000 	C:\WINDOWS\System32\windows.storage.dll
0x00007ffa50430000 - 0x00007ffa50526000 	C:\WINDOWS\System32\SHCORE.dll
0x00007ffa502c0000 - 0x00007ffa50327000 	C:\WINDOWS\System32\shlwapi.dll
0x00007ffa4eae0000 - 0x00007ffa4eb09000 	C:\WINDOWS\SYSTEM32\profapi.dll
0x00007ffa34c70000 - 0x00007ffa34c88000 	c:\Users\thoma\.vscode\extensions\redhat.java-1.52.0-win32-x64\jre\21.0.9-win32-x86_64\bin\zip.dll
0x00007ffa40e50000 - 0x00007ffa40e60000 	C:\Users\thoma\.vscode\extensions\redhat.java-1.52.0-win32-x64\jre\21.0.9-win32-x86_64\bin\net.dll
0x00007ffa45f40000 - 0x00007ffa46067000 	C:\WINDOWS\SYSTEM32\WINHTTP.dll
0x00007ffa4dff0000 - 0x00007ffa4e05b000 	C:\WINDOWS\system32\mswsock.dll
0x00007ffa34990000 - 0x00007ffa349a6000 	C:\Users\thoma\.vscode\extensions\redhat.java-1.52.0-win32-x64\jre\21.0.9-win32-x86_64\bin\nio.dll
0x00007ffa433e0000 - 0x00007ffa433f0000 	c:\Users\thoma\.vscode\extensions\redhat.java-1.52.0-win32-x64\jre\21.0.9-win32-x86_64\bin\verify.dll
0x00007ffa42270000 - 0x00007ffa422b5000 	C:\Users\thoma\AppData\Roaming\Code\User\globalStorage\redhat.java\1.52.0\config_win\org.eclipse.equinox.launcher\org.eclipse.equinox.launcher.win32.win32.x86_64_1.2.1500.v20260121-1430\eclipse_11919.dll
0x00007ffa51ca0000 - 0x00007ffa51e37000 	C:\WINDOWS\System32\ole32.dll
0x00007ffa4e2d0000 - 0x00007ffa4e2eb000 	C:\WINDOWS\SYSTEM32\CRYPTSP.dll
0x00007ffa4d9e0000 - 0x00007ffa4da19000 	C:\WINDOWS\system32\rsaenh.dll
0x00007ffa4e0a0000 - 0x00007ffa4e0cb000 	C:\WINDOWS\SYSTEM32\USERENV.dll
0x00007ffa4eab0000 - 0x00007ffa4eada000 	C:\WINDOWS\SYSTEM32\bcrypt.dll
0x00007ffa4e2c0000 - 0x00007ffa4e2cc000 	C:\WINDOWS\SYSTEM32\CRYPTBASE.dll
0x00007ffa4d410000 - 0x00007ffa4d444000 	C:\WINDOWS\SYSTEM32\IPHLPAPI.DLL
0x00007ffa50530000 - 0x00007ffa5053a000 	C:\WINDOWS\System32\NSI.dll
0x00007ffa41130000 - 0x00007ffa41179000 	C:\Users\thoma\AppData\Local\Temp\jna-110336847\jna797622214943461653.dll
0x00007ffa50680000 - 0x00007ffa50688000 	C:\WINDOWS\System32\PSAPI.DLL
0x00007ffa464f0000 - 0x00007ffa4650e000 	C:\WINDOWS\SYSTEM32\dhcpcsvc6.DLL
0x00007ffa46220000 - 0x00007ffa46243000 	C:\WINDOWS\SYSTEM32\dhcpcsvc.DLL
0x00007ffa4dba0000 - 0x00007ffa4dbd6000 	C:\WINDOWS\SYSTEM32\ntmarta.dll
0x00007ffa20700000 - 0x00007ffa2070e000 	C:\Users\thoma\.vscode\extensions\redhat.java-1.52.0-win32-x64\jre\21.0.9-win32-x86_64\bin\sunmscapi.dll
0x00007ffa4ed30000 - 0x00007ffa4eea7000 	C:\WINDOWS\System32\CRYPT32.dll
0x00007ffa4e4e0000 - 0x00007ffa4e510000 	C:\WINDOWS\SYSTEM32\ncrypt.dll
0x00007ffa4e490000 - 0x00007ffa4e4cf000 	C:\WINDOWS\SYSTEM32\NTASN1.dll
0x00007ffa4d4b0000 - 0x00007ffa4d5dc000 	C:\WINDOWS\SYSTEM32\DNSAPI.dll
0x00007ffa456d0000 - 0x00007ffa456db000 	C:\Windows\System32\rasadhlp.dll
0x00007ffa48360000 - 0x00007ffa483e6000 	C:\WINDOWS\System32\fwpuclnt.dll
0x00007ffa1fc00000 - 0x00007ffa1fc09000 	C:\Users\thoma\.vscode\extensions\redhat.java-1.52.0-win32-x64\jre\21.0.9-win32-x86_64\bin\extnet.dll

JVMTI agents:
c:\Users\thoma\.vscode\extensions\redhat.java-1.52.0-win32-x64\lombok\lombok-1.18.39-4050.jar path:c:\Users\thoma\.vscode\extensions\redhat.java-1.52.0-win32-x64\jre\21.0.9-win32-x86_64\bin\instrument.dll, loaded, initialized, instrumentlib options:none

dbghelp: loaded successfully - version: 4.0.5 - missing functions: none
symbol engine: initialized successfully - sym options: 0x614 - pdb path: .;c:\Users\thoma\.vscode\extensions\redhat.java-1.52.0-win32-x64\jre\21.0.9-win32-x86_64\bin;C:\WINDOWS\SYSTEM32;C:\WINDOWS\WinSxS\amd64_microsoft.windows.common-controls_6595b64144ccf1df_6.0.26100.7824_none_3e0870b2e3345462;c:\Users\thoma\.vscode\extensions\redhat.java-1.52.0-win32-x64\jre\21.0.9-win32-x86_64\bin\server;C:\Users\thoma\AppData\Roaming\Code\User\globalStorage\redhat.java\1.52.0\config_win\org.eclipse.equinox.launcher\org.eclipse.equinox.launcher.win32.win32.x86_64_1.2.1500.v20260121-1430;C:\Users\thoma\AppData\Local\Temp\jna-110336847

VM Arguments:
jvm_args: --add-modules=ALL-SYSTEM --add-opens=java.base/java.util=ALL-UNNAMED --add-opens=java.base/java.lang=ALL-UNNAMED --add-opens=java.base/sun.nio.fs=ALL-UNNAMED -Declipse.application=org.eclipse.jdt.ls.core.id1 -Dosgi.bundles.defaultStartLevel=4 -Declipse.product=org.eclipse.jdt.ls.core.product -Djava.import.generatesMetadataFilesAtProjectRoot=false -DDetectVMInstallationsJob.disabled=true -Dfile.encoding=utf8 -XX:+UseParallelGC -XX:GCTimeRatio=4 -XX:AdaptiveSizePolicyWeight=90 -Dsun.zip.disableMemoryMapping=true -Xmx2G -Xms100m -Xlog:disable -javaagent:c:\Users\thoma\.vscode\extensions\redhat.java-1.52.0-win32-x64\lombok\lombok-1.18.39-4050.jar -XX:+HeapDumpOnOutOfMemoryError -XX:HeapDumpPath=c:\Users\thoma\AppData\Roaming\Code\User\workspaceStorage\545c5f00d3e29165acb367e6c5dfbc4f\redhat.java -Daether.dependencyCollector.impl=bf 
java_command: c:\Users\thoma\.vscode\extensions\redhat.java-1.52.0-win32-x64\server\plugins\org.eclipse.equinox.launcher_1.7.100.v20251111-0406.jar -configuration c:\Users\thoma\AppData\Roaming\Code\User\globalStorage\redhat.java\1.52.0\config_win -data c:\Users\thoma\AppData\Roaming\Code\User\workspaceStorage\545c5f00d3e29165acb367e6c5dfbc4f\redhat.java\jdt_ws --pipe=\\.\pipe\lsp-277465664e376c61a05959cbe98452bc-sock
java_class_path (initial): c:\Users\thoma\.vscode\extensions\redhat.java-1.52.0-win32-x64\server\plugins\org.eclipse.equinox.launcher_1.7.100.v20251111-0406.jar
Launcher Type: SUN_STANDARD

[Global flags]
    uintx AdaptiveSizePolicyWeight                 = 90                                        {product} {command line}
     intx CICompilerCount                          = 15                                        {product} {ergonomic}
    uintx GCTimeRatio                              = 4                                         {product} {command line}
     bool HeapDumpOnOutOfMemoryError               = true                                   {manageable} {command line}
    ccstr HeapDumpPath                             = c:\Users\thoma\AppData\Roaming\Code\User\workspaceStorage\545c5f00d3e29165acb367e6c5dfbc4f\redhat.java         {manageable} {command line}
   size_t InitialHeapSize                          = 104857600                                 {product} {command line}
   size_t MaxHeapSize                              = 2147483648                                {product} {command line}
   size_t MaxNewSize                               = 715653120                                 {product} {ergonomic}
   size_t MinHeapDeltaBytes                        = 524288                                    {product} {ergonomic}
   size_t MinHeapSize                              = 104857600                                 {product} {command line}
   size_t NewSize                                  = 34603008                                  {product} {ergonomic}
    uintx NonNMethodCodeHeapSize                   = 8192380                                {pd product} {ergonomic}
    uintx NonProfiledCodeHeapSize                  = 121732930                              {pd product} {ergonomic}
   size_t OldSize                                  = 70254592                                  {product} {ergonomic}
    uintx ProfiledCodeHeapSize                     = 121732930                              {pd product} {ergonomic}
    uintx ReservedCodeCacheSize                    = 251658240                              {pd product} {ergonomic}
     bool SegmentedCodeCache                       = true                                      {product} {ergonomic}
   size_t SoftMaxHeapSize                          = 2147483648                             {manageable} {ergonomic}
     bool UseCompressedOops                        = true                           {product lp64_product} {ergonomic}
     bool UseLargePagesIndividualAllocation        = false                                  {pd product} {ergonomic}
     bool UseParallelGC                            = true                                      {product} {command line}

Logging:
Log output configuration:
 #0: stdout all=off uptime,level,tags foldmultilines=false
 #1: stderr all=off uptime,level,tags foldmultilines=false

Release file:
JAVA_VERSION="21.0.9" 
MODULES="java.base java.compiler java.datatransfer java.xml java.prefs java.desktop java.instrument java.logging java.management java.security.sasl java.naming java.rmi java.management.rmi java.net.http java.scripting java.security.jgss java.transaction.xa java.sql java.sql.rowset java.xml.crypto java.se java.smartcardio jdk.accessibility jdk.internal.jvmstat jdk.attach jdk.charsets jdk.internal.opt jdk.zipfs jdk.compiler jdk.crypto.ec jdk.crypto.cryptoki jdk.crypto.mscapi jdk.dynalink jdk.internal.ed jdk.editpad jdk.hotspot.agent jdk.httpserver jdk.internal.le jdk.internal.vm.ci jdk.internal.vm.compiler jdk.internal.vm.compiler.management jdk.jartool jdk.javadoc jdk.jcmd jdk.management jdk.management.agent jdk.jconsole jdk.jdeps jdk.jdwp.agent jdk.jdi jdk.jfr jdk.jshell jdk.jsobject jdk.jstatd jdk.localedata jdk.management.jfr jdk.naming.dns jdk.naming.rmi jdk.net jdk.nio.mapmode jdk.random jdk.sctp jdk.security.auth jdk.security.jgss jdk.unsupported jdk.unsupported.desktop jdk.xml.dom" 

Environment Variables:
JAVA_HOME=C:\Program Files\Eclipse Adoptium\jdk-21.0.8.9-hotspot\
PATH=C:\Program Files\Eclipse Adoptium\jdk-21.0.8.9-hotspot\bin;C:\Program Files\Eclipse Adoptium\jdk-17.0.15.6-hotspot\bin;C:\WINDOWS\system32;C:\WINDOWS;C:\WINDOWS\System32\Wbem;C:\WINDOWS\System32\WindowsPowerShell\v1.0\;C:\WINDOWS\System32\OpenSSH\;C:\Program Files\dotnet\;C:\ProgramData\chocolatey\bin;C:\Program Files\Git\cmd;C:\Program Files\PuTTY\;C:\Program Files\Docker\Docker\resources\bin;C:\Program Files\WinGet\Links;C:\Program Files\NVIDIA Corporation\NVIDIA App\NvDLISR;C:\Program Files (x86)\NVIDIA Corporation\PhysX\Common;C:\Users\thoma\AppData\Local\nvm;C:\nvm4w\nodejs;C:\Program Files\Eclipse Adoptium\jdk-21.0.8.9-hotspot\\bin;C:\Program Files\Eclipse Adoptium\jdk-21.0.8.9-hotspot\bin;C:\WINDOWS\system32;C:\WINDOWS;C:\WINDOWS\System32\Wbem;C:\WINDOWS\System32\WindowsPowerShell\v1.0\;C:\WINDOWS\System32\OpenSSH\;C:\Program Files\dotnet\;C:\Program Files\nodejs\;C:\ProgramData\chocolatey\bin;C:\Program Files\Git\cmd;C:\Program Files\PuTTY\;C:\Program Files\Docker\Docker\resources\bin;C:\Ruby33-x64\bin;C:\Users\thoma\AppData\Local\Programs\Python\Launcher\;D:\Projets\GestionStock-main\signature\Scripts\;C:\Users\thoma\AppData\Local\Programs\Python\Python312\Scripts\;C:\Users\thoma\AppData\Local\Programs\Python\Python312\;C:\Users\thoma\AppData\Local\Microsoft\WindowsApps;C:\Users\thoma\AppData\Local\Programs\Microsoft VS Code\bin;C:\Program Files\PostgreSQL\16\bin;C:\Program Files\Docker\Docker\resources\bin;C:\Program Files\apache-maven-3.9.10\bin;C:\Program Files\Eclipse Adoptium\jdk-17.0.15.6-hotspot\bin;C:\Users\thoma\AppData\Local\Microsoft\WinGet\Packages\Ngrok.Ngrok_Microsoft.Winget.Source_8wekyb3d8bbwe;C:\Users\thoma\AppData\Local\nvm;C:\nvm4w\nodejs;
USERNAME=thoma
OS=Windows_NT
PROCESSOR_IDENTIFIER=Intel64 Family 6 Model 183 Stepping 1, GenuineIntel
TMP=C:\Users\thoma\AppData\Local\Temp
TEMP=C:\Users\thoma\AppData\Local\Temp




Periodic native trim disabled

---------------  S Y S T E M  ---------------

OS:
 Windows 11 , 64 bit Build 26100 (10.0.26100.7705)
OS uptime: 5 days 12:46 hours
Hyper-V role detected

CPU: total 32 (initial active 32) (16 cores per cpu, 2 threads per core) family 6 model 183 stepping 1 microcode 0x120, cx8, cmov, fxsr, ht, mmx, 3dnowpref, sse, sse2, sse3, ssse3, sse4.1, sse4.2, popcnt, lzcnt, tsc, tscinvbit, avx, avx2, aes, erms, clmul, bmi1, bmi2, adx, sha, fma, vzeroupper, clflush, clflushopt, clwb, hv, serialize, rdtscp, rdpid, fsrm, f16c, cet_ibt, cet_ss
Processor Information for processor 0
  Max Mhz: 2200, Current Mhz: 1466, Mhz Limit: 2200
Processor Information for processor 1
  Max Mhz: 2200, Current Mhz: 2200, Mhz Limit: 2200
Processor Information for processor 2
  Max Mhz: 2200, Current Mhz: 2200, Mhz Limit: 2200
Processor Information for processor 3
  Max Mhz: 2200, Current Mhz: 2200, Mhz Limit: 2200
Processor Information for processor 4
  Max Mhz: 2200, Current Mhz: 2200, Mhz Limit: 2200
Processor Information for processor 5
  Max Mhz: 2200, Current Mhz: 1466, Mhz Limit: 2200
Processor Information for processor 6
  Max Mhz: 2200, Current Mhz: 1466, Mhz Limit: 2200
Processor Information for processor 7
  Max Mhz: 2200, Current Mhz: 2200, Mhz Limit: 2200
Processor Information for processor 8
  Max Mhz: 2200, Current Mhz: 1466, Mhz Limit: 2200
Processor Information for processor 9
  Max Mhz: 2200, Current Mhz: 2200, Mhz Limit: 2200
Processor Information for processor 10
  Max Mhz: 2200, Current Mhz: 2200, Mhz Limit: 2200
Processor Information for processor 11
  Max Mhz: 2200, Current Mhz: 2200, Mhz Limit: 2200
Processor Information for processor 12
  Max Mhz: 2200, Current Mhz: 2200, Mhz Limit: 2200
Processor Information for processor 13
  Max Mhz: 2200, Current Mhz: 2200, Mhz Limit: 2200
Processor Information for processor 14
  Max Mhz: 2200, Current Mhz: 2200, Mhz Limit: 2200
Processor Information for processor 15
  Max Mhz: 2200, Current Mhz: 1466, Mhz Limit: 2200
Processor Information for processor 16
  Max Mhz: 2200, Current Mhz: 1500, Mhz Limit: 1584
Processor Information for processor 17
  Max Mhz: 2200, Current Mhz: 1500, Mhz Limit: 1584
Processor Information for processor 18
  Max Mhz: 2200, Current Mhz: 1500, Mhz Limit: 1584
Processor Information for processor 19
  Max Mhz: 2200, Current Mhz: 1600, Mhz Limit: 1584
Processor Information for processor 20
  Max Mhz: 2200, Current Mhz: 1500, Mhz Limit: 1584
Processor Information for processor 21
  Max Mhz: 2200, Current Mhz: 1600, Mhz Limit: 1584
Processor Information for processor 22
  Max Mhz: 2200, Current Mhz: 1500, Mhz Limit: 1584
Processor Information for processor 23
  Max Mhz: 2200, Current Mhz: 1500, Mhz Limit: 1584
Processor Information for processor 24
  Max Mhz: 2200, Current Mhz: 1500, Mhz Limit: 1584
Processor Information for processor 25
  Max Mhz: 2200, Current Mhz: 1500, Mhz Limit: 1584
Processor Information for processor 26
  Max Mhz: 2200, Current Mhz: 1500, Mhz Limit: 1584
Processor Information for processor 27
  Max Mhz: 2200, Current Mhz: 1500, Mhz Limit: 1584
Processor Information for processor 28
  Max Mhz: 2200, Current Mhz: 1500, Mhz Limit: 1584
Processor Information for processor 29
  Max Mhz: 2200, Current Mhz: 1500, Mhz Limit: 1584
Processor Information for processor 30
  Max Mhz: 2200, Current Mhz: 1500, Mhz Limit: 1584
Processor Information for processor 31
  Max Mhz: 2200, Current Mhz: 1500, Mhz Limit: 1584

Memory: 4k page, system-wide physical 65270M (47091M free)
TotalPageFile size 69366M (AvailPageFile size 48858M)
current process WorkingSet (physical memory assigned to process): 496M, peak: 1045M
current process commit charge ("private bytes"): 570M, peak: 1137M

vm_info: OpenJDK 64-Bit Server VM (21.0.9+10-LTS) for windows-amd64 JRE (21.0.9+10-LTS), built on 2025-10-21T00:00:00Z by "admin" with unknown MS VC++:1942

END.
